<?xml version="1.0" encoding="UTF-8"?>
<testsuite xmlns:xsi="http://www.w3.org/2001/XMLSchema-instance" xsi:noNamespaceSchemaLocation="https://maven.apache.org/surefire/maven-surefire-plugin/xsd/surefire-test-report.xsd" version="3.0.2" name="com.leo.pillpathbackend.PillpathBackendApplicationTests" time="8.953" tests="1" errors="0" skipped="0" failures="0">
  <properties>
    <property name="java.specification.version" value="24"/>
    <property name="sun.cpu.isalist" value="amd64"/>
    <property name="sun.jnu.encoding" value="Cp1252"/>
    <property name="java.class.path" value="C:\Users\ASUS\OneDrive\Desktop\Ass\Grp_Projects\pillpath-backend\target\test-classes;C:\Users\ASUS\OneDrive\Desktop\Ass\Grp_Projects\pillpath-backend\target\classes;C:\Users\ASUS\.m2\repository\org\springframework\boot\spring-boot-starter-data-jpa\3.5.3\spring-boot-starter-data-jpa-3.5.3.jar;C:\Users\ASUS\.m2\repository\org\springframework\boot\spring-boot-starter\3.5.3\spring-boot-starter-3.5.3.jar;C:\Users\ASUS\.m2\repository\org\springframework\boot\spring-boot\3.5.3\spring-boot-3.5.3.jar;C:\Users\ASUS\.m2\repository\org\springframework\boot\spring-boot-autoconfigure\3.5.3\spring-boot-autoconfigure-3.5.3.jar;C:\Users\ASUS\.m2\repository\org\springframework\boot\spring-boot-starter-logging\3.5.3\spring-boot-starter-logging-3.5.3.jar;C:\Users\ASUS\.m2\repository\ch\qos\logback\logback-classic\1.5.18\logback-classic-1.5.18.jar;C:\Users\ASUS\.m2\repository\ch\qos\logback\logback-core\1.5.18\logback-core-1.5.18.jar;C:\Users\ASUS\.m2\repository\org\apache\logging\log4j\log4j-to-slf4j\2.24.3\log4j-to-slf4j-2.24.3.jar;C:\Users\ASUS\.m2\repository\org\apache\logging\log4j\log4j-api\2.24.3\log4j-api-2.24.3.jar;C:\Users\ASUS\.m2\repository\org\slf4j\jul-to-slf4j\2.0.17\jul-to-slf4j-2.0.17.jar;C:\Users\ASUS\.m2\repository\jakarta\annotation\jakarta.annotation-api\2.1.1\jakarta.annotation-api-2.1.1.jar;C:\Users\ASUS\.m2\repository\org\yaml\snakeyaml\2.4\snakeyaml-2.4.jar;C:\Users\ASUS\.m2\repository\org\springframework\boot\spring-boot-starter-jdbc\3.5.3\spring-boot-starter-jdbc-3.5.3.jar;C:\Users\ASUS\.m2\repository\com\zaxxer\HikariCP\6.3.0\HikariCP-6.3.0.jar;C:\Users\ASUS\.m2\repository\org\springframework\spring-jdbc\6.2.8\spring-jdbc-6.2.8.jar;C:\Users\ASUS\.m2\repository\org\hibernate\orm\hibernate-core\6.6.18.Final\hibernate-core-6.6.18.Final.jar;C:\Users\ASUS\.m2\repository\jakarta\persistence\jakarta.persistence-api\3.1.0\jakarta.persistence-api-3.1.0.jar;C:\Users\ASUS\.m2\repository\jakarta\transaction\jakarta.transaction-api\2.0.1\jakarta.transaction-api-2.0.1.jar;C:\Users\ASUS\.m2\repository\org\jboss\logging\jboss-logging\3.6.1.Final\jboss-logging-3.6.1.Final.jar;C:\Users\ASUS\.m2\repository\org\hibernate\common\hibernate-commons-annotations\7.0.3.Final\hibernate-commons-annotations-7.0.3.Final.jar;C:\Users\ASUS\.m2\repository\io\smallrye\jandex\3.2.0\jandex-3.2.0.jar;C:\Users\ASUS\.m2\repository\com\fasterxml\classmate\1.7.0\classmate-1.7.0.jar;C:\Users\ASUS\.m2\repository\net\bytebuddy\byte-buddy\1.17.6\byte-buddy-1.17.6.jar;C:\Users\ASUS\.m2\repository\org\glassfish\jaxb\jaxb-runtime\4.0.5\jaxb-runtime-4.0.5.jar;C:\Users\ASUS\.m2\repository\org\glassfish\jaxb\jaxb-core\4.0.5\jaxb-core-4.0.5.jar;C:\Users\ASUS\.m2\repository\org\eclipse\angus\angus-activation\2.0.2\angus-activation-2.0.2.jar;C:\Users\ASUS\.m2\repository\org\glassfish\jaxb\txw2\4.0.5\txw2-4.0.5.jar;C:\Users\ASUS\.m2\repository\com\sun\istack\istack-commons-runtime\4.1.2\istack-commons-runtime-4.1.2.jar;C:\Users\ASUS\.m2\repository\jakarta\inject\jakarta.inject-api\2.0.1\jakarta.inject-api-2.0.1.jar;C:\Users\ASUS\.m2\repository\org\antlr\antlr4-runtime\4.13.0\antlr4-runtime-4.13.0.jar;C:\Users\ASUS\.m2\repository\org\springframework\data\spring-data-jpa\3.5.1\spring-data-jpa-3.5.1.jar;C:\Users\ASUS\.m2\repository\org\springframework\data\spring-data-commons\3.5.1\spring-data-commons-3.5.1.jar;C:\Users\ASUS\.m2\repository\org\springframework\spring-orm\6.2.8\spring-orm-6.2.8.jar;C:\Users\ASUS\.m2\repository\org\springframework\spring-context\6.2.8\spring-context-6.2.8.jar;C:\Users\ASUS\.m2\repository\org\springframework\spring-aop\6.2.8\spring-aop-6.2.8.jar;C:\Users\ASUS\.m2\repository\org\springframework\spring-tx\6.2.8\spring-tx-6.2.8.jar;C:\Users\ASUS\.m2\repository\org\springframework\spring-beans\6.2.8\spring-beans-6.2.8.jar;C:\Users\ASUS\.m2\repository\org\slf4j\slf4j-api\2.0.17\slf4j-api-2.0.17.jar;C:\Users\ASUS\.m2\repository\org\springframework\spring-aspects\6.2.8\spring-aspects-6.2.8.jar;C:\Users\ASUS\.m2\repository\org\aspectj\aspectjweaver\1.9.24\aspectjweaver-1.9.24.jar;C:\Users\ASUS\.m2\repository\org\springframework\boot\spring-boot-starter-web\3.5.3\spring-boot-starter-web-3.5.3.jar;C:\Users\ASUS\.m2\repository\org\springframework\boot\spring-boot-starter-json\3.5.3\spring-boot-starter-json-3.5.3.jar;C:\Users\ASUS\.m2\repository\com\fasterxml\jackson\core\jackson-databind\2.19.1\jackson-databind-2.19.1.jar;C:\Users\ASUS\.m2\repository\com\fasterxml\jackson\core\jackson-annotations\2.19.1\jackson-annotations-2.19.1.jar;C:\Users\ASUS\.m2\repository\com\fasterxml\jackson\core\jackson-core\2.19.1\jackson-core-2.19.1.jar;C:\Users\ASUS\.m2\repository\com\fasterxml\jackson\datatype\jackson-datatype-jdk8\2.19.1\jackson-datatype-jdk8-2.19.1.jar;C:\Users\ASUS\.m2\repository\com\fasterxml\jackson\datatype\jackson-datatype-jsr310\2.19.1\jackson-datatype-jsr310-2.19.1.jar;C:\Users\ASUS\.m2\repository\com\fasterxml\jackson\module\jackson-module-parameter-names\2.19.1\jackson-module-parameter-names-2.19.1.jar;C:\Users\ASUS\.m2\repository\org\springframework\boot\spring-boot-starter-tomcat\3.5.3\spring-boot-starter-tomcat-3.5.3.jar;C:\Users\ASUS\.m2\repository\org\apache\tomcat\embed\tomcat-embed-core\10.1.42\tomcat-embed-core-10.1.42.jar;C:\Users\ASUS\.m2\repository\org\apache\tomcat\embed\tomcat-embed-el\10.1.42\tomcat-embed-el-10.1.42.jar;C:\Users\ASUS\.m2\repository\org\apache\tomcat\embed\tomcat-embed-websocket\10.1.42\tomcat-embed-websocket-10.1.42.jar;C:\Users\ASUS\.m2\repository\org\springframework\spring-web\6.2.8\spring-web-6.2.8.jar;C:\Users\ASUS\.m2\repository\io\micrometer\micrometer-observation\1.15.1\micrometer-observation-1.15.1.jar;C:\Users\ASUS\.m2\repository\io\micrometer\micrometer-commons\1.15.1\micrometer-commons-1.15.1.jar;C:\Users\ASUS\.m2\repository\org\springframework\spring-webmvc\6.2.8\spring-webmvc-6.2.8.jar;C:\Users\ASUS\.m2\repository\org\springframework\spring-expression\6.2.8\spring-expression-6.2.8.jar;C:\Users\ASUS\.m2\repository\org\postgresql\postgresql\42.7.7\postgresql-42.7.7.jar;C:\Users\ASUS\.m2\repository\org\checkerframework\checker-qual\3.49.3\checker-qual-3.49.3.jar;C:\Users\ASUS\.m2\repository\org\projectlombok\lombok\1.18.38\lombok-1.18.38.jar;C:\Users\ASUS\.m2\repository\org\modelmapper\modelmapper\3.1.1\modelmapper-3.1.1.jar;C:\Users\ASUS\.m2\repository\org\springframework\boot\spring-boot-starter-test\3.5.3\spring-boot-starter-test-3.5.3.jar;C:\Users\ASUS\.m2\repository\org\springframework\boot\spring-boot-test\3.5.3\spring-boot-test-3.5.3.jar;C:\Users\ASUS\.m2\repository\org\springframework\boot\spring-boot-test-autoconfigure\3.5.3\spring-boot-test-autoconfigure-3.5.3.jar;C:\Users\ASUS\.m2\repository\com\jayway\jsonpath\json-path\2.9.0\json-path-2.9.0.jar;C:\Users\ASUS\.m2\repository\jakarta\xml\bind\jakarta.xml.bind-api\4.0.2\jakarta.xml.bind-api-4.0.2.jar;C:\Users\ASUS\.m2\repository\jakarta\activation\jakarta.activation-api\2.1.3\jakarta.activation-api-2.1.3.jar;C:\Users\ASUS\.m2\repository\net\minidev\json-smart\2.5.2\json-smart-2.5.2.jar;C:\Users\ASUS\.m2\repository\net\minidev\accessors-smart\2.5.2\accessors-smart-2.5.2.jar;C:\Users\ASUS\.m2\repository\org\ow2\asm\asm\9.7.1\asm-9.7.1.jar;C:\Users\ASUS\.m2\repository\org\assertj\assertj-core\3.27.3\assertj-core-3.27.3.jar;C:\Users\ASUS\.m2\repository\org\awaitility\awaitility\4.2.2\awaitility-4.2.2.jar;C:\Users\ASUS\.m2\repository\org\hamcrest\hamcrest\3.0\hamcrest-3.0.jar;C:\Users\ASUS\.m2\repository\org\junit\jupiter\junit-jupiter\5.12.2\junit-jupiter-5.12.2.jar;C:\Users\ASUS\.m2\repository\org\junit\jupiter\junit-jupiter-api\5.12.2\junit-jupiter-api-5.12.2.jar;C:\Users\ASUS\.m2\repository\org\opentest4j\opentest4j\1.3.0\opentest4j-1.3.0.jar;C:\Users\ASUS\.m2\repository\org\junit\platform\junit-platform-commons\1.12.2\junit-platform-commons-1.12.2.jar;C:\Users\ASUS\.m2\repository\org\apiguardian\apiguardian-api\1.1.2\apiguardian-api-1.1.2.jar;C:\Users\ASUS\.m2\repository\org\junit\jupiter\junit-jupiter-params\5.12.2\junit-jupiter-params-5.12.2.jar;C:\Users\ASUS\.m2\repository\org\junit\jupiter\junit-jupiter-engine\5.12.2\junit-jupiter-engine-5.12.2.jar;C:\Users\ASUS\.m2\repository\org\junit\platform\junit-platform-engine\1.12.2\junit-platform-engine-1.12.2.jar;C:\Users\ASUS\.m2\repository\org\mockito\mockito-core\5.17.0\mockito-core-5.17.0.jar;C:\Users\ASUS\.m2\repository\net\bytebuddy\byte-buddy-agent\1.17.6\byte-buddy-agent-1.17.6.jar;C:\Users\ASUS\.m2\repository\org\objenesis\objenesis\3.3\objenesis-3.3.jar;C:\Users\ASUS\.m2\repository\org\mockito\mockito-junit-jupiter\5.17.0\mockito-junit-jupiter-5.17.0.jar;C:\Users\ASUS\.m2\repository\org\skyscreamer\jsonassert\1.5.3\jsonassert-1.5.3.jar;C:\Users\ASUS\.m2\repository\com\vaadin\external\google\android-json\0.0.20131108.vaadin1\android-json-0.0.20131108.vaadin1.jar;C:\Users\ASUS\.m2\repository\org\springframework\spring-core\6.2.8\spring-core-6.2.8.jar;C:\Users\ASUS\.m2\repository\org\springframework\spring-jcl\6.2.8\spring-jcl-6.2.8.jar;C:\Users\ASUS\.m2\repository\org\springframework\spring-test\6.2.8\spring-test-6.2.8.jar;C:\Users\ASUS\.m2\repository\org\xmlunit\xmlunit-core\2.10.2\xmlunit-core-2.10.2.jar;C:\Users\ASUS\.m2\repository\jakarta\validation\jakarta.validation-api\3.0.2\jakarta.validation-api-3.0.2.jar;"/>
    <property name="java.vm.vendor" value="Oracle Corporation"/>
    <property name="sun.arch.data.model" value="64"/>
    <property name="user.variant" value=""/>
    <property name="java.vendor.url" value="https://java.oracle.com/"/>
    <property name="user.timezone" value="Asia/Colombo"/>
    <property name="org.jboss.logging.provider" value="slf4j"/>
    <property name="os.name" value="Windows 11"/>
    <property name="java.vm.specification.version" value="24"/>
    <property name="APPLICATION_NAME" value="pillpath-backend"/>
    <property name="sun.java.launcher" value="SUN_STANDARD"/>
    <property name="user.country" value="US"/>
    <property name="sun.boot.library.path" value="C:\Program Files\Java\jdk-24\bin"/>
    <property name="sun.java.command" value="C:\Users\ASUS\AppData\Local\Temp\surefire8643187315167525138\surefirebooter-20250717145503303_3.jar C:\Users\ASUS\AppData\Local\Temp\surefire8643187315167525138 2025-07-17T14-54-47_066-jvmRun1 surefire-20250717145503303_1tmp surefire_0-20250717145503303_2tmp"/>
    <property name="jdk.debug" value="release"/>
    <property name="surefire.test.class.path" value="C:\Users\ASUS\OneDrive\Desktop\Ass\Grp_Projects\pillpath-backend\target\test-classes;C:\Users\ASUS\OneDrive\Desktop\Ass\Grp_Projects\pillpath-backend\target\classes;C:\Users\ASUS\.m2\repository\org\springframework\boot\spring-boot-starter-data-jpa\3.5.3\spring-boot-starter-data-jpa-3.5.3.jar;C:\Users\ASUS\.m2\repository\org\springframework\boot\spring-boot-starter\3.5.3\spring-boot-starter-3.5.3.jar;C:\Users\ASUS\.m2\repository\org\springframework\boot\spring-boot\3.5.3\spring-boot-3.5.3.jar;C:\Users\ASUS\.m2\repository\org\springframework\boot\spring-boot-autoconfigure\3.5.3\spring-boot-autoconfigure-3.5.3.jar;C:\Users\ASUS\.m2\repository\org\springframework\boot\spring-boot-starter-logging\3.5.3\spring-boot-starter-logging-3.5.3.jar;C:\Users\ASUS\.m2\repository\ch\qos\logback\logback-classic\1.5.18\logback-classic-1.5.18.jar;C:\Users\ASUS\.m2\repository\ch\qos\logback\logback-core\1.5.18\logback-core-1.5.18.jar;C:\Users\ASUS\.m2\repository\org\apache\logging\log4j\log4j-to-slf4j\2.24.3\log4j-to-slf4j-2.24.3.jar;C:\Users\ASUS\.m2\repository\org\apache\logging\log4j\log4j-api\2.24.3\log4j-api-2.24.3.jar;C:\Users\ASUS\.m2\repository\org\slf4j\jul-to-slf4j\2.0.17\jul-to-slf4j-2.0.17.jar;C:\Users\ASUS\.m2\repository\jakarta\annotation\jakarta.annotation-api\2.1.1\jakarta.annotation-api-2.1.1.jar;C:\Users\ASUS\.m2\repository\org\yaml\snakeyaml\2.4\snakeyaml-2.4.jar;C:\Users\ASUS\.m2\repository\org\springframework\boot\spring-boot-starter-jdbc\3.5.3\spring-boot-starter-jdbc-3.5.3.jar;C:\Users\ASUS\.m2\repository\com\zaxxer\HikariCP\6.3.0\HikariCP-6.3.0.jar;C:\Users\ASUS\.m2\repository\org\springframework\spring-jdbc\6.2.8\spring-jdbc-6.2.8.jar;C:\Users\ASUS\.m2\repository\org\hibernate\orm\hibernate-core\6.6.18.Final\hibernate-core-6.6.18.Final.jar;C:\Users\ASUS\.m2\repository\jakarta\persistence\jakarta.persistence-api\3.1.0\jakarta.persistence-api-3.1.0.jar;C:\Users\ASUS\.m2\repository\jakarta\transaction\jakarta.transaction-api\2.0.1\jakarta.transaction-api-2.0.1.jar;C:\Users\ASUS\.m2\repository\org\jboss\logging\jboss-logging\3.6.1.Final\jboss-logging-3.6.1.Final.jar;C:\Users\ASUS\.m2\repository\org\hibernate\common\hibernate-commons-annotations\7.0.3.Final\hibernate-commons-annotations-7.0.3.Final.jar;C:\Users\ASUS\.m2\repository\io\smallrye\jandex\3.2.0\jandex-3.2.0.jar;C:\Users\ASUS\.m2\repository\com\fasterxml\classmate\1.7.0\classmate-1.7.0.jar;C:\Users\ASUS\.m2\repository\net\bytebuddy\byte-buddy\1.17.6\byte-buddy-1.17.6.jar;C:\Users\ASUS\.m2\repository\org\glassfish\jaxb\jaxb-runtime\4.0.5\jaxb-runtime-4.0.5.jar;C:\Users\ASUS\.m2\repository\org\glassfish\jaxb\jaxb-core\4.0.5\jaxb-core-4.0.5.jar;C:\Users\ASUS\.m2\repository\org\eclipse\angus\angus-activation\2.0.2\angus-activation-2.0.2.jar;C:\Users\ASUS\.m2\repository\org\glassfish\jaxb\txw2\4.0.5\txw2-4.0.5.jar;C:\Users\ASUS\.m2\repository\com\sun\istack\istack-commons-runtime\4.1.2\istack-commons-runtime-4.1.2.jar;C:\Users\ASUS\.m2\repository\jakarta\inject\jakarta.inject-api\2.0.1\jakarta.inject-api-2.0.1.jar;C:\Users\ASUS\.m2\repository\org\antlr\antlr4-runtime\4.13.0\antlr4-runtime-4.13.0.jar;C:\Users\ASUS\.m2\repository\org\springframework\data\spring-data-jpa\3.5.1\spring-data-jpa-3.5.1.jar;C:\Users\ASUS\.m2\repository\org\springframework\data\spring-data-commons\3.5.1\spring-data-commons-3.5.1.jar;C:\Users\ASUS\.m2\repository\org\springframework\spring-orm\6.2.8\spring-orm-6.2.8.jar;C:\Users\ASUS\.m2\repository\org\springframework\spring-context\6.2.8\spring-context-6.2.8.jar;C:\Users\ASUS\.m2\repository\org\springframework\spring-aop\6.2.8\spring-aop-6.2.8.jar;C:\Users\ASUS\.m2\repository\org\springframework\spring-tx\6.2.8\spring-tx-6.2.8.jar;C:\Users\ASUS\.m2\repository\org\springframework\spring-beans\6.2.8\spring-beans-6.2.8.jar;C:\Users\ASUS\.m2\repository\org\slf4j\slf4j-api\2.0.17\slf4j-api-2.0.17.jar;C:\Users\ASUS\.m2\repository\org\springframework\spring-aspects\6.2.8\spring-aspects-6.2.8.jar;C:\Users\ASUS\.m2\repository\org\aspectj\aspectjweaver\1.9.24\aspectjweaver-1.9.24.jar;C:\Users\ASUS\.m2\repository\org\springframework\boot\spring-boot-starter-web\3.5.3\spring-boot-starter-web-3.5.3.jar;C:\Users\ASUS\.m2\repository\org\springframework\boot\spring-boot-starter-json\3.5.3\spring-boot-starter-json-3.5.3.jar;C:\Users\ASUS\.m2\repository\com\fasterxml\jackson\core\jackson-databind\2.19.1\jackson-databind-2.19.1.jar;C:\Users\ASUS\.m2\repository\com\fasterxml\jackson\core\jackson-annotations\2.19.1\jackson-annotations-2.19.1.jar;C:\Users\ASUS\.m2\repository\com\fasterxml\jackson\core\jackson-core\2.19.1\jackson-core-2.19.1.jar;C:\Users\ASUS\.m2\repository\com\fasterxml\jackson\datatype\jackson-datatype-jdk8\2.19.1\jackson-datatype-jdk8-2.19.1.jar;C:\Users\ASUS\.m2\repository\com\fasterxml\jackson\datatype\jackson-datatype-jsr310\2.19.1\jackson-datatype-jsr310-2.19.1.jar;C:\Users\ASUS\.m2\repository\com\fasterxml\jackson\module\jackson-module-parameter-names\2.19.1\jackson-module-parameter-names-2.19.1.jar;C:\Users\ASUS\.m2\repository\org\springframework\boot\spring-boot-starter-tomcat\3.5.3\spring-boot-starter-tomcat-3.5.3.jar;C:\Users\ASUS\.m2\repository\org\apache\tomcat\embed\tomcat-embed-core\10.1.42\tomcat-embed-core-10.1.42.jar;C:\Users\ASUS\.m2\repository\org\apache\tomcat\embed\tomcat-embed-el\10.1.42\tomcat-embed-el-10.1.42.jar;C:\Users\ASUS\.m2\repository\org\apache\tomcat\embed\tomcat-embed-websocket\10.1.42\tomcat-embed-websocket-10.1.42.jar;C:\Users\ASUS\.m2\repository\org\springframework\spring-web\6.2.8\spring-web-6.2.8.jar;C:\Users\ASUS\.m2\repository\io\micrometer\micrometer-observation\1.15.1\micrometer-observation-1.15.1.jar;C:\Users\ASUS\.m2\repository\io\micrometer\micrometer-commons\1.15.1\micrometer-commons-1.15.1.jar;C:\Users\ASUS\.m2\repository\org\springframework\spring-webmvc\6.2.8\spring-webmvc-6.2.8.jar;C:\Users\ASUS\.m2\repository\org\springframework\spring-expression\6.2.8\spring-expression-6.2.8.jar;C:\Users\ASUS\.m2\repository\org\postgresql\postgresql\42.7.7\postgresql-42.7.7.jar;C:\Users\ASUS\.m2\repository\org\checkerframework\checker-qual\3.49.3\checker-qual-3.49.3.jar;C:\Users\ASUS\.m2\repository\org\projectlombok\lombok\1.18.38\lombok-1.18.38.jar;C:\Users\ASUS\.m2\repository\org\modelmapper\modelmapper\3.1.1\modelmapper-3.1.1.jar;C:\Users\ASUS\.m2\repository\org\springframework\boot\spring-boot-starter-test\3.5.3\spring-boot-starter-test-3.5.3.jar;C:\Users\ASUS\.m2\repository\org\springframework\boot\spring-boot-test\3.5.3\spring-boot-test-3.5.3.jar;C:\Users\ASUS\.m2\repository\org\springframework\boot\spring-boot-test-autoconfigure\3.5.3\spring-boot-test-autoconfigure-3.5.3.jar;C:\Users\ASUS\.m2\repository\com\jayway\jsonpath\json-path\2.9.0\json-path-2.9.0.jar;C:\Users\ASUS\.m2\repository\jakarta\xml\bind\jakarta.xml.bind-api\4.0.2\jakarta.xml.bind-api-4.0.2.jar;C:\Users\ASUS\.m2\repository\jakarta\activation\jakarta.activation-api\2.1.3\jakarta.activation-api-2.1.3.jar;C:\Users\ASUS\.m2\repository\net\minidev\json-smart\2.5.2\json-smart-2.5.2.jar;C:\Users\ASUS\.m2\repository\net\minidev\accessors-smart\2.5.2\accessors-smart-2.5.2.jar;C:\Users\ASUS\.m2\repository\org\ow2\asm\asm\9.7.1\asm-9.7.1.jar;C:\Users\ASUS\.m2\repository\org\assertj\assertj-core\3.27.3\assertj-core-3.27.3.jar;C:\Users\ASUS\.m2\repository\org\awaitility\awaitility\4.2.2\awaitility-4.2.2.jar;C:\Users\ASUS\.m2\repository\org\hamcrest\hamcrest\3.0\hamcrest-3.0.jar;C:\Users\ASUS\.m2\repository\org\junit\jupiter\junit-jupiter\5.12.2\junit-jupiter-5.12.2.jar;C:\Users\ASUS\.m2\repository\org\junit\jupiter\junit-jupiter-api\5.12.2\junit-jupiter-api-5.12.2.jar;C:\Users\ASUS\.m2\repository\org\opentest4j\opentest4j\1.3.0\opentest4j-1.3.0.jar;C:\Users\ASUS\.m2\repository\org\junit\platform\junit-platform-commons\1.12.2\junit-platform-commons-1.12.2.jar;C:\Users\ASUS\.m2\repository\org\apiguardian\apiguardian-api\1.1.2\apiguardian-api-1.1.2.jar;C:\Users\ASUS\.m2\repository\org\junit\jupiter\junit-jupiter-params\5.12.2\junit-jupiter-params-5.12.2.jar;C:\Users\ASUS\.m2\repository\org\junit\jupiter\junit-jupiter-engine\5.12.2\junit-jupiter-engine-5.12.2.jar;C:\Users\ASUS\.m2\repository\org\junit\platform\junit-platform-engine\1.12.2\junit-platform-engine-1.12.2.jar;C:\Users\ASUS\.m2\repository\org\mockito\mockito-core\5.17.0\mockito-core-5.17.0.jar;C:\Users\ASUS\.m2\repository\net\bytebuddy\byte-buddy-agent\1.17.6\byte-buddy-agent-1.17.6.jar;C:\Users\ASUS\.m2\repository\org\objenesis\objenesis\3.3\objenesis-3.3.jar;C:\Users\ASUS\.m2\repository\org\mockito\mockito-junit-jupiter\5.17.0\mockito-junit-jupiter-5.17.0.jar;C:\Users\ASUS\.m2\repository\org\skyscreamer\jsonassert\1.5.3\jsonassert-1.5.3.jar;C:\Users\ASUS\.m2\repository\com\vaadin\external\google\android-json\0.0.20131108.vaadin1\android-json-0.0.20131108.vaadin1.jar;C:\Users\ASUS\.m2\repository\org\springframework\spring-core\6.2.8\spring-core-6.2.8.jar;C:\Users\ASUS\.m2\repository\org\springframework\spring-jcl\6.2.8\spring-jcl-6.2.8.jar;C:\Users\ASUS\.m2\repository\org\springframework\spring-test\6.2.8\spring-test-6.2.8.jar;C:\Users\ASUS\.m2\repository\org\xmlunit\xmlunit-core\2.10.2\xmlunit-core-2.10.2.jar;C:\Users\ASUS\.m2\repository\jakarta\validation\jakarta.validation-api\3.0.2\jakarta.validation-api-3.0.2.jar;"/>
    <property name="sun.cpu.endian" value="little"/>
    <property name="user.home" value="C:\Users\ASUS"/>
    <property name="user.language" value="en"/>
    <property name="java.specification.vendor" value="Oracle Corporation"/>
    <property name="java.version.date" value="2025-04-15"/>
    <property name="java.home" value="C:\Program Files\Java\jdk-24"/>
    <property name="file.separator" value="\"/>
    <property name="basedir" value="C:\Users\ASUS\OneDrive\Desktop\Ass\Grp_Projects\pillpath-backend"/>
    <property name="java.vm.compressedOopsMode" value="Zero based"/>
    <property name="line.separator" value="&#10;"/>
    <property name="java.vm.specification.vendor" value="Oracle Corporation"/>
    <property name="java.specification.name" value="Java Platform API Specification"/>
    <property name="FILE_LOG_CHARSET" value="UTF-8"/>
    <property name="java.awt.headless" value="true"/>
    <property name="surefire.real.class.path" value="C:\Users\ASUS\AppData\Local\Temp\surefire8643187315167525138\surefirebooter-20250717145503303_3.jar"/>
    <property name="user.script" value=""/>
    <property name="sun.management.compiler" value="HotSpot 64-Bit Tiered Compilers"/>
    <property name="java.runtime.version" value="24.0.1+9-30"/>
    <property name="user.name" value="ASUS"/>
    <property name="stdout.encoding" value="Cp1252"/>
    <property name="path.separator" value=";"/>
    <property name="os.version" value="10.0"/>
    <property name="java.runtime.name" value="Java(TM) SE Runtime Environment"/>
    <property name="file.encoding" value="UTF-8"/>
    <property name="java.vm.name" value="Java HotSpot(TM) 64-Bit Server VM"/>
    <property name="localRepository" value="C:\Users\ASUS\.m2\repository"/>
    <property name="java.vendor.url.bug" value="https://bugreport.java.com/bugreport/"/>
    <property name="java.io.tmpdir" value="C:\Users\ASUS\AppData\Local\Temp\"/>
    <property name="idea.version" value="2025.1.3"/>
    <property name="com.zaxxer.hikari.pool_number" value="1"/>
    <property name="java.version" value="24.0.1"/>
    <property name="user.dir" value="C:\Users\ASUS\OneDrive\Desktop\Ass\Grp_Projects\pillpath-backend"/>
    <property name="os.arch" value="amd64"/>
    <property name="java.vm.specification.name" value="Java Virtual Machine Specification"/>
    <property name="PID" value="32712"/>
    <property name="sun.os.patch.level" value=""/>
    <property name="CONSOLE_LOG_CHARSET" value="windows-1252"/>
    <property name="native.encoding" value="Cp1252"/>
    <property name="java.library.path" value="C:\Program Files\Java\jdk-24\bin;C:\WINDOWS\Sun\Java\bin;C:\WINDOWS\system32;C:\WINDOWS;C:\Program Files\Common Files\Oracle\Java\javapath;C:\Program Files\Java\jdk-18.0.2.1\bin;C:\Program Files\Common Files\Oracle\Java\javapath;C:\Program Files\Java\jdk-18.0.2.1\bin;C:\Program Files\Common Files\Oracle\Java\javapath;C:\Program Files\Java\jdk-18.0.2.1\bin;C:\WINDOWS\System32;C:\Program Files\Python313\Scripts;C:\Users\ASUS\AppData\Local\Programs\Microsoft VS Code\bin;C:\Users\ASUS\AppData\Local\GitHubDesktop\bin;D:\Downloads\cursor\resources\app\bin;C:\vcpkg;;C:\Program Files\Python313;C:\Program Files\Python313\Scripts;C:\Program Files\NVIDIA Corporation\NVIDIA App\NvDLISR;C:\Program Files\nodejs\;C:\ProgramData\chocolatey\bin;C:\Program Files\dotnet\;C:\Program Files\Python313\Scripts;C:\Users\ASUS\AppData\Local\Programs\Microsoft VS Code\bin;C:\Users\ASUS\AppData\Local\GitHubDesktop\bin;D:\Downloads\cursor\resources\app\bin;C:\vcpkg;;C:\Program Files\Python313;C:\Program Files\Python313\Scripts;C:\Program Files\NVIDIA Corporation\NVIDIA App\NvDLISR;C:\Program Files\nodejs\;C:\ProgramData\chocolatey\bin;C:\Program Files\dotnet\;C:\Program Files\Python313\Scripts;C:\Users\ASUS\AppData\Local\Programs\Microsoft VS Code\bin;C:\Users\ASUS\AppData\Local\GitHubDesktop\bin;D:\Downloads\cursor\resources\app\bin;C:\vcpkg;;C:\Program Files\Python313;C:\Program Files\Python313\Scripts;C:\Program Files\NVIDIA Corporation\NVIDIA App\NvDLISR;C:\Program Files\nodejs\;C:\ProgramData\chocolatey\bin;C:\Program Files\dotnet\;C:\Program Files\Python313\Scripts;C:\Users\ASUS\AppData\Local\Programs\Microsoft VS Code\bin;C:\Users\ASUS\AppData\Local\GitHubDesktop\bin;D:\Downloads\cursor\resources\app\bin;C:\vcpkg;C:\Users\ASUS\AppData\Roaming\npm;."/>
    <property name="java.vm.info" value="mixed mode, sharing"/>
    <property name="stderr.encoding" value="Cp1252"/>
    <property name="java.vendor" value="Oracle Corporation"/>
    <property name="java.vm.version" value="24.0.1+9-30"/>
    <property name="sun.io.unicode.encoding" value="UnicodeLittle"/>
    <property name="java.class.version" value="68.0"/>
    <property name="LOGGED_APPLICATION_NAME" value="[pillpath-backend] "/>
  </properties>
  <testcase name="contextLoads" classname="com.leo.pillpathbackend.PillpathBackendApplicationTests" time="0.716">
    <system-out><![CDATA[14:55:04.678 [main] INFO org.springframework.test.context.support.AnnotationConfigContextLoaderUtils -- Could not detect default configuration classes for test class [com.leo.pillpathbackend.PillpathBackendApplicationTests]: PillpathBackendApplicationTests does not declare any static, non-private, non-final, nested classes annotated with @Configuration.
14:55:04.902 [main] INFO org.springframework.boot.test.context.SpringBootTestContextBootstrapper -- Found @SpringBootConfiguration com.leo.pillpathbackend.PillpathBackendApplication for test class com.leo.pillpathbackend.PillpathBackendApplicationTests

  .   ____          _            __ _ _
 /\\ / ___'_ __ _ _(_)_ __  __ _ \ \ \ \
( ( )\___ | '_ | '_| | '_ \/ _` | \ \ \ \
 \\/  ___)| |_)| | | | | || (_| |  ) ) ) )
  '  |____| .__|_| |_|_| |_\__, | / / / /
 =========|_|==============|___/=/_/_/_/

 :: Spring Boot ::                (v3.5.3)

2025-07-17T14:55:05.693+05:30  INFO 32712 --- [pillpath-backend] [           main] c.l.p.PillpathBackendApplicationTests    : Starting PillpathBackendApplicationTests using Java 24.0.1 with PID 32712 (started by ASUS in C:\Users\ASUS\OneDrive\Desktop\Ass\Grp_Projects\pillpath-backend)
2025-07-17T14:55:05.695+05:30  INFO 32712 --- [pillpath-backend] [           main] c.l.p.PillpathBackendApplicationTests    : No active profile set, falling back to 1 default profile: "default"
2025-07-17T14:55:06.812+05:30  INFO 32712 --- [pillpath-backend] [           main] .s.d.r.c.RepositoryConfigurationDelegate : Bootstrapping Spring Data JPA repositories in DEFAULT mode.
2025-07-17T14:55:06.911+05:30  INFO 32712 --- [pillpath-backend] [           main] .s.d.r.c.RepositoryConfigurationDelegate : Finished Spring Data repository scanning in 85 ms. Found 2 JPA repository interfaces.
2025-07-17T14:55:07.624+05:30 DEBUG 32712 --- [pillpath-backend] [           main] o.hibernate.jpa.internal.util.LogHelper  : PersistenceUnitInfo [
	name: default
	persistence provider classname: null
	classloader: jdk.internal.loader.ClassLoaders$AppClassLoader@11a4022a
	excludeUnlistedClasses: true
	JTA datasource: null
	Non JTA datasource: HikariDataSource (null)
	Transaction type: RESOURCE_LOCAL
	PU root URL: file:/C:/Users/ASUS/OneDrive/Desktop/Ass/Grp_Projects/pillpath-backend/target/test-classes/
	Shared Cache Mode: UNSPECIFIED
	Validation Mode: AUTO
	Jar files URLs []
	Managed classes names [
		com.leo.pillpathbackend.entity.Review
		com.leo.pillpathbackend.entity.User]
	Mapping files names []
	Properties []
2025-07-17T14:55:07.636+05:30 DEBUG 32712 --- [pillpath-backend] [           main] o.h.i.internal.IntegratorServiceImpl     : Adding Integrator [org.hibernate.boot.beanvalidation.BeanValidationIntegrator].
2025-07-17T14:55:07.639+05:30 DEBUG 32712 --- [pillpath-backend] [           main] o.h.i.internal.IntegratorServiceImpl     : Adding Integrator [org.hibernate.cache.internal.CollectionCacheInvalidator].
2025-07-17T14:55:07.719+05:30  INFO 32712 --- [pillpath-backend] [           main] org.hibernate.Version                    : HHH000412: Hibernate ORM core version 6.6.18.Final
2025-07-17T14:55:07.722+05:30 DEBUG 32712 --- [pillpath-backend] [           main] org.hibernate.cfg.Environment            : HHH000206: 'hibernate.properties' not found
2025-07-17T14:55:07.759+05:30 DEBUG 32712 --- [pillpath-backend] [           main] org.hibernate.orm.idgen.factory          : Registering IdentifierGenerator strategy [uuid2] -> [org.hibernate.id.UUIDGenerator]
2025-07-17T14:55:07.760+05:30 DEBUG 32712 --- [pillpath-backend] [           main] org.hibernate.orm.idgen.factory          : Registering IdentifierGenerator strategy [guid] -> [org.hibernate.id.GUIDGenerator]
2025-07-17T14:55:07.761+05:30 DEBUG 32712 --- [pillpath-backend] [           main] org.hibernate.orm.idgen.factory          : Registering IdentifierGenerator strategy [uuid] -> [org.hibernate.id.UUIDHexGenerator]
2025-07-17T14:55:07.762+05:30 DEBUG 32712 --- [pillpath-backend] [           main] org.hibernate.orm.idgen.factory          : Registering IdentifierGenerator strategy [uuid.hex] -> [org.hibernate.id.UUIDHexGenerator]
2025-07-17T14:55:07.762+05:30 DEBUG 32712 --- [pillpath-backend] [           main] org.hibernate.orm.idgen.factory          : Registering IdentifierGenerator strategy [assigned] -> [org.hibernate.id.Assigned]
2025-07-17T14:55:07.764+05:30 DEBUG 32712 --- [pillpath-backend] [           main] org.hibernate.orm.idgen.factory          : Registering IdentifierGenerator strategy [identity] -> [org.hibernate.id.IdentityGenerator]
2025-07-17T14:55:07.764+05:30 DEBUG 32712 --- [pillpath-backend] [           main] org.hibernate.orm.idgen.factory          : Registering IdentifierGenerator strategy [select] -> [org.hibernate.id.SelectGenerator]
2025-07-17T14:55:07.766+05:30 DEBUG 32712 --- [pillpath-backend] [           main] org.hibernate.orm.idgen.factory          : Registering IdentifierGenerator strategy [sequence] -> [org.hibernate.id.enhanced.SequenceStyleGenerator]
2025-07-17T14:55:07.767+05:30 DEBUG 32712 --- [pillpath-backend] [           main] org.hibernate.orm.idgen.factory          : Registering IdentifierGenerator strategy [increment] -> [org.hibernate.id.IncrementGenerator]
2025-07-17T14:55:07.768+05:30 DEBUG 32712 --- [pillpath-backend] [           main] org.hibernate.orm.idgen.factory          : Registering IdentifierGenerator strategy [foreign] -> [org.hibernate.id.ForeignGenerator]
2025-07-17T14:55:07.769+05:30 DEBUG 32712 --- [pillpath-backend] [           main] org.hibernate.orm.idgen.factory          : Registering IdentifierGenerator strategy [enhanced-sequence] -> [org.hibernate.id.enhanced.SequenceStyleGenerator]
2025-07-17T14:55:07.770+05:30 DEBUG 32712 --- [pillpath-backend] [           main] org.hibernate.orm.idgen.factory          : Registering IdentifierGenerator strategy [enhanced-table] -> [org.hibernate.id.enhanced.TableGenerator]
2025-07-17T14:55:07.780+05:30 DEBUG 32712 --- [pillpath-backend] [           main] o.h.c.internal.RegionFactoryInitiator    : Cannot default RegionFactory based on registered strategies as `[]` RegionFactory strategies were registered
2025-07-17T14:55:07.781+05:30  INFO 32712 --- [pillpath-backend] [           main] o.h.c.internal.RegionFactoryInitiator    : HHH000026: Second-level cache disabled
2025-07-17T14:55:07.963+05:30 DEBUG 32712 --- [pillpath-backend] [           main] org.hibernate.type.BasicTypeRegistry     : Adding type registration boolean -> org.hibernate.type.BasicTypeReference@6da4feeb
2025-07-17T14:55:07.963+05:30 DEBUG 32712 --- [pillpath-backend] [           main] org.hibernate.type.BasicTypeRegistry     : Adding type registration boolean -> org.hibernate.type.BasicTypeReference@6da4feeb
2025-07-17T14:55:07.963+05:30 DEBUG 32712 --- [pillpath-backend] [           main] org.hibernate.type.BasicTypeRegistry     : Adding type registration java.lang.Boolean -> org.hibernate.type.BasicTypeReference@6da4feeb
2025-07-17T14:55:07.964+05:30 DEBUG 32712 --- [pillpath-backend] [           main] org.hibernate.type.BasicTypeRegistry     : Adding type registration numeric_boolean -> org.hibernate.type.BasicTypeReference@2c604965
2025-07-17T14:55:07.964+05:30 DEBUG 32712 --- [pillpath-backend] [           main] org.hibernate.type.BasicTypeRegistry     : Adding type registration org.hibernate.type.NumericBooleanConverter -> org.hibernate.type.BasicTypeReference@2c604965
2025-07-17T14:55:07.964+05:30 DEBUG 32712 --- [pillpath-backend] [           main] org.hibernate.type.BasicTypeRegistry     : Adding type registration true_false -> org.hibernate.type.BasicTypeReference@57f8951a
2025-07-17T14:55:07.964+05:30 DEBUG 32712 --- [pillpath-backend] [           main] org.hibernate.type.BasicTypeRegistry     : Adding type registration org.hibernate.type.TrueFalseConverter -> org.hibernate.type.BasicTypeReference@57f8951a
2025-07-17T14:55:07.965+05:30 DEBUG 32712 --- [pillpath-backend] [           main] org.hibernate.type.BasicTypeRegistry     : Adding type registration yes_no -> org.hibernate.type.BasicTypeReference@6c17c0f8
2025-07-17T14:55:07.965+05:30 DEBUG 32712 --- [pillpath-backend] [           main] org.hibernate.type.BasicTypeRegistry     : Adding type registration org.hibernate.type.YesNoConverter -> org.hibernate.type.BasicTypeReference@6c17c0f8
2025-07-17T14:55:07.965+05:30 DEBUG 32712 --- [pillpath-backend] [           main] org.hibernate.type.BasicTypeRegistry     : Adding type registration byte -> org.hibernate.type.BasicTypeReference@260e3837
2025-07-17T14:55:07.965+05:30 DEBUG 32712 --- [pillpath-backend] [           main] org.hibernate.type.BasicTypeRegistry     : Adding type registration byte -> org.hibernate.type.BasicTypeReference@260e3837
2025-07-17T14:55:07.965+05:30 DEBUG 32712 --- [pillpath-backend] [           main] org.hibernate.type.BasicTypeRegistry     : Adding type registration java.lang.Byte -> org.hibernate.type.BasicTypeReference@260e3837
2025-07-17T14:55:07.965+05:30 DEBUG 32712 --- [pillpath-backend] [           main] org.hibernate.type.BasicTypeRegistry     : Adding type registration binary -> org.hibernate.type.BasicTypeReference@88b76f2
2025-07-17T14:55:07.965+05:30 DEBUG 32712 --- [pillpath-backend] [           main] org.hibernate.type.BasicTypeRegistry     : Adding type registration byte[] -> org.hibernate.type.BasicTypeReference@88b76f2
2025-07-17T14:55:07.966+05:30 DEBUG 32712 --- [pillpath-backend] [           main] org.hibernate.type.BasicTypeRegistry     : Adding type registration [B -> org.hibernate.type.BasicTypeReference@88b76f2
2025-07-17T14:55:07.966+05:30 DEBUG 32712 --- [pillpath-backend] [           main] org.hibernate.type.BasicTypeRegistry     : Adding type registration binary_wrapper -> org.hibernate.type.BasicTypeReference@1b4872bc
2025-07-17T14:55:07.966+05:30 DEBUG 32712 --- [pillpath-backend] [           main] org.hibernate.type.BasicTypeRegistry     : Adding type registration wrapper-binary -> org.hibernate.type.BasicTypeReference@1b4872bc
2025-07-17T14:55:07.966+05:30 DEBUG 32712 --- [pillpath-backend] [           main] org.hibernate.type.BasicTypeRegistry     : Adding type registration image -> org.hibernate.type.BasicTypeReference@498a612d
2025-07-17T14:55:07.966+05:30 DEBUG 32712 --- [pillpath-backend] [           main] org.hibernate.type.BasicTypeRegistry     : Adding type registration blob -> org.hibernate.type.BasicTypeReference@1e1237ab
2025-07-17T14:55:07.967+05:30 DEBUG 32712 --- [pillpath-backend] [           main] org.hibernate.type.BasicTypeRegistry     : Adding type registration java.sql.Blob -> org.hibernate.type.BasicTypeReference@1e1237ab
2025-07-17T14:55:07.967+05:30 DEBUG 32712 --- [pillpath-backend] [           main] org.hibernate.type.BasicTypeRegistry     : Adding type registration materialized_blob -> org.hibernate.type.BasicTypeReference@4dfdfe7d
2025-07-17T14:55:07.967+05:30 DEBUG 32712 --- [pillpath-backend] [           main] org.hibernate.type.BasicTypeRegistry     : Adding type registration materialized_blob_wrapper -> org.hibernate.type.BasicTypeReference@1578b8ec
2025-07-17T14:55:07.968+05:30 DEBUG 32712 --- [pillpath-backend] [           main] org.hibernate.type.BasicTypeRegistry     : Adding type registration short -> org.hibernate.type.BasicTypeReference@f613067
2025-07-17T14:55:07.968+05:30 DEBUG 32712 --- [pillpath-backend] [           main] org.hibernate.type.BasicTypeRegistry     : Adding type registration short -> org.hibernate.type.BasicTypeReference@f613067
2025-07-17T14:55:07.968+05:30 DEBUG 32712 --- [pillpath-backend] [           main] org.hibernate.type.BasicTypeRegistry     : Adding type registration java.lang.Short -> org.hibernate.type.BasicTypeReference@f613067
2025-07-17T14:55:07.968+05:30 DEBUG 32712 --- [pillpath-backend] [           main] org.hibernate.type.BasicTypeRegistry     : Adding type registration integer -> org.hibernate.type.BasicTypeReference@c1e14f
2025-07-17T14:55:07.968+05:30 DEBUG 32712 --- [pillpath-backend] [           main] org.hibernate.type.BasicTypeRegistry     : Adding type registration int -> org.hibernate.type.BasicTypeReference@c1e14f
2025-07-17T14:55:07.970+05:30 DEBUG 32712 --- [pillpath-backend] [           main] org.hibernate.type.BasicTypeRegistry     : Adding type registration java.lang.Integer -> org.hibernate.type.BasicTypeReference@c1e14f
2025-07-17T14:55:07.970+05:30 DEBUG 32712 --- [pillpath-backend] [           main] org.hibernate.type.BasicTypeRegistry     : Adding type registration long -> org.hibernate.type.BasicTypeReference@226de93c
2025-07-17T14:55:07.970+05:30 DEBUG 32712 --- [pillpath-backend] [           main] org.hibernate.type.BasicTypeRegistry     : Adding type registration long -> org.hibernate.type.BasicTypeReference@226de93c
2025-07-17T14:55:07.970+05:30 DEBUG 32712 --- [pillpath-backend] [           main] org.hibernate.type.BasicTypeRegistry     : Adding type registration java.lang.Long -> org.hibernate.type.BasicTypeReference@226de93c
2025-07-17T14:55:07.971+05:30 DEBUG 32712 --- [pillpath-backend] [           main] org.hibernate.type.BasicTypeRegistry     : Adding type registration float -> org.hibernate.type.BasicTypeReference@72028a45
2025-07-17T14:55:07.971+05:30 DEBUG 32712 --- [pillpath-backend] [           main] org.hibernate.type.BasicTypeRegistry     : Adding type registration float -> org.hibernate.type.BasicTypeReference@72028a45
2025-07-17T14:55:07.971+05:30 DEBUG 32712 --- [pillpath-backend] [           main] org.hibernate.type.BasicTypeRegistry     : Adding type registration java.lang.Float -> org.hibernate.type.BasicTypeReference@72028a45
2025-07-17T14:55:07.971+05:30 DEBUG 32712 --- [pillpath-backend] [           main] org.hibernate.type.BasicTypeRegistry     : Adding type registration double -> org.hibernate.type.BasicTypeReference@74667e6a
2025-07-17T14:55:07.972+05:30 DEBUG 32712 --- [pillpath-backend] [           main] org.hibernate.type.BasicTypeRegistry     : Adding type registration double -> org.hibernate.type.BasicTypeReference@74667e6a
2025-07-17T14:55:07.972+05:30 DEBUG 32712 --- [pillpath-backend] [           main] org.hibernate.type.BasicTypeRegistry     : Adding type registration java.lang.Double -> org.hibernate.type.BasicTypeReference@74667e6a
2025-07-17T14:55:07.972+05:30 DEBUG 32712 --- [pillpath-backend] [           main] org.hibernate.type.BasicTypeRegistry     : Adding type registration big_integer -> org.hibernate.type.BasicTypeReference@7b222230
2025-07-17T14:55:07.972+05:30 DEBUG 32712 --- [pillpath-backend] [           main] org.hibernate.type.BasicTypeRegistry     : Adding type registration java.math.BigInteger -> org.hibernate.type.BasicTypeReference@7b222230
2025-07-17T14:55:07.973+05:30 DEBUG 32712 --- [pillpath-backend] [           main] org.hibernate.type.BasicTypeRegistry     : Adding type registration big_decimal -> org.hibernate.type.BasicTypeReference@364b1061
2025-07-17T14:55:07.973+05:30 DEBUG 32712 --- [pillpath-backend] [           main] org.hibernate.type.BasicTypeRegistry     : Adding type registration java.math.BigDecimal -> org.hibernate.type.BasicTypeReference@364b1061
2025-07-17T14:55:07.973+05:30 DEBUG 32712 --- [pillpath-backend] [           main] org.hibernate.type.BasicTypeRegistry     : Adding type registration character -> org.hibernate.type.BasicTypeReference@50fdf44f
2025-07-17T14:55:07.974+05:30 DEBUG 32712 --- [pillpath-backend] [           main] org.hibernate.type.BasicTypeRegistry     : Adding type registration char -> org.hibernate.type.BasicTypeReference@50fdf44f
2025-07-17T14:55:07.974+05:30 DEBUG 32712 --- [pillpath-backend] [           main] org.hibernate.type.BasicTypeRegistry     : Adding type registration java.lang.Character -> org.hibernate.type.BasicTypeReference@50fdf44f
2025-07-17T14:55:07.974+05:30 DEBUG 32712 --- [pillpath-backend] [           main] org.hibernate.type.BasicTypeRegistry     : Adding type registration character_nchar -> org.hibernate.type.BasicTypeReference@172f4514
2025-07-17T14:55:07.974+05:30 DEBUG 32712 --- [pillpath-backend] [           main] org.hibernate.type.BasicTypeRegistry     : Adding type registration string -> org.hibernate.type.BasicTypeReference@7df6d663
2025-07-17T14:55:07.974+05:30 DEBUG 32712 --- [pillpath-backend] [           main] org.hibernate.type.BasicTypeRegistry     : Adding type registration java.lang.String -> org.hibernate.type.BasicTypeReference@7df6d663
2025-07-17T14:55:07.974+05:30 DEBUG 32712 --- [pillpath-backend] [           main] org.hibernate.type.BasicTypeRegistry     : Adding type registration nstring -> org.hibernate.type.BasicTypeReference@13d019a4
2025-07-17T14:55:07.975+05:30 DEBUG 32712 --- [pillpath-backend] [           main] org.hibernate.type.BasicTypeRegistry     : Adding type registration characters -> org.hibernate.type.BasicTypeReference@2c30c81d
2025-07-17T14:55:07.975+05:30 DEBUG 32712 --- [pillpath-backend] [           main] org.hibernate.type.BasicTypeRegistry     : Adding type registration char[] -> org.hibernate.type.BasicTypeReference@2c30c81d
2025-07-17T14:55:07.975+05:30 DEBUG 32712 --- [pillpath-backend] [           main] org.hibernate.type.BasicTypeRegistry     : Adding type registration [C -> org.hibernate.type.BasicTypeReference@2c30c81d
2025-07-17T14:55:07.975+05:30 DEBUG 32712 --- [pillpath-backend] [           main] org.hibernate.type.BasicTypeRegistry     : Adding type registration wrapper-characters -> org.hibernate.type.BasicTypeReference@415a3f6a
2025-07-17T14:55:07.976+05:30 DEBUG 32712 --- [pillpath-backend] [           main] org.hibernate.type.BasicTypeRegistry     : Adding type registration text -> org.hibernate.type.BasicTypeReference@a54acec
2025-07-17T14:55:07.976+05:30 DEBUG 32712 --- [pillpath-backend] [           main] org.hibernate.type.BasicTypeRegistry     : Adding type registration ntext -> org.hibernate.type.BasicTypeReference@19da993b
2025-07-17T14:55:07.976+05:30 DEBUG 32712 --- [pillpath-backend] [           main] org.hibernate.type.BasicTypeRegistry     : Adding type registration clob -> org.hibernate.type.BasicTypeReference@3380ca3d
2025-07-17T14:55:07.977+05:30 DEBUG 32712 --- [pillpath-backend] [           main] org.hibernate.type.BasicTypeRegistry     : Adding type registration java.sql.Clob -> org.hibernate.type.BasicTypeReference@3380ca3d
2025-07-17T14:55:07.977+05:30 DEBUG 32712 --- [pillpath-backend] [           main] org.hibernate.type.BasicTypeRegistry     : Adding type registration nclob -> org.hibernate.type.BasicTypeReference@23310248
2025-07-17T14:55:07.977+05:30 DEBUG 32712 --- [pillpath-backend] [           main] org.hibernate.type.BasicTypeRegistry     : Adding type registration java.sql.NClob -> org.hibernate.type.BasicTypeReference@23310248
2025-07-17T14:55:07.978+05:30 DEBUG 32712 --- [pillpath-backend] [           main] org.hibernate.type.BasicTypeRegistry     : Adding type registration materialized_clob -> org.hibernate.type.BasicTypeReference@c2df90e
2025-07-17T14:55:07.978+05:30 DEBUG 32712 --- [pillpath-backend] [           main] org.hibernate.type.BasicTypeRegistry     : Adding type registration materialized_clob_char_array -> org.hibernate.type.BasicTypeReference@41f3aaf1
2025-07-17T14:55:07.978+05:30 DEBUG 32712 --- [pillpath-backend] [           main] org.hibernate.type.BasicTypeRegistry     : Adding type registration materialized_clob_character_array -> org.hibernate.type.BasicTypeReference@741741d0
2025-07-17T14:55:07.978+05:30 DEBUG 32712 --- [pillpath-backend] [           main] org.hibernate.type.BasicTypeRegistry     : Adding type registration materialized_nclob -> org.hibernate.type.BasicTypeReference@5f9f3e58
2025-07-17T14:55:07.979+05:30 DEBUG 32712 --- [pillpath-backend] [           main] org.hibernate.type.BasicTypeRegistry     : Adding type registration materialized_nclob_character_array -> org.hibernate.type.BasicTypeReference@3c19592c
2025-07-17T14:55:07.979+05:30 DEBUG 32712 --- [pillpath-backend] [           main] org.hibernate.type.BasicTypeRegistry     : Adding type registration materialized_nclob_char_array -> org.hibernate.type.BasicTypeReference@60e1d87c
2025-07-17T14:55:07.979+05:30 DEBUG 32712 --- [pillpath-backend] [           main] org.hibernate.type.BasicTypeRegistry     : Adding type registration Duration -> org.hibernate.type.BasicTypeReference@2eb60c71
2025-07-17T14:55:07.979+05:30 DEBUG 32712 --- [pillpath-backend] [           main] org.hibernate.type.BasicTypeRegistry     : Adding type registration java.time.Duration -> org.hibernate.type.BasicTypeReference@2eb60c71
2025-07-17T14:55:07.979+05:30 DEBUG 32712 --- [pillpath-backend] [           main] org.hibernate.type.BasicTypeRegistry     : Adding type registration LocalDateTime -> org.hibernate.type.BasicTypeReference@87d9a01
2025-07-17T14:55:07.979+05:30 DEBUG 32712 --- [pillpath-backend] [           main] org.hibernate.type.BasicTypeRegistry     : Adding type registration java.time.LocalDateTime -> org.hibernate.type.BasicTypeReference@87d9a01
2025-07-17T14:55:07.980+05:30 DEBUG 32712 --- [pillpath-backend] [           main] org.hibernate.type.BasicTypeRegistry     : Adding type registration LocalDate -> org.hibernate.type.BasicTypeReference@7e5b621b
2025-07-17T14:55:07.980+05:30 DEBUG 32712 --- [pillpath-backend] [           main] org.hibernate.type.BasicTypeRegistry     : Adding type registration java.time.LocalDate -> org.hibernate.type.BasicTypeReference@7e5b621b
2025-07-17T14:55:07.980+05:30 DEBUG 32712 --- [pillpath-backend] [           main] org.hibernate.type.BasicTypeRegistry     : Adding type registration LocalTime -> org.hibernate.type.BasicTypeReference@10177794
2025-07-17T14:55:07.980+05:30 DEBUG 32712 --- [pillpath-backend] [           main] org.hibernate.type.BasicTypeRegistry     : Adding type registration java.time.LocalTime -> org.hibernate.type.BasicTypeReference@10177794
2025-07-17T14:55:07.980+05:30 DEBUG 32712 --- [pillpath-backend] [           main] org.hibernate.type.BasicTypeRegistry     : Adding type registration OffsetDateTime -> org.hibernate.type.BasicTypeReference@e5c2463
2025-07-17T14:55:07.980+05:30 DEBUG 32712 --- [pillpath-backend] [           main] org.hibernate.type.BasicTypeRegistry     : Adding type registration java.time.OffsetDateTime -> org.hibernate.type.BasicTypeReference@e5c2463
2025-07-17T14:55:07.980+05:30 DEBUG 32712 --- [pillpath-backend] [           main] org.hibernate.type.BasicTypeRegistry     : Adding type registration OffsetDateTimeWithTimezone -> org.hibernate.type.BasicTypeReference@6a950a3b
2025-07-17T14:55:07.980+05:30 DEBUG 32712 --- [pillpath-backend] [           main] org.hibernate.type.BasicTypeRegistry     : Adding type registration OffsetDateTimeWithoutTimezone -> org.hibernate.type.BasicTypeReference@4f7be6c8
2025-07-17T14:55:07.981+05:30 DEBUG 32712 --- [pillpath-backend] [           main] org.hibernate.type.BasicTypeRegistry     : Adding type registration OffsetTime -> org.hibernate.type.BasicTypeReference@647b9364
2025-07-17T14:55:07.981+05:30 DEBUG 32712 --- [pillpath-backend] [           main] org.hibernate.type.BasicTypeRegistry     : Adding type registration java.time.OffsetTime -> org.hibernate.type.BasicTypeReference@647b9364
2025-07-17T14:55:07.981+05:30 DEBUG 32712 --- [pillpath-backend] [           main] org.hibernate.type.BasicTypeRegistry     : Adding type registration OffsetTimeUtc -> org.hibernate.type.BasicTypeReference@b6bccb4
2025-07-17T14:55:07.981+05:30 DEBUG 32712 --- [pillpath-backend] [           main] org.hibernate.type.BasicTypeRegistry     : Adding type registration OffsetTimeWithTimezone -> org.hibernate.type.BasicTypeReference@49edcb30
2025-07-17T14:55:07.981+05:30 DEBUG 32712 --- [pillpath-backend] [           main] org.hibernate.type.BasicTypeRegistry     : Adding type registration OffsetTimeWithoutTimezone -> org.hibernate.type.BasicTypeReference@59303963
2025-07-17T14:55:07.981+05:30 DEBUG 32712 --- [pillpath-backend] [           main] org.hibernate.type.BasicTypeRegistry     : Adding type registration ZonedDateTime -> org.hibernate.type.BasicTypeReference@61e86192
2025-07-17T14:55:07.981+05:30 DEBUG 32712 --- [pillpath-backend] [           main] org.hibernate.type.BasicTypeRegistry     : Adding type registration java.time.ZonedDateTime -> org.hibernate.type.BasicTypeReference@61e86192
2025-07-17T14:55:07.981+05:30 DEBUG 32712 --- [pillpath-backend] [           main] org.hibernate.type.BasicTypeRegistry     : Adding type registration ZonedDateTimeWithTimezone -> org.hibernate.type.BasicTypeReference@34330f77
2025-07-17T14:55:07.982+05:30 DEBUG 32712 --- [pillpath-backend] [           main] org.hibernate.type.BasicTypeRegistry     : Adding type registration ZonedDateTimeWithoutTimezone -> org.hibernate.type.BasicTypeReference@1320e68a
2025-07-17T14:55:07.982+05:30 DEBUG 32712 --- [pillpath-backend] [           main] org.hibernate.type.BasicTypeRegistry     : Adding type registration date -> org.hibernate.type.BasicTypeReference@4b033eac
2025-07-17T14:55:07.982+05:30 DEBUG 32712 --- [pillpath-backend] [           main] org.hibernate.type.BasicTypeRegistry     : Adding type registration java.sql.Date -> org.hibernate.type.BasicTypeReference@4b033eac
2025-07-17T14:55:07.982+05:30 DEBUG 32712 --- [pillpath-backend] [           main] org.hibernate.type.BasicTypeRegistry     : Adding type registration time -> org.hibernate.type.BasicTypeReference@69c532af
2025-07-17T14:55:07.982+05:30 DEBUG 32712 --- [pillpath-backend] [           main] org.hibernate.type.BasicTypeRegistry     : Adding type registration java.sql.Time -> org.hibernate.type.BasicTypeReference@69c532af
2025-07-17T14:55:07.982+05:30 DEBUG 32712 --- [pillpath-backend] [           main] org.hibernate.type.BasicTypeRegistry     : Adding type registration timestamp -> org.hibernate.type.BasicTypeReference@45a1d057
2025-07-17T14:55:07.983+05:30 DEBUG 32712 --- [pillpath-backend] [           main] org.hibernate.type.BasicTypeRegistry     : Adding type registration java.sql.Timestamp -> org.hibernate.type.BasicTypeReference@45a1d057
2025-07-17T14:55:07.983+05:30 DEBUG 32712 --- [pillpath-backend] [           main] org.hibernate.type.BasicTypeRegistry     : Adding type registration java.util.Date -> org.hibernate.type.BasicTypeReference@45a1d057
2025-07-17T14:55:07.983+05:30 DEBUG 32712 --- [pillpath-backend] [           main] org.hibernate.type.BasicTypeRegistry     : Adding type registration calendar -> org.hibernate.type.BasicTypeReference@51a16adf
2025-07-17T14:55:07.983+05:30 DEBUG 32712 --- [pillpath-backend] [           main] org.hibernate.type.BasicTypeRegistry     : Adding type registration java.util.Calendar -> org.hibernate.type.BasicTypeReference@51a16adf
2025-07-17T14:55:07.984+05:30 DEBUG 32712 --- [pillpath-backend] [           main] org.hibernate.type.BasicTypeRegistry     : Adding type registration java.util.GregorianCalendar -> org.hibernate.type.BasicTypeReference@51a16adf
2025-07-17T14:55:07.984+05:30 DEBUG 32712 --- [pillpath-backend] [           main] org.hibernate.type.BasicTypeRegistry     : Adding type registration calendar_date -> org.hibernate.type.BasicTypeReference@385d819
2025-07-17T14:55:07.984+05:30 DEBUG 32712 --- [pillpath-backend] [           main] org.hibernate.type.BasicTypeRegistry     : Adding type registration calendar_time -> org.hibernate.type.BasicTypeReference@4315c28c
2025-07-17T14:55:07.985+05:30 DEBUG 32712 --- [pillpath-backend] [           main] org.hibernate.type.BasicTypeRegistry     : Adding type registration instant -> org.hibernate.type.BasicTypeReference@8fd91d1
2025-07-17T14:55:07.985+05:30 DEBUG 32712 --- [pillpath-backend] [           main] org.hibernate.type.BasicTypeRegistry     : Adding type registration java.time.Instant -> org.hibernate.type.BasicTypeReference@8fd91d1
2025-07-17T14:55:07.985+05:30 DEBUG 32712 --- [pillpath-backend] [           main] org.hibernate.type.BasicTypeRegistry     : Adding type registration uuid -> org.hibernate.type.BasicTypeReference@52d0f583
2025-07-17T14:55:07.985+05:30 DEBUG 32712 --- [pillpath-backend] [           main] org.hibernate.type.BasicTypeRegistry     : Adding type registration java.util.UUID -> org.hibernate.type.BasicTypeReference@52d0f583
2025-07-17T14:55:07.985+05:30 DEBUG 32712 --- [pillpath-backend] [           main] org.hibernate.type.BasicTypeRegistry     : Adding type registration pg-uuid -> org.hibernate.type.BasicTypeReference@52d0f583
2025-07-17T14:55:07.987+05:30 DEBUG 32712 --- [pillpath-backend] [           main] org.hibernate.type.BasicTypeRegistry     : Adding type registration uuid-binary -> org.hibernate.type.BasicTypeReference@7fb8bad0
2025-07-17T14:55:07.987+05:30 DEBUG 32712 --- [pillpath-backend] [           main] org.hibernate.type.BasicTypeRegistry     : Adding type registration uuid-char -> org.hibernate.type.BasicTypeReference@12d40609
2025-07-17T14:55:07.988+05:30 DEBUG 32712 --- [pillpath-backend] [           main] org.hibernate.type.BasicTypeRegistry     : Adding type registration class -> org.hibernate.type.BasicTypeReference@76437e9b
2025-07-17T14:55:07.988+05:30 DEBUG 32712 --- [pillpath-backend] [           main] org.hibernate.type.BasicTypeRegistry     : Adding type registration java.lang.Class -> org.hibernate.type.BasicTypeReference@76437e9b
2025-07-17T14:55:07.988+05:30 DEBUG 32712 --- [pillpath-backend] [           main] org.hibernate.type.BasicTypeRegistry     : Adding type registration currency -> org.hibernate.type.BasicTypeReference@236ae13d
2025-07-17T14:55:07.988+05:30 DEBUG 32712 --- [pillpath-backend] [           main] org.hibernate.type.BasicTypeRegistry     : Adding type registration Currency -> org.hibernate.type.BasicTypeReference@236ae13d
2025-07-17T14:55:07.990+05:30 DEBUG 32712 --- [pillpath-backend] [           main] org.hibernate.type.BasicTypeRegistry     : Adding type registration java.util.Currency -> org.hibernate.type.BasicTypeReference@236ae13d
2025-07-17T14:55:07.990+05:30 DEBUG 32712 --- [pillpath-backend] [           main] org.hibernate.type.BasicTypeRegistry     : Adding type registration locale -> org.hibernate.type.BasicTypeReference@2be818da
2025-07-17T14:55:07.990+05:30 DEBUG 32712 --- [pillpath-backend] [           main] org.hibernate.type.BasicTypeRegistry     : Adding type registration java.util.Locale -> org.hibernate.type.BasicTypeReference@2be818da
2025-07-17T14:55:07.990+05:30 DEBUG 32712 --- [pillpath-backend] [           main] org.hibernate.type.BasicTypeRegistry     : Adding type registration serializable -> org.hibernate.type.BasicTypeReference@46320c9a
2025-07-17T14:55:07.990+05:30 DEBUG 32712 --- [pillpath-backend] [           main] org.hibernate.type.BasicTypeRegistry     : Adding type registration java.io.Serializable -> org.hibernate.type.BasicTypeReference@46320c9a
2025-07-17T14:55:07.991+05:30 DEBUG 32712 --- [pillpath-backend] [           main] org.hibernate.type.BasicTypeRegistry     : Adding type registration timezone -> org.hibernate.type.BasicTypeReference@32256e68
2025-07-17T14:55:07.991+05:30 DEBUG 32712 --- [pillpath-backend] [           main] org.hibernate.type.BasicTypeRegistry     : Adding type registration java.util.TimeZone -> org.hibernate.type.BasicTypeReference@32256e68
2025-07-17T14:55:07.991+05:30 DEBUG 32712 --- [pillpath-backend] [           main] org.hibernate.type.BasicTypeRegistry     : Adding type registration ZoneOffset -> org.hibernate.type.BasicTypeReference@5e7abaf7
2025-07-17T14:55:07.991+05:30 DEBUG 32712 --- [pillpath-backend] [           main] org.hibernate.type.BasicTypeRegistry     : Adding type registration java.time.ZoneOffset -> org.hibernate.type.BasicTypeReference@5e7abaf7
2025-07-17T14:55:07.991+05:30 DEBUG 32712 --- [pillpath-backend] [           main] org.hibernate.type.BasicTypeRegistry     : Adding type registration url -> org.hibernate.type.BasicTypeReference@353f472a
2025-07-17T14:55:07.992+05:30 DEBUG 32712 --- [pillpath-backend] [           main] org.hibernate.type.BasicTypeRegistry     : Adding type registration java.net.URL -> org.hibernate.type.BasicTypeReference@353f472a
2025-07-17T14:55:07.992+05:30 DEBUG 32712 --- [pillpath-backend] [           main] org.hibernate.type.BasicTypeRegistry     : Adding type registration vector -> org.hibernate.type.BasicTypeReference@63bfdbcb
2025-07-17T14:55:07.992+05:30 DEBUG 32712 --- [pillpath-backend] [           main] org.hibernate.type.BasicTypeRegistry     : Adding type registration float_vector -> org.hibernate.type.BasicTypeReference@7af0affa
2025-07-17T14:55:07.992+05:30 DEBUG 32712 --- [pillpath-backend] [           main] org.hibernate.type.BasicTypeRegistry     : Adding type registration double_vector -> org.hibernate.type.BasicTypeReference@71560f51
2025-07-17T14:55:07.992+05:30 DEBUG 32712 --- [pillpath-backend] [           main] org.hibernate.type.BasicTypeRegistry     : Adding type registration byte_vector -> org.hibernate.type.BasicTypeReference@3e1f1046
2025-07-17T14:55:07.992+05:30 DEBUG 32712 --- [pillpath-backend] [           main] org.hibernate.type.BasicTypeRegistry     : Adding type registration row_version -> org.hibernate.type.BasicTypeReference@23e3f5cd
2025-07-17T14:55:07.999+05:30 DEBUG 32712 --- [pillpath-backend] [           main] org.hibernate.type.BasicTypeRegistry     : Adding type registration object -> org.hibernate.type.JavaObjectType@617449dd
2025-07-17T14:55:08.000+05:30 DEBUG 32712 --- [pillpath-backend] [           main] org.hibernate.type.BasicTypeRegistry     : Adding type registration java.lang.Object -> org.hibernate.type.JavaObjectType@617449dd
2025-07-17T14:55:08.001+05:30 DEBUG 32712 --- [pillpath-backend] [           main] org.hibernate.type.BasicTypeRegistry     : Adding type registration null -> org.hibernate.type.NullType@b0f2d91
2025-07-17T14:55:08.002+05:30 DEBUG 32712 --- [pillpath-backend] [           main] org.hibernate.type.BasicTypeRegistry     : Adding type registration imm_date -> org.hibernate.type.BasicTypeReference@7243145f
2025-07-17T14:55:08.002+05:30 DEBUG 32712 --- [pillpath-backend] [           main] org.hibernate.type.BasicTypeRegistry     : Adding type registration imm_time -> org.hibernate.type.BasicTypeReference@15c6027d
2025-07-17T14:55:08.002+05:30 DEBUG 32712 --- [pillpath-backend] [           main] org.hibernate.type.BasicTypeRegistry     : Adding type registration imm_timestamp -> org.hibernate.type.BasicTypeReference@5927f904
2025-07-17T14:55:08.002+05:30 DEBUG 32712 --- [pillpath-backend] [           main] org.hibernate.type.BasicTypeRegistry     : Adding type registration imm_calendar -> org.hibernate.type.BasicTypeReference@2bb62414
2025-07-17T14:55:08.002+05:30 DEBUG 32712 --- [pillpath-backend] [           main] org.hibernate.type.BasicTypeRegistry     : Adding type registration imm_calendar_date -> org.hibernate.type.BasicTypeReference@413d2cd1
2025-07-17T14:55:08.002+05:30 DEBUG 32712 --- [pillpath-backend] [           main] org.hibernate.type.BasicTypeRegistry     : Adding type registration imm_calendar_time -> org.hibernate.type.BasicTypeReference@644d1b61
2025-07-17T14:55:08.002+05:30 DEBUG 32712 --- [pillpath-backend] [           main] org.hibernate.type.BasicTypeRegistry     : Adding type registration imm_binary -> org.hibernate.type.BasicTypeReference@2443135
2025-07-17T14:55:08.003+05:30 DEBUG 32712 --- [pillpath-backend] [           main] org.hibernate.type.BasicTypeRegistry     : Adding type registration imm_serializable -> org.hibernate.type.BasicTypeReference@184823ed
2025-07-17T14:55:08.011+05:30 DEBUG 32712 --- [pillpath-backend] [           main] o.h.boot.internal.BootstrapContextImpl   : Injecting JPA temp ClassLoader [org.springframework.instrument.classloading.SimpleThrowawayClassLoader@2f054f70] into BootstrapContext; was [null]
2025-07-17T14:55:08.011+05:30 DEBUG 32712 --- [pillpath-backend] [           main] o.h.boot.internal.ClassLoaderAccessImpl  : ClassLoaderAccessImpl#injectTempClassLoader(org.springframework.instrument.classloading.SimpleThrowawayClassLoader@2f054f70) [was null]
2025-07-17T14:55:08.012+05:30 DEBUG 32712 --- [pillpath-backend] [           main] o.h.boot.internal.BootstrapContextImpl   : Injecting ScanEnvironment [org.hibernate.jpa.boot.internal.StandardJpaScanEnvironmentImpl@6cbb175] into BootstrapContext; was [null]
2025-07-17T14:55:08.012+05:30 DEBUG 32712 --- [pillpath-backend] [           main] o.h.boot.internal.BootstrapContextImpl   : Injecting ScanOptions [org.hibernate.boot.archive.scan.internal.StandardScanOptions@38fb50f8] into BootstrapContext; was [org.hibernate.boot.archive.scan.internal.StandardScanOptions@7ab802f4]
2025-07-17T14:55:08.037+05:30 DEBUG 32712 --- [pillpath-backend] [           main] o.h.j.b.i.PersistenceUnitInfoDescriptor  : Pushing class transformers for PU named 'default' on loading classloader jdk.internal.loader.ClassLoaders$AppClassLoader@11a4022a
2025-07-17T14:55:08.407+05:30  INFO 32712 --- [pillpath-backend] [           main] o.s.o.j.p.SpringPersistenceUnitInfo      : No LoadTimeWeaver setup: ignoring JPA class transformer
2025-07-17T14:55:08.408+05:30 DEBUG 32712 --- [pillpath-backend] [           main] o.h.boot.internal.BootstrapContextImpl   : Injecting JPA temp ClassLoader [null] into BootstrapContext; was [org.springframework.instrument.classloading.SimpleThrowawayClassLoader@2f054f70]
2025-07-17T14:55:08.408+05:30 DEBUG 32712 --- [pillpath-backend] [           main] o.h.boot.internal.ClassLoaderAccessImpl  : ClassLoaderAccessImpl#injectTempClassLoader(null) [was org.springframework.instrument.classloading.SimpleThrowawayClassLoader@2f054f70]
2025-07-17T14:55:08.469+05:30  INFO 32712 --- [pillpath-backend] [           main] com.zaxxer.hikari.HikariDataSource       : HikariPool-1 - Starting...
2025-07-17T14:55:08.953+05:30  INFO 32712 --- [pillpath-backend] [           main] com.zaxxer.hikari.pool.HikariPool        : HikariPool-1 - Added connection org.postgresql.jdbc.PgConnection@2d74cbbd
2025-07-17T14:55:08.956+05:30  INFO 32712 --- [pillpath-backend] [           main] com.zaxxer.hikari.HikariDataSource       : HikariPool-1 - Start completed.
2025-07-17T14:55:08.969+05:30 DEBUG 32712 --- [pillpath-backend] [           main] o.h.e.j.e.i.JdbcEnvironmentInitiator     : Database ->
	   name : PostgreSQL
	version : 17.5
	  major : 17
	  minor : 5
2025-07-17T14:55:08.969+05:30 DEBUG 32712 --- [pillpath-backend] [           main] o.h.e.j.e.i.JdbcEnvironmentInitiator     : Driver ->
	   name : PostgreSQL JDBC Driver
	version : 42.7.7
	  major : 42
	  minor : 7
2025-07-17T14:55:08.970+05:30 DEBUG 32712 --- [pillpath-backend] [           main] o.h.e.j.e.i.JdbcEnvironmentInitiator     : JDBC version : 4.2
2025-07-17T14:55:09.013+05:30  WARN 32712 --- [pillpath-backend] [           main] org.hibernate.orm.deprecation            : HHH90000025: PostgreSQLDialect does not need to be specified explicitly using 'hibernate.dialect' (remove the property setting and it will be selected by default)
2025-07-17T14:55:09.015+05:30 DEBUG 32712 --- [pillpath-backend] [           main] org.hibernate.orm.dialect                : HHH035001: Using dialect: org.hibernate.dialect.PostgreSQLDialect, version: 17.5
2025-07-17T14:55:09.020+05:30 DEBUG 32712 --- [pillpath-backend] [           main] o.h.e.j.env.spi.IdentifierHelperBuilder  : JDBC driver metadata reported database stores quoted identifiers in neither upper, lower nor mixed case
2025-07-17T14:55:09.034+05:30 DEBUG 32712 --- [pillpath-backend] [           main] org.hibernate.orm.jdbc.lob               : HHH10010004: Disabling contextual LOB creation as Dialect reported it is not supported
2025-07-17T14:55:09.051+05:30  INFO 32712 --- [pillpath-backend] [           main] org.hibernate.orm.connections.pooling    : HHH10001005: Database info:
	Database JDBC URL [Connecting through datasource 'HikariDataSource (HikariPool-1)']
	Database driver: undefined/unknown
	Database version: 17.5
	Autocommit mode: undefined/unknown
	Isolation level: undefined/unknown
	Minimum pool size: undefined/unknown
	Maximum pool size: undefined/unknown
2025-07-17T14:55:09.067+05:30 DEBUG 32712 --- [pillpath-backend] [           main] o.h.t.d.sql.spi.DdlTypeRegistry          : addDescriptor(2003, org.hibernate.type.descriptor.sql.internal.ArrayDdlTypeImpl@ee2ae9a) replaced previous registration(org.hibernate.type.descriptor.sql.internal.ArrayDdlTypeImpl@58b97c15)
2025-07-17T14:55:09.067+05:30 DEBUG 32712 --- [pillpath-backend] [           main] o.h.t.d.sql.spi.DdlTypeRegistry          : addDescriptor(6, org.hibernate.type.descriptor.sql.internal.CapacityDependentDdlType@26994c6a) replaced previous registration(org.hibernate.type.descriptor.sql.internal.DdlTypeImpl@3cd46491)
2025-07-17T14:55:09.070+05:30 DEBUG 32712 --- [pillpath-backend] [           main] o.h.t.d.jdbc.spi.JdbcTypeRegistry        : addDescriptor(2004, BlobTypeDescriptor(BLOB_BINDING)) replaced previous registration(BlobTypeDescriptor(DEFAULT))
2025-07-17T14:55:09.071+05:30 DEBUG 32712 --- [pillpath-backend] [           main] o.h.t.d.jdbc.spi.JdbcTypeRegistry        : addDescriptor(2005, ClobTypeDescriptor(CLOB_BINDING)) replaced previous registration(ClobTypeDescriptor(DEFAULT))
2025-07-17T14:55:09.083+05:30 DEBUG 32712 --- [pillpath-backend] [           main] org.hibernate.type.BasicTypeRegistry     : Adding type registration JAVA_OBJECT -> org.hibernate.type.JavaObjectType@84f51d9
2025-07-17T14:55:09.083+05:30 DEBUG 32712 --- [pillpath-backend] [           main] org.hibernate.type.BasicTypeRegistry     : Adding type registration java.lang.Object -> org.hibernate.type.JavaObjectType@84f51d9
2025-07-17T14:55:09.083+05:30 DEBUG 32712 --- [pillpath-backend] [           main] org.hibernate.type.BasicTypeRegistry     : Type registration key [java.lang.Object] overrode previous entry : `org.hibernate.type.JavaObjectType@617449dd`
2025-07-17T14:55:09.089+05:30 DEBUG 32712 --- [pillpath-backend] [           main] org.hibernate.type.BasicTypeRegistry     : Adding type registration org.hibernate.type.DurationType -> basicType@1(java.time.Duration,3015)
2025-07-17T14:55:09.089+05:30 DEBUG 32712 --- [pillpath-backend] [           main] org.hibernate.type.BasicTypeRegistry     : Adding type registration Duration -> basicType@1(java.time.Duration,3015)
2025-07-17T14:55:09.089+05:30 DEBUG 32712 --- [pillpath-backend] [           main] org.hibernate.type.BasicTypeRegistry     : Adding type registration java.time.Duration -> basicType@1(java.time.Duration,3015)
2025-07-17T14:55:09.095+05:30 DEBUG 32712 --- [pillpath-backend] [           main] org.hibernate.type.BasicTypeRegistry     : Adding type registration org.hibernate.type.OffsetDateTimeType -> basicType@2(java.time.OffsetDateTime,3003)
2025-07-17T14:55:09.095+05:30 DEBUG 32712 --- [pillpath-backend] [           main] org.hibernate.type.BasicTypeRegistry     : Adding type registration OffsetDateTime -> basicType@2(java.time.OffsetDateTime,3003)
2025-07-17T14:55:09.095+05:30 DEBUG 32712 --- [pillpath-backend] [           main] org.hibernate.type.BasicTypeRegistry     : Adding type registration java.time.OffsetDateTime -> basicType@2(java.time.OffsetDateTime,3003)
2025-07-17T14:55:09.095+05:30 DEBUG 32712 --- [pillpath-backend] [           main] org.hibernate.type.BasicTypeRegistry     : Adding type registration org.hibernate.type.ZonedDateTimeType -> basicType@3(java.time.ZonedDateTime,3003)
2025-07-17T14:55:09.095+05:30 DEBUG 32712 --- [pillpath-backend] [           main] org.hibernate.type.BasicTypeRegistry     : Adding type registration ZonedDateTime -> basicType@3(java.time.ZonedDateTime,3003)
2025-07-17T14:55:09.096+05:30 DEBUG 32712 --- [pillpath-backend] [           main] org.hibernate.type.BasicTypeRegistry     : Adding type registration java.time.ZonedDateTime -> basicType@3(java.time.ZonedDateTime,3003)
2025-07-17T14:55:09.097+05:30 DEBUG 32712 --- [pillpath-backend] [           main] org.hibernate.type.BasicTypeRegistry     : Adding type registration org.hibernate.type.OffsetTimeType -> basicType@4(java.time.OffsetTime,3007)
2025-07-17T14:55:09.097+05:30 DEBUG 32712 --- [pillpath-backend] [           main] org.hibernate.type.BasicTypeRegistry     : Adding type registration OffsetTime -> basicType@4(java.time.OffsetTime,3007)
2025-07-17T14:55:09.097+05:30 DEBUG 32712 --- [pillpath-backend] [           main] org.hibernate.type.BasicTypeRegistry     : Adding type registration java.time.OffsetTime -> basicType@4(java.time.OffsetTime,3007)
2025-07-17T14:55:09.099+05:30 DEBUG 32712 --- [pillpath-backend] [           main] o.h.type.spi.TypeConfiguration$Scope     : Scoping TypeConfiguration [org.hibernate.type.spi.TypeConfiguration@1a4083f6] to MetadataBuildingContext [org.hibernate.boot.internal.MetadataBuildingContextRootImpl@23f5008a]
2025-07-17T14:55:09.144+05:30 DEBUG 32712 --- [pillpath-backend] [           main] o.h.boot.model.relational.Namespace      : Created database namespace [logicalName=Name{catalog=null, schema=null}, physicalName=Name{catalog=null, schema=null}]
2025-07-17T14:55:09.176+05:30 DEBUG 32712 --- [pillpath-backend] [           main] o.h.boot.model.internal.EntityBinder     : Binding entity from annotated class: com.leo.pillpathbackend.entity.Review
2025-07-17T14:55:09.185+05:30 DEBUG 32712 --- [pillpath-backend] [           main] o.h.boot.model.internal.EntityBinder     : Import with entity name Review
2025-07-17T14:55:09.194+05:30 DEBUG 32712 --- [pillpath-backend] [           main] o.h.boot.model.internal.EntityBinder     : Bind entity com.leo.pillpathbackend.entity.Review on table review
2025-07-17T14:55:09.210+05:30 DEBUG 32712 --- [pillpath-backend] [           main] o.h.boot.model.internal.AnnotatedColumn  : Binding column: AnnotatedDiscriminatorColumn(column='DTYPE')
2025-07-17T14:55:09.238+05:30 DEBUG 32712 --- [pillpath-backend] [           main] o.h.boot.model.internal.AnnotatedColumn  : Binding column: AnnotatedColumn()
2025-07-17T14:55:09.239+05:30 DEBUG 32712 --- [pillpath-backend] [           main] o.h.boot.internal.ClassLoaderAccessImpl  : Not known whether passed class name [com.leo.pillpathbackend.entity.Review] is safe
2025-07-17T14:55:09.239+05:30 DEBUG 32712 --- [pillpath-backend] [           main] o.h.boot.internal.ClassLoaderAccessImpl  : No temp ClassLoader provided; using live ClassLoader for loading potentially unsafe class : com.leo.pillpathbackend.entity.Review
2025-07-17T14:55:09.245+05:30 DEBUG 32712 --- [pillpath-backend] [           main] o.h.boot.model.internal.PropertyBinder   : MetadataSourceProcessor property id with lazy=false
2025-07-17T14:55:09.253+05:30 DEBUG 32712 --- [pillpath-backend] [           main] o.h.b.m.internal.AbstractPropertyHolder  : Attempting to locate auto-apply AttributeConverter for property [com.leo.pillpathbackend.entity.Review:id]
2025-07-17T14:55:09.260+05:30 DEBUG 32712 --- [pillpath-backend] [           main] o.h.b.model.internal.BasicValueBinder    : building BasicValue for id
2025-07-17T14:55:09.265+05:30 DEBUG 32712 --- [pillpath-backend] [           main] org.hibernate.mapping.BasicValue         : Skipping column re-registration: review.id
2025-07-17T14:55:09.267+05:30 DEBUG 32712 --- [pillpath-backend] [           main] o.h.boot.model.internal.PropertyBinder   : Building property id
2025-07-17T14:55:09.275+05:30 DEBUG 32712 --- [pillpath-backend] [           main] o.h.boot.model.internal.BinderHelper     : #makeIdGenerator(BasicValue([Column(id)]), id, org.hibernate.id.enhanced.SequenceStyleGenerator, , ...)
2025-07-17T14:55:09.277+05:30 DEBUG 32712 --- [pillpath-backend] [           main] o.h.boot.model.internal.AnnotatedColumn  : Binding column: AnnotatedColumn()
2025-07-17T14:55:09.279+05:30 DEBUG 32712 --- [pillpath-backend] [           main] o.h.boot.model.internal.PropertyBinder   : MetadataSourceProcessor property date with lazy=false
2025-07-17T14:55:09.279+05:30 DEBUG 32712 --- [pillpath-backend] [           main] o.h.b.m.internal.AbstractPropertyHolder  : Attempting to locate auto-apply AttributeConverter for property [com.leo.pillpathbackend.entity.Review:date]
2025-07-17T14:55:09.279+05:30 DEBUG 32712 --- [pillpath-backend] [           main] o.h.b.model.internal.BasicValueBinder    : building BasicValue for date
2025-07-17T14:55:09.279+05:30 DEBUG 32712 --- [pillpath-backend] [           main] org.hibernate.mapping.BasicValue         : Skipping column re-registration: review.date
2025-07-17T14:55:09.279+05:30 DEBUG 32712 --- [pillpath-backend] [           main] o.h.boot.model.internal.PropertyBinder   : Building property date
2025-07-17T14:55:09.280+05:30 DEBUG 32712 --- [pillpath-backend] [           main] o.h.boot.model.internal.AnnotatedColumn  : Binding column: AnnotatedColumn()
2025-07-17T14:55:09.280+05:30 DEBUG 32712 --- [pillpath-backend] [           main] o.h.boot.model.internal.PropertyBinder   : MetadataSourceProcessor property email with lazy=false
2025-07-17T14:55:09.280+05:30 DEBUG 32712 --- [pillpath-backend] [           main] o.h.b.m.internal.AbstractPropertyHolder  : Attempting to locate auto-apply AttributeConverter for property [com.leo.pillpathbackend.entity.Review:email]
2025-07-17T14:55:09.280+05:30 DEBUG 32712 --- [pillpath-backend] [           main] o.h.b.model.internal.BasicValueBinder    : building BasicValue for email
2025-07-17T14:55:09.281+05:30 DEBUG 32712 --- [pillpath-backend] [           main] org.hibernate.mapping.BasicValue         : Skipping column re-registration: review.email
2025-07-17T14:55:09.281+05:30 DEBUG 32712 --- [pillpath-backend] [           main] o.h.boot.model.internal.PropertyBinder   : Building property email
2025-07-17T14:55:09.281+05:30 DEBUG 32712 --- [pillpath-backend] [           main] o.h.boot.model.internal.AnnotatedColumn  : Binding column: AnnotatedColumn()
2025-07-17T14:55:09.281+05:30 DEBUG 32712 --- [pillpath-backend] [           main] o.h.boot.model.internal.PropertyBinder   : MetadataSourceProcessor property rating with lazy=false
2025-07-17T14:55:09.281+05:30 DEBUG 32712 --- [pillpath-backend] [           main] o.h.b.m.internal.AbstractPropertyHolder  : Attempting to locate auto-apply AttributeConverter for property [com.leo.pillpathbackend.entity.Review:rating]
2025-07-17T14:55:09.282+05:30 DEBUG 32712 --- [pillpath-backend] [           main] o.h.b.model.internal.BasicValueBinder    : building BasicValue for rating
2025-07-17T14:55:09.282+05:30 DEBUG 32712 --- [pillpath-backend] [           main] org.hibernate.mapping.BasicValue         : Skipping column re-registration: review.rating
2025-07-17T14:55:09.282+05:30 DEBUG 32712 --- [pillpath-backend] [           main] o.h.boot.model.internal.PropertyBinder   : Building property rating
2025-07-17T14:55:09.282+05:30 DEBUG 32712 --- [pillpath-backend] [           main] o.h.boot.model.internal.AnnotatedColumn  : Binding column: AnnotatedColumn()
2025-07-17T14:55:09.283+05:30 DEBUG 32712 --- [pillpath-backend] [           main] o.h.boot.model.internal.PropertyBinder   : MetadataSourceProcessor property reviewText with lazy=false
2025-07-17T14:55:09.283+05:30 DEBUG 32712 --- [pillpath-backend] [           main] o.h.b.m.internal.AbstractPropertyHolder  : Attempting to locate auto-apply AttributeConverter for property [com.leo.pillpathbackend.entity.Review:reviewText]
2025-07-17T14:55:09.283+05:30 DEBUG 32712 --- [pillpath-backend] [           main] o.h.b.model.internal.BasicValueBinder    : building BasicValue for reviewText
2025-07-17T14:55:09.283+05:30 DEBUG 32712 --- [pillpath-backend] [           main] org.hibernate.mapping.BasicValue         : Skipping column re-registration: review.review_text
2025-07-17T14:55:09.284+05:30 DEBUG 32712 --- [pillpath-backend] [           main] o.h.boot.model.internal.PropertyBinder   : Building property reviewText
2025-07-17T14:55:09.284+05:30 DEBUG 32712 --- [pillpath-backend] [           main] o.h.boot.model.internal.AnnotatedColumn  : Binding column: AnnotatedColumn()
2025-07-17T14:55:09.284+05:30 DEBUG 32712 --- [pillpath-backend] [           main] o.h.boot.model.internal.PropertyBinder   : MetadataSourceProcessor property status with lazy=false
2025-07-17T14:55:09.284+05:30 DEBUG 32712 --- [pillpath-backend] [           main] o.h.b.m.internal.AbstractPropertyHolder  : Attempting to locate auto-apply AttributeConverter for property [com.leo.pillpathbackend.entity.Review:status]
2025-07-17T14:55:09.285+05:30 DEBUG 32712 --- [pillpath-backend] [           main] o.h.b.model.internal.BasicValueBinder    : building BasicValue for status
2025-07-17T14:55:09.285+05:30 DEBUG 32712 --- [pillpath-backend] [           main] org.hibernate.mapping.BasicValue         : Skipping column re-registration: review.status
2025-07-17T14:55:09.285+05:30 DEBUG 32712 --- [pillpath-backend] [           main] o.h.boot.model.internal.PropertyBinder   : Building property status
2025-07-17T14:55:09.289+05:30 DEBUG 32712 --- [pillpath-backend] [           main] o.h.b.r.c.i.ClassLoaderServiceImpl       : HHH000194: Package not found or no package-info.java: com.leo.pillpathbackend.entity
2025-07-17T14:55:09.298+05:30 DEBUG 32712 --- [pillpath-backend] [           main] o.h.boot.model.internal.EntityBinder     : Binding entity from annotated class: com.leo.pillpathbackend.entity.User
2025-07-17T14:55:09.298+05:30 DEBUG 32712 --- [pillpath-backend] [           main] o.h.boot.model.internal.EntityBinder     : Import with entity name User
2025-07-17T14:55:09.299+05:30 DEBUG 32712 --- [pillpath-backend] [           main] o.h.boot.model.internal.EntityBinder     : Bind entity com.leo.pillpathbackend.entity.User on table users
2025-07-17T14:55:09.299+05:30 DEBUG 32712 --- [pillpath-backend] [           main] o.h.boot.model.internal.AnnotatedColumn  : Binding column: AnnotatedDiscriminatorColumn(column='user_type')
2025-07-17T14:55:09.299+05:30 DEBUG 32712 --- [pillpath-backend] [           main] org.hibernate.mapping.BasicValue         : Skipping column re-registration: users.user_type
2025-07-17T14:55:09.331+05:30 DEBUG 32712 --- [pillpath-backend] [           main] o.h.boot.model.internal.AnnotatedColumn  : Binding column: AnnotatedColumn(column='user_id')
2025-07-17T14:55:09.331+05:30 DEBUG 32712 --- [pillpath-backend] [           main] o.h.boot.internal.ClassLoaderAccessImpl  : Not known whether passed class name [com.leo.pillpathbackend.entity.User] is safe
2025-07-17T14:55:09.331+05:30 DEBUG 32712 --- [pillpath-backend] [           main] o.h.boot.internal.ClassLoaderAccessImpl  : No temp ClassLoader provided; using live ClassLoader for loading potentially unsafe class : com.leo.pillpathbackend.entity.User
2025-07-17T14:55:09.332+05:30 DEBUG 32712 --- [pillpath-backend] [           main] o.h.boot.model.internal.PropertyBinder   : MetadataSourceProcessor property userId with lazy=false
2025-07-17T14:55:09.332+05:30 DEBUG 32712 --- [pillpath-backend] [           main] o.h.b.m.internal.AbstractPropertyHolder  : Attempting to locate auto-apply AttributeConverter for property [com.leo.pillpathbackend.entity.User:userId]
2025-07-17T14:55:09.332+05:30 DEBUG 32712 --- [pillpath-backend] [           main] o.h.b.model.internal.BasicValueBinder    : building BasicValue for userId
2025-07-17T14:55:09.332+05:30 DEBUG 32712 --- [pillpath-backend] [           main] org.hibernate.mapping.BasicValue         : Skipping column re-registration: users.user_id
2025-07-17T14:55:09.332+05:30 DEBUG 32712 --- [pillpath-backend] [           main] o.h.boot.model.internal.PropertyBinder   : Building property userId
2025-07-17T14:55:09.333+05:30 DEBUG 32712 --- [pillpath-backend] [           main] o.h.boot.model.internal.BinderHelper     : #makeIdGenerator(BasicValue([Column(user_id)]), userId, identity, , ...)
2025-07-17T14:55:09.333+05:30 DEBUG 32712 --- [pillpath-backend] [           main] o.h.boot.model.internal.AnnotatedColumn  : Binding column: AnnotatedColumn(column='account_locked_until')
2025-07-17T14:55:09.333+05:30 DEBUG 32712 --- [pillpath-backend] [           main] o.h.boot.model.internal.PropertyBinder   : MetadataSourceProcessor property accountLockedUntil with lazy=false
2025-07-17T14:55:09.334+05:30 DEBUG 32712 --- [pillpath-backend] [           main] o.h.b.m.internal.AbstractPropertyHolder  : Attempting to locate auto-apply AttributeConverter for property [com.leo.pillpathbackend.entity.User:accountLockedUntil]
2025-07-17T14:55:09.334+05:30 DEBUG 32712 --- [pillpath-backend] [           main] o.h.b.model.internal.BasicValueBinder    : building BasicValue for accountLockedUntil
2025-07-17T14:55:09.334+05:30 DEBUG 32712 --- [pillpath-backend] [           main] org.hibernate.mapping.BasicValue         : Skipping column re-registration: users.account_locked_until
2025-07-17T14:55:09.334+05:30 DEBUG 32712 --- [pillpath-backend] [           main] o.h.boot.model.internal.PropertyBinder   : Building property accountLockedUntil
2025-07-17T14:55:09.335+05:30 DEBUG 32712 --- [pillpath-backend] [           main] o.h.boot.model.internal.AnnotatedColumn  : Binding column: AnnotatedColumn(column='created_by')
2025-07-17T14:55:09.335+05:30 DEBUG 32712 --- [pillpath-backend] [           main] o.h.boot.model.internal.PropertyBinder   : MetadataSourceProcessor property createdBy with lazy=false
2025-07-17T14:55:09.335+05:30 DEBUG 32712 --- [pillpath-backend] [           main] o.h.b.m.internal.AbstractPropertyHolder  : Attempting to locate auto-apply AttributeConverter for property [com.leo.pillpathbackend.entity.User:createdBy]
2025-07-17T14:55:09.335+05:30 DEBUG 32712 --- [pillpath-backend] [           main] o.h.b.model.internal.BasicValueBinder    : building BasicValue for createdBy
2025-07-17T14:55:09.335+05:30 DEBUG 32712 --- [pillpath-backend] [           main] org.hibernate.mapping.BasicValue         : Skipping column re-registration: users.created_by
2025-07-17T14:55:09.335+05:30 DEBUG 32712 --- [pillpath-backend] [           main] o.h.boot.model.internal.PropertyBinder   : Building property createdBy
2025-07-17T14:55:09.335+05:30 DEBUG 32712 --- [pillpath-backend] [           main] o.h.boot.model.internal.AnnotatedColumn  : Binding column: AnnotatedColumn(column='deleted_at')
2025-07-17T14:55:09.335+05:30 DEBUG 32712 --- [pillpath-backend] [           main] o.h.boot.model.internal.PropertyBinder   : MetadataSourceProcessor property deletedAt with lazy=false
2025-07-17T14:55:09.336+05:30 DEBUG 32712 --- [pillpath-backend] [           main] o.h.b.m.internal.AbstractPropertyHolder  : Attempting to locate auto-apply AttributeConverter for property [com.leo.pillpathbackend.entity.User:deletedAt]
2025-07-17T14:55:09.336+05:30 DEBUG 32712 --- [pillpath-backend] [           main] o.h.b.model.internal.BasicValueBinder    : building BasicValue for deletedAt
2025-07-17T14:55:09.336+05:30 DEBUG 32712 --- [pillpath-backend] [           main] org.hibernate.mapping.BasicValue         : Skipping column re-registration: users.deleted_at
2025-07-17T14:55:09.336+05:30 DEBUG 32712 --- [pillpath-backend] [           main] o.h.boot.model.internal.PropertyBinder   : Building property deletedAt
2025-07-17T14:55:09.337+05:30 DEBUG 32712 --- [pillpath-backend] [           main] o.h.boot.model.internal.AnnotatedColumn  : Binding column: AnnotatedColumn(column='deleted_by')
2025-07-17T14:55:09.337+05:30 DEBUG 32712 --- [pillpath-backend] [           main] o.h.boot.model.internal.PropertyBinder   : MetadataSourceProcessor property deletedBy with lazy=false
2025-07-17T14:55:09.337+05:30 DEBUG 32712 --- [pillpath-backend] [           main] o.h.b.m.internal.AbstractPropertyHolder  : Attempting to locate auto-apply AttributeConverter for property [com.leo.pillpathbackend.entity.User:deletedBy]
2025-07-17T14:55:09.337+05:30 DEBUG 32712 --- [pillpath-backend] [           main] o.h.b.model.internal.BasicValueBinder    : building BasicValue for deletedBy
2025-07-17T14:55:09.337+05:30 DEBUG 32712 --- [pillpath-backend] [           main] org.hibernate.mapping.BasicValue         : Skipping column re-registration: users.deleted_by
2025-07-17T14:55:09.337+05:30 DEBUG 32712 --- [pillpath-backend] [           main] o.h.boot.model.internal.PropertyBinder   : Building property deletedBy
2025-07-17T14:55:09.345+05:30 DEBUG 32712 --- [pillpath-backend] [           main] o.h.boot.model.internal.AnnotatedColumn  : Binding column: AnnotatedColumn(column='email')
2025-07-17T14:55:09.345+05:30 DEBUG 32712 --- [pillpath-backend] [           main] o.h.boot.model.internal.PropertyBinder   : MetadataSourceProcessor property email with lazy=false
2025-07-17T14:55:09.345+05:30 DEBUG 32712 --- [pillpath-backend] [           main] o.h.b.m.internal.AbstractPropertyHolder  : Attempting to locate auto-apply AttributeConverter for property [com.leo.pillpathbackend.entity.User:email]
2025-07-17T14:55:09.345+05:30 DEBUG 32712 --- [pillpath-backend] [           main] o.h.b.model.internal.BasicValueBinder    : building BasicValue for email
2025-07-17T14:55:09.346+05:30 DEBUG 32712 --- [pillpath-backend] [           main] org.hibernate.mapping.BasicValue         : Skipping column re-registration: users.email
2025-07-17T14:55:09.346+05:30 DEBUG 32712 --- [pillpath-backend] [           main] o.h.boot.model.internal.PropertyBinder   : Building property email
2025-07-17T14:55:09.346+05:30 DEBUG 32712 --- [pillpath-backend] [           main] o.h.boot.model.internal.AnnotatedColumn  : Binding column: AnnotatedColumn(column='email_verified')
2025-07-17T14:55:09.346+05:30 DEBUG 32712 --- [pillpath-backend] [           main] o.h.boot.model.internal.PropertyBinder   : MetadataSourceProcessor property emailVerified with lazy=false
2025-07-17T14:55:09.346+05:30 DEBUG 32712 --- [pillpath-backend] [           main] o.h.b.m.internal.AbstractPropertyHolder  : Attempting to locate auto-apply AttributeConverter for property [com.leo.pillpathbackend.entity.User:emailVerified]
2025-07-17T14:55:09.347+05:30 DEBUG 32712 --- [pillpath-backend] [           main] o.h.b.model.internal.BasicValueBinder    : building BasicValue for emailVerified
2025-07-17T14:55:09.347+05:30 DEBUG 32712 --- [pillpath-backend] [           main] org.hibernate.mapping.BasicValue         : Skipping column re-registration: users.email_verified
2025-07-17T14:55:09.347+05:30 DEBUG 32712 --- [pillpath-backend] [           main] o.h.boot.model.internal.PropertyBinder   : Building property emailVerified
2025-07-17T14:55:09.347+05:30 DEBUG 32712 --- [pillpath-backend] [           main] o.h.boot.model.internal.AnnotatedColumn  : Binding column: AnnotatedColumn(column='failed_login_attempts')
2025-07-17T14:55:09.347+05:30 DEBUG 32712 --- [pillpath-backend] [           main] o.h.boot.model.internal.PropertyBinder   : MetadataSourceProcessor property failedLoginAttempts with lazy=false
2025-07-17T14:55:09.347+05:30 DEBUG 32712 --- [pillpath-backend] [           main] o.h.b.m.internal.AbstractPropertyHolder  : Attempting to locate auto-apply AttributeConverter for property [com.leo.pillpathbackend.entity.User:failedLoginAttempts]
2025-07-17T14:55:09.347+05:30 DEBUG 32712 --- [pillpath-backend] [           main] o.h.b.model.internal.BasicValueBinder    : building BasicValue for failedLoginAttempts
2025-07-17T14:55:09.348+05:30 DEBUG 32712 --- [pillpath-backend] [           main] org.hibernate.mapping.BasicValue         : Skipping column re-registration: users.failed_login_attempts
2025-07-17T14:55:09.348+05:30 DEBUG 32712 --- [pillpath-backend] [           main] o.h.boot.model.internal.PropertyBinder   : Building property failedLoginAttempts
2025-07-17T14:55:09.348+05:30 DEBUG 32712 --- [pillpath-backend] [           main] o.h.boot.model.internal.AnnotatedColumn  : Binding column: AnnotatedColumn(column='last_login')
2025-07-17T14:55:09.348+05:30 DEBUG 32712 --- [pillpath-backend] [           main] o.h.boot.model.internal.PropertyBinder   : MetadataSourceProcessor property lastLogin with lazy=false
2025-07-17T14:55:09.348+05:30 DEBUG 32712 --- [pillpath-backend] [           main] o.h.b.m.internal.AbstractPropertyHolder  : Attempting to locate auto-apply AttributeConverter for property [com.leo.pillpathbackend.entity.User:lastLogin]
2025-07-17T14:55:09.348+05:30 DEBUG 32712 --- [pillpath-backend] [           main] o.h.b.model.internal.BasicValueBinder    : building BasicValue for lastLogin
2025-07-17T14:55:09.348+05:30 DEBUG 32712 --- [pillpath-backend] [           main] org.hibernate.mapping.BasicValue         : Skipping column re-registration: users.last_login
2025-07-17T14:55:09.348+05:30 DEBUG 32712 --- [pillpath-backend] [           main] o.h.boot.model.internal.PropertyBinder   : Building property lastLogin
2025-07-17T14:55:09.350+05:30 DEBUG 32712 --- [pillpath-backend] [           main] o.h.boot.model.internal.AnnotatedColumn  : Binding column: AnnotatedColumn(column='password')
2025-07-17T14:55:09.350+05:30 DEBUG 32712 --- [pillpath-backend] [           main] o.h.boot.model.internal.PropertyBinder   : MetadataSourceProcessor property password with lazy=false
2025-07-17T14:55:09.350+05:30 DEBUG 32712 --- [pillpath-backend] [           main] o.h.b.m.internal.AbstractPropertyHolder  : Attempting to locate auto-apply AttributeConverter for property [com.leo.pillpathbackend.entity.User:password]
2025-07-17T14:55:09.350+05:30 DEBUG 32712 --- [pillpath-backend] [           main] o.h.b.model.internal.BasicValueBinder    : building BasicValue for password
2025-07-17T14:55:09.351+05:30 DEBUG 32712 --- [pillpath-backend] [           main] org.hibernate.mapping.BasicValue         : Skipping column re-registration: users.password
2025-07-17T14:55:09.351+05:30 DEBUG 32712 --- [pillpath-backend] [           main] o.h.boot.model.internal.PropertyBinder   : Building property password
2025-07-17T14:55:09.352+05:30 DEBUG 32712 --- [pillpath-backend] [           main] o.h.boot.model.internal.AnnotatedColumn  : Binding column: AnnotatedColumn(column='phone')
2025-07-17T14:55:09.352+05:30 DEBUG 32712 --- [pillpath-backend] [           main] o.h.boot.model.internal.PropertyBinder   : MetadataSourceProcessor property phone with lazy=false
2025-07-17T14:55:09.352+05:30 DEBUG 32712 --- [pillpath-backend] [           main] o.h.b.m.internal.AbstractPropertyHolder  : Attempting to locate auto-apply AttributeConverter for property [com.leo.pillpathbackend.entity.User:phone]
2025-07-17T14:55:09.353+05:30 DEBUG 32712 --- [pillpath-backend] [           main] o.h.b.model.internal.BasicValueBinder    : building BasicValue for phone
2025-07-17T14:55:09.353+05:30 DEBUG 32712 --- [pillpath-backend] [           main] org.hibernate.mapping.BasicValue         : Skipping column re-registration: users.phone
2025-07-17T14:55:09.353+05:30 DEBUG 32712 --- [pillpath-backend] [           main] o.h.boot.model.internal.PropertyBinder   : Building property phone
2025-07-17T14:55:09.353+05:30 DEBUG 32712 --- [pillpath-backend] [           main] o.h.boot.model.internal.AnnotatedColumn  : Binding column: AnnotatedColumn(column='phone_verified')
2025-07-17T14:55:09.353+05:30 DEBUG 32712 --- [pillpath-backend] [           main] o.h.boot.model.internal.PropertyBinder   : MetadataSourceProcessor property phoneVerified with lazy=false
2025-07-17T14:55:09.353+05:30 DEBUG 32712 --- [pillpath-backend] [           main] o.h.b.m.internal.AbstractPropertyHolder  : Attempting to locate auto-apply AttributeConverter for property [com.leo.pillpathbackend.entity.User:phoneVerified]
2025-07-17T14:55:09.354+05:30 DEBUG 32712 --- [pillpath-backend] [           main] o.h.b.model.internal.BasicValueBinder    : building BasicValue for phoneVerified
2025-07-17T14:55:09.354+05:30 DEBUG 32712 --- [pillpath-backend] [           main] org.hibernate.mapping.BasicValue         : Skipping column re-registration: users.phone_verified
2025-07-17T14:55:09.354+05:30 DEBUG 32712 --- [pillpath-backend] [           main] o.h.boot.model.internal.PropertyBinder   : Building property phoneVerified
2025-07-17T14:55:09.354+05:30 DEBUG 32712 --- [pillpath-backend] [           main] o.h.boot.model.internal.AnnotatedColumn  : Binding column: AnnotatedColumn(column='preferences')
2025-07-17T14:55:09.355+05:30 DEBUG 32712 --- [pillpath-backend] [           main] o.h.boot.model.internal.PropertyBinder   : MetadataSourceProcessor property preferences with lazy=false
2025-07-17T14:55:09.355+05:30 DEBUG 32712 --- [pillpath-backend] [           main] o.h.b.m.internal.AbstractPropertyHolder  : Attempting to locate auto-apply AttributeConverter for property [com.leo.pillpathbackend.entity.User:preferences]
2025-07-17T14:55:09.355+05:30 DEBUG 32712 --- [pillpath-backend] [           main] o.h.b.model.internal.BasicValueBinder    : building BasicValue for preferences
2025-07-17T14:55:09.355+05:30 DEBUG 32712 --- [pillpath-backend] [           main] org.hibernate.mapping.BasicValue         : Skipping column re-registration: users.preferences
2025-07-17T14:55:09.355+05:30 DEBUG 32712 --- [pillpath-backend] [           main] o.h.boot.model.internal.PropertyBinder   : Building property preferences
2025-07-17T14:55:09.355+05:30 DEBUG 32712 --- [pillpath-backend] [           main] o.h.boot.model.internal.AnnotatedColumn  : Binding column: AnnotatedColumn(column='profile_image_url')
2025-07-17T14:55:09.355+05:30 DEBUG 32712 --- [pillpath-backend] [           main] o.h.boot.model.internal.PropertyBinder   : MetadataSourceProcessor property profileImageUrl with lazy=false
2025-07-17T14:55:09.355+05:30 DEBUG 32712 --- [pillpath-backend] [           main] o.h.b.m.internal.AbstractPropertyHolder  : Attempting to locate auto-apply AttributeConverter for property [com.leo.pillpathbackend.entity.User:profileImageUrl]
2025-07-17T14:55:09.356+05:30 DEBUG 32712 --- [pillpath-backend] [           main] o.h.b.model.internal.BasicValueBinder    : building BasicValue for profileImageUrl
2025-07-17T14:55:09.356+05:30 DEBUG 32712 --- [pillpath-backend] [           main] org.hibernate.mapping.BasicValue         : Skipping column re-registration: users.profile_image_url
2025-07-17T14:55:09.356+05:30 DEBUG 32712 --- [pillpath-backend] [           main] o.h.boot.model.internal.PropertyBinder   : Building property profileImageUrl
2025-07-17T14:55:09.356+05:30 DEBUG 32712 --- [pillpath-backend] [           main] o.h.boot.model.internal.AnnotatedColumn  : Binding column: AnnotatedColumn(column='role')
2025-07-17T14:55:09.357+05:30 DEBUG 32712 --- [pillpath-backend] [           main] o.h.boot.model.internal.PropertyBinder   : MetadataSourceProcessor property role with lazy=false
2025-07-17T14:55:09.357+05:30 DEBUG 32712 --- [pillpath-backend] [           main] o.h.b.m.internal.AbstractPropertyHolder  : Attempting to locate auto-apply AttributeConverter for property [com.leo.pillpathbackend.entity.User:role]
2025-07-17T14:55:09.357+05:30 DEBUG 32712 --- [pillpath-backend] [           main] o.h.b.model.internal.BasicValueBinder    : building BasicValue for role
2025-07-17T14:55:09.357+05:30 DEBUG 32712 --- [pillpath-backend] [           main] org.hibernate.mapping.BasicValue         : Skipping column re-registration: users.role
2025-07-17T14:55:09.359+05:30 DEBUG 32712 --- [pillpath-backend] [           main] o.h.boot.model.internal.PropertyBinder   : Building property role
2025-07-17T14:55:09.359+05:30 DEBUG 32712 --- [pillpath-backend] [           main] o.h.boot.model.internal.AnnotatedColumn  : Binding column: AnnotatedColumn(column='status')
2025-07-17T14:55:09.359+05:30 DEBUG 32712 --- [pillpath-backend] [           main] o.h.boot.model.internal.PropertyBinder   : MetadataSourceProcessor property status with lazy=false
2025-07-17T14:55:09.359+05:30 DEBUG 32712 --- [pillpath-backend] [           main] o.h.b.m.internal.AbstractPropertyHolder  : Attempting to locate auto-apply AttributeConverter for property [com.leo.pillpathbackend.entity.User:status]
2025-07-17T14:55:09.359+05:30 DEBUG 32712 --- [pillpath-backend] [           main] o.h.b.model.internal.BasicValueBinder    : building BasicValue for status
2025-07-17T14:55:09.359+05:30 DEBUG 32712 --- [pillpath-backend] [           main] org.hibernate.mapping.BasicValue         : Skipping column re-registration: users.status
2025-07-17T14:55:09.360+05:30 DEBUG 32712 --- [pillpath-backend] [           main] o.h.boot.model.internal.PropertyBinder   : Building property status
2025-07-17T14:55:09.360+05:30 DEBUG 32712 --- [pillpath-backend] [           main] o.h.boot.model.internal.AnnotatedColumn  : Binding column: AnnotatedColumn(column='terms_accepted_at')
2025-07-17T14:55:09.360+05:30 DEBUG 32712 --- [pillpath-backend] [           main] o.h.boot.model.internal.PropertyBinder   : MetadataSourceProcessor property termsAcceptedAt with lazy=false
2025-07-17T14:55:09.360+05:30 DEBUG 32712 --- [pillpath-backend] [           main] o.h.b.m.internal.AbstractPropertyHolder  : Attempting to locate auto-apply AttributeConverter for property [com.leo.pillpathbackend.entity.User:termsAcceptedAt]
2025-07-17T14:55:09.360+05:30 DEBUG 32712 --- [pillpath-backend] [           main] o.h.b.model.internal.BasicValueBinder    : building BasicValue for termsAcceptedAt
2025-07-17T14:55:09.360+05:30 DEBUG 32712 --- [pillpath-backend] [           main] org.hibernate.mapping.BasicValue         : Skipping column re-registration: users.terms_accepted_at
2025-07-17T14:55:09.360+05:30 DEBUG 32712 --- [pillpath-backend] [           main] o.h.boot.model.internal.PropertyBinder   : Building property termsAcceptedAt
2025-07-17T14:55:09.361+05:30 DEBUG 32712 --- [pillpath-backend] [           main] o.h.boot.model.internal.AnnotatedColumn  : Binding column: AnnotatedColumn(column='terms_version')
2025-07-17T14:55:09.361+05:30 DEBUG 32712 --- [pillpath-backend] [           main] o.h.boot.model.internal.PropertyBinder   : MetadataSourceProcessor property termsVersion with lazy=false
2025-07-17T14:55:09.361+05:30 DEBUG 32712 --- [pillpath-backend] [           main] o.h.b.m.internal.AbstractPropertyHolder  : Attempting to locate auto-apply AttributeConverter for property [com.leo.pillpathbackend.entity.User:termsVersion]
2025-07-17T14:55:09.361+05:30 DEBUG 32712 --- [pillpath-backend] [           main] o.h.b.model.internal.BasicValueBinder    : building BasicValue for termsVersion
2025-07-17T14:55:09.361+05:30 DEBUG 32712 --- [pillpath-backend] [           main] org.hibernate.mapping.BasicValue         : Skipping column re-registration: users.terms_version
2025-07-17T14:55:09.361+05:30 DEBUG 32712 --- [pillpath-backend] [           main] o.h.boot.model.internal.PropertyBinder   : Building property termsVersion
2025-07-17T14:55:09.361+05:30 DEBUG 32712 --- [pillpath-backend] [           main] o.h.boot.model.internal.AnnotatedColumn  : Binding column: AnnotatedColumn(column='updated_by')
2025-07-17T14:55:09.362+05:30 DEBUG 32712 --- [pillpath-backend] [           main] o.h.boot.model.internal.PropertyBinder   : MetadataSourceProcessor property updatedBy with lazy=false
2025-07-17T14:55:09.362+05:30 DEBUG 32712 --- [pillpath-backend] [           main] o.h.b.m.internal.AbstractPropertyHolder  : Attempting to locate auto-apply AttributeConverter for property [com.leo.pillpathbackend.entity.User:updatedBy]
2025-07-17T14:55:09.362+05:30 DEBUG 32712 --- [pillpath-backend] [           main] o.h.b.model.internal.BasicValueBinder    : building BasicValue for updatedBy
2025-07-17T14:55:09.362+05:30 DEBUG 32712 --- [pillpath-backend] [           main] org.hibernate.mapping.BasicValue         : Skipping column re-registration: users.updated_by
2025-07-17T14:55:09.362+05:30 DEBUG 32712 --- [pillpath-backend] [           main] o.h.boot.model.internal.PropertyBinder   : Building property updatedBy
2025-07-17T14:55:09.362+05:30 DEBUG 32712 --- [pillpath-backend] [           main] o.h.boot.model.internal.AnnotatedColumn  : Binding column: AnnotatedColumn(column='user_type')
2025-07-17T14:55:09.363+05:30 DEBUG 32712 --- [pillpath-backend] [           main] o.h.boot.model.internal.PropertyBinder   : MetadataSourceProcessor property userType with lazy=false
2025-07-17T14:55:09.363+05:30 DEBUG 32712 --- [pillpath-backend] [           main] o.h.b.m.internal.AbstractPropertyHolder  : Attempting to locate auto-apply AttributeConverter for property [com.leo.pillpathbackend.entity.User:userType]
2025-07-17T14:55:09.363+05:30 DEBUG 32712 --- [pillpath-backend] [           main] o.h.b.model.internal.BasicValueBinder    : building BasicValue for userType
2025-07-17T14:55:09.363+05:30 DEBUG 32712 --- [pillpath-backend] [           main] org.hibernate.mapping.BasicValue         : Skipping column re-registration: users.user_type
2025-07-17T14:55:09.363+05:30 DEBUG 32712 --- [pillpath-backend] [           main] o.h.boot.model.internal.PropertyBinder   : Building property userType
2025-07-17T14:55:09.365+05:30 DEBUG 32712 --- [pillpath-backend] [           main] o.h.b.r.c.i.ClassLoaderServiceImpl       : HHH000194: Package not found or no package-info.java: com.leo.pillpathbackend.entity
2025-07-17T14:55:09.369+05:30 DEBUG 32712 --- [pillpath-backend] [           main] o.h.b.model.internal.BasicValueBinder    : Starting `BasicValueBinder#fillSimpleValue` for id
2025-07-17T14:55:09.369+05:30 DEBUG 32712 --- [pillpath-backend] [           main] o.h.b.model.internal.BasicValueBinder    : Starting `BasicValueBinder#fillSimpleValue` for date
2025-07-17T14:55:09.371+05:30 DEBUG 32712 --- [pillpath-backend] [           main] o.h.b.model.internal.BasicValueBinder    : Starting `BasicValueBinder#fillSimpleValue` for email
2025-07-17T14:55:09.371+05:30 DEBUG 32712 --- [pillpath-backend] [           main] o.h.b.model.internal.BasicValueBinder    : Starting `BasicValueBinder#fillSimpleValue` for rating
2025-07-17T14:55:09.371+05:30 DEBUG 32712 --- [pillpath-backend] [           main] o.h.b.model.internal.BasicValueBinder    : Starting `BasicValueBinder#fillSimpleValue` for reviewText
2025-07-17T14:55:09.371+05:30 DEBUG 32712 --- [pillpath-backend] [           main] o.h.b.model.internal.BasicValueBinder    : Starting `BasicValueBinder#fillSimpleValue` for status
2025-07-17T14:55:09.372+05:30 DEBUG 32712 --- [pillpath-backend] [           main] o.h.b.model.internal.BasicValueBinder    : Starting `BasicValueBinder#fillSimpleValue` for userId
2025-07-17T14:55:09.372+05:30 DEBUG 32712 --- [pillpath-backend] [           main] o.h.b.model.internal.BasicValueBinder    : Starting `BasicValueBinder#fillSimpleValue` for accountLockedUntil
2025-07-17T14:55:09.373+05:30 DEBUG 32712 --- [pillpath-backend] [           main] o.h.b.model.internal.BasicValueBinder    : Starting `BasicValueBinder#fillSimpleValue` for createdBy
2025-07-17T14:55:09.373+05:30 DEBUG 32712 --- [pillpath-backend] [           main] o.h.b.model.internal.BasicValueBinder    : Starting `BasicValueBinder#fillSimpleValue` for deletedAt
2025-07-17T14:55:09.373+05:30 DEBUG 32712 --- [pillpath-backend] [           main] o.h.b.model.internal.BasicValueBinder    : Starting `BasicValueBinder#fillSimpleValue` for deletedBy
2025-07-17T14:55:09.373+05:30 DEBUG 32712 --- [pillpath-backend] [           main] o.h.b.model.internal.BasicValueBinder    : Starting `BasicValueBinder#fillSimpleValue` for email
2025-07-17T14:55:09.373+05:30 DEBUG 32712 --- [pillpath-backend] [           main] o.h.b.model.internal.BasicValueBinder    : Starting `BasicValueBinder#fillSimpleValue` for emailVerified
2025-07-17T14:55:09.373+05:30 DEBUG 32712 --- [pillpath-backend] [           main] o.h.b.model.internal.BasicValueBinder    : Starting `BasicValueBinder#fillSimpleValue` for failedLoginAttempts
2025-07-17T14:55:09.373+05:30 DEBUG 32712 --- [pillpath-backend] [           main] o.h.b.model.internal.BasicValueBinder    : Starting `BasicValueBinder#fillSimpleValue` for lastLogin
2025-07-17T14:55:09.373+05:30 DEBUG 32712 --- [pillpath-backend] [           main] o.h.b.model.internal.BasicValueBinder    : Starting `BasicValueBinder#fillSimpleValue` for password
2025-07-17T14:55:09.373+05:30 DEBUG 32712 --- [pillpath-backend] [           main] o.h.b.model.internal.BasicValueBinder    : Starting `BasicValueBinder#fillSimpleValue` for phone
2025-07-17T14:55:09.374+05:30 DEBUG 32712 --- [pillpath-backend] [           main] o.h.b.model.internal.BasicValueBinder    : Starting `BasicValueBinder#fillSimpleValue` for phoneVerified
2025-07-17T14:55:09.374+05:30 DEBUG 32712 --- [pillpath-backend] [           main] o.h.b.model.internal.BasicValueBinder    : Starting `BasicValueBinder#fillSimpleValue` for preferences
2025-07-17T14:55:09.374+05:30 DEBUG 32712 --- [pillpath-backend] [           main] o.h.b.model.internal.BasicValueBinder    : Starting `BasicValueBinder#fillSimpleValue` for profileImageUrl
2025-07-17T14:55:09.374+05:30 DEBUG 32712 --- [pillpath-backend] [           main] o.h.b.model.internal.BasicValueBinder    : Starting `BasicValueBinder#fillSimpleValue` for role
2025-07-17T14:55:09.380+05:30 DEBUG 32712 --- [pillpath-backend] [           main] o.h.b.model.internal.BasicValueBinder    : Starting `BasicValueBinder#fillSimpleValue` for status
2025-07-17T14:55:09.380+05:30 DEBUG 32712 --- [pillpath-backend] [           main] o.h.b.model.internal.BasicValueBinder    : Starting `BasicValueBinder#fillSimpleValue` for termsAcceptedAt
2025-07-17T14:55:09.380+05:30 DEBUG 32712 --- [pillpath-backend] [           main] o.h.b.model.internal.BasicValueBinder    : Starting `BasicValueBinder#fillSimpleValue` for termsVersion
2025-07-17T14:55:09.380+05:30 DEBUG 32712 --- [pillpath-backend] [           main] o.h.b.model.internal.BasicValueBinder    : Starting `BasicValueBinder#fillSimpleValue` for updatedBy
2025-07-17T14:55:09.380+05:30 DEBUG 32712 --- [pillpath-backend] [           main] o.h.b.model.internal.BasicValueBinder    : Starting `BasicValueBinder#fillSimpleValue` for userType
2025-07-17T14:55:09.385+05:30 DEBUG 32712 --- [pillpath-backend] [           main] org.hibernate.mapping.PrimaryKey         : Forcing column [id] to be non-null as it is part of the primary key for table [review]
2025-07-17T14:55:09.385+05:30 DEBUG 32712 --- [pillpath-backend] [           main] org.hibernate.mapping.PrimaryKey         : Forcing column [user_id] to be non-null as it is part of the primary key for table [users]
2025-07-17T14:55:09.541+05:30 DEBUG 32712 --- [pillpath-backend] [           main] o.hibernate.internal.SessionFactoryImpl  : Building session factory
2025-07-17T14:55:09.608+05:30 DEBUG 32712 --- [pillpath-backend] [           main] .h.s.i.SessionFactoryServiceRegistryImpl : EventListenerRegistry access via ServiceRegistry is deprecated.  Use `sessionFactory.getEventEngine().getListenerRegistry()` instead
2025-07-17T14:55:09.609+05:30 DEBUG 32712 --- [pillpath-backend] [           main] o.hibernate.internal.SessionFactoryImpl  : Instantiating SessionFactory with settings: {hibernate.format_sql=true, java.specification.version=24, sun.cpu.isalist=amd64, hibernate.resource.beans.container=org.springframework.orm.hibernate5.SpringBeanContainer@380fdcf2, hibernate.connection.handling_mode=DELAYED_ACQUISITION_AND_HOLD, sun.jnu.encoding=Cp1252, hibernate.dialect=org.hibernate.dialect.PostgreSQLDialect, hibernate.implicit_naming_strategy=org.springframework.boot.orm.jpa.hibernate.SpringImplicitNamingStrategy, java.class.path=C:\Users\ASUS\OneDrive\Desktop\Ass\Grp_Projects\pillpath-backend\target\test-classes;C:\Users\ASUS\OneDrive\Desktop\Ass\Grp_Projects\pillpath-backend\target\classes;C:\Users\ASUS\.m2\repository\org\springframework\boot\spring-boot-starter-data-jpa\3.5.3\spring-boot-starter-data-jpa-3.5.3.jar;C:\Users\ASUS\.m2\repository\org\springframework\boot\spring-boot-starter\3.5.3\spring-boot-starter-3.5.3.jar;C:\Users\ASUS\.m2\repository\org\springframework\boot\spring-boot\3.5.3\spring-boot-3.5.3.jar;C:\Users\ASUS\.m2\repository\org\springframework\boot\spring-boot-autoconfigure\3.5.3\spring-boot-autoconfigure-3.5.3.jar;C:\Users\ASUS\.m2\repository\org\springframework\boot\spring-boot-starter-logging\3.5.3\spring-boot-starter-logging-3.5.3.jar;C:\Users\ASUS\.m2\repository\ch\qos\logback\logback-classic\1.5.18\logback-classic-1.5.18.jar;C:\Users\ASUS\.m2\repository\ch\qos\logback\logback-core\1.5.18\logback-core-1.5.18.jar;C:\Users\ASUS\.m2\repository\org\apache\logging\log4j\log4j-to-slf4j\2.24.3\log4j-to-slf4j-2.24.3.jar;C:\Users\ASUS\.m2\repository\org\apache\logging\log4j\log4j-api\2.24.3\log4j-api-2.24.3.jar;C:\Users\ASUS\.m2\repository\org\slf4j\jul-to-slf4j\2.0.17\jul-to-slf4j-2.0.17.jar;C:\Users\ASUS\.m2\repository\jakarta\annotation\jakarta.annotation-api\2.1.1\jakarta.annotation-api-2.1.1.jar;C:\Users\ASUS\.m2\repository\org\yaml\snakeyaml\2.4\snakeyaml-2.4.jar;C:\Users\ASUS\.m2\repository\org\springframework\boot\spring-boot-starter-jdbc\3.5.3\spring-boot-starter-jdbc-3.5.3.jar;C:\Users\ASUS\.m2\repository\com\zaxxer\HikariCP\6.3.0\HikariCP-6.3.0.jar;C:\Users\ASUS\.m2\repository\org\springframework\spring-jdbc\6.2.8\spring-jdbc-6.2.8.jar;C:\Users\ASUS\.m2\repository\org\hibernate\orm\hibernate-core\6.6.18.Final\hibernate-core-6.6.18.Final.jar;C:\Users\ASUS\.m2\repository\jakarta\persistence\jakarta.persistence-api\3.1.0\jakarta.persistence-api-3.1.0.jar;C:\Users\ASUS\.m2\repository\jakarta\transaction\jakarta.transaction-api\2.0.1\jakarta.transaction-api-2.0.1.jar;C:\Users\ASUS\.m2\repository\org\jboss\logging\jboss-logging\3.6.1.Final\jboss-logging-3.6.1.Final.jar;C:\Users\ASUS\.m2\repository\org\hibernate\common\hibernate-commons-annotations\7.0.3.Final\hibernate-commons-annotations-7.0.3.Final.jar;C:\Users\ASUS\.m2\repository\io\smallrye\jandex\3.2.0\jandex-3.2.0.jar;C:\Users\ASUS\.m2\repository\com\fasterxml\classmate\1.7.0\classmate-1.7.0.jar;C:\Users\ASUS\.m2\repository\net\bytebuddy\byte-buddy\1.17.6\byte-buddy-1.17.6.jar;C:\Users\ASUS\.m2\repository\org\glassfish\jaxb\jaxb-runtime\4.0.5\jaxb-runtime-4.0.5.jar;C:\Users\ASUS\.m2\repository\org\glassfish\jaxb\jaxb-core\4.0.5\jaxb-core-4.0.5.jar;C:\Users\ASUS\.m2\repository\org\eclipse\angus\angus-activation\2.0.2\angus-activation-2.0.2.jar;C:\Users\ASUS\.m2\repository\org\glassfish\jaxb\txw2\4.0.5\txw2-4.0.5.jar;C:\Users\ASUS\.m2\repository\com\sun\istack\istack-commons-runtime\4.1.2\istack-commons-runtime-4.1.2.jar;C:\Users\ASUS\.m2\repository\jakarta\inject\jakarta.inject-api\2.0.1\jakarta.inject-api-2.0.1.jar;C:\Users\ASUS\.m2\repository\org\antlr\antlr4-runtime\4.13.0\antlr4-runtime-4.13.0.jar;C:\Users\ASUS\.m2\repository\org\springframework\data\spring-data-jpa\3.5.1\spring-data-jpa-3.5.1.jar;C:\Users\ASUS\.m2\repository\org\springframework\data\spring-data-commons\3.5.1\spring-data-commons-3.5.1.jar;C:\Users\ASUS\.m2\repository\org\springframework\spring-orm\6.2.8\spring-orm-6.2.8.jar;C:\Users\ASUS\.m2\repository\org\springframework\spring-context\6.2.8\spring-context-6.2.8.jar;C:\Users\ASUS\.m2\repository\org\springframework\spring-aop\6.2.8\spring-aop-6.2.8.jar;C:\Users\ASUS\.m2\repository\org\springframework\spring-tx\6.2.8\spring-tx-6.2.8.jar;C:\Users\ASUS\.m2\repository\org\springframework\spring-beans\6.2.8\spring-beans-6.2.8.jar;C:\Users\ASUS\.m2\repository\org\slf4j\slf4j-api\2.0.17\slf4j-api-2.0.17.jar;C:\Users\ASUS\.m2\repository\org\springframework\spring-aspects\6.2.8\spring-aspects-6.2.8.jar;C:\Users\ASUS\.m2\repository\org\aspectj\aspectjweaver\1.9.24\aspectjweaver-1.9.24.jar;C:\Users\ASUS\.m2\repository\org\springframework\boot\spring-boot-starter-web\3.5.3\spring-boot-starter-web-3.5.3.jar;C:\Users\ASUS\.m2\repository\org\springframework\boot\spring-boot-starter-json\3.5.3\spring-boot-starter-json-3.5.3.jar;C:\Users\ASUS\.m2\repository\com\fasterxml\jackson\core\jackson-databind\2.19.1\jackson-databind-2.19.1.jar;C:\Users\ASUS\.m2\repository\com\fasterxml\jackson\core\jackson-annotations\2.19.1\jackson-annotations-2.19.1.jar;C:\Users\ASUS\.m2\repository\com\fasterxml\jackson\core\jackson-core\2.19.1\jackson-core-2.19.1.jar;C:\Users\ASUS\.m2\repository\com\fasterxml\jackson\datatype\jackson-datatype-jdk8\2.19.1\jackson-datatype-jdk8-2.19.1.jar;C:\Users\ASUS\.m2\repository\com\fasterxml\jackson\datatype\jackson-datatype-jsr310\2.19.1\jackson-datatype-jsr310-2.19.1.jar;C:\Users\ASUS\.m2\repository\com\fasterxml\jackson\module\jackson-module-parameter-names\2.19.1\jackson-module-parameter-names-2.19.1.jar;C:\Users\ASUS\.m2\repository\org\springframework\boot\spring-boot-starter-tomcat\3.5.3\spring-boot-starter-tomcat-3.5.3.jar;C:\Users\ASUS\.m2\repository\org\apache\tomcat\embed\tomcat-embed-core\10.1.42\tomcat-embed-core-10.1.42.jar;C:\Users\ASUS\.m2\repository\org\apache\tomcat\embed\tomcat-embed-el\10.1.42\tomcat-embed-el-10.1.42.jar;C:\Users\ASUS\.m2\repository\org\apache\tomcat\embed\tomcat-embed-websocket\10.1.42\tomcat-embed-websocket-10.1.42.jar;C:\Users\ASUS\.m2\repository\org\springframework\spring-web\6.2.8\spring-web-6.2.8.jar;C:\Users\ASUS\.m2\repository\io\micrometer\micrometer-observation\1.15.1\micrometer-observation-1.15.1.jar;C:\Users\ASUS\.m2\repository\io\micrometer\micrometer-commons\1.15.1\micrometer-commons-1.15.1.jar;C:\Users\ASUS\.m2\repository\org\springframework\spring-webmvc\6.2.8\spring-webmvc-6.2.8.jar;C:\Users\ASUS\.m2\repository\org\springframework\spring-expression\6.2.8\spring-expression-6.2.8.jar;C:\Users\ASUS\.m2\repository\org\postgresql\postgresql\42.7.7\postgresql-42.7.7.jar;C:\Users\ASUS\.m2\repository\org\checkerframework\checker-qual\3.49.3\checker-qual-3.49.3.jar;C:\Users\ASUS\.m2\repository\org\projectlombok\lombok\1.18.38\lombok-1.18.38.jar;C:\Users\ASUS\.m2\repository\org\modelmapper\modelmapper\3.1.1\modelmapper-3.1.1.jar;C:\Users\ASUS\.m2\repository\org\springframework\boot\spring-boot-starter-test\3.5.3\spring-boot-starter-test-3.5.3.jar;C:\Users\ASUS\.m2\repository\org\springframework\boot\spring-boot-test\3.5.3\spring-boot-test-3.5.3.jar;C:\Users\ASUS\.m2\repository\org\springframework\boot\spring-boot-test-autoconfigure\3.5.3\spring-boot-test-autoconfigure-3.5.3.jar;C:\Users\ASUS\.m2\repository\com\jayway\jsonpath\json-path\2.9.0\json-path-2.9.0.jar;C:\Users\ASUS\.m2\repository\jakarta\xml\bind\jakarta.xml.bind-api\4.0.2\jakarta.xml.bind-api-4.0.2.jar;C:\Users\ASUS\.m2\repository\jakarta\activation\jakarta.activation-api\2.1.3\jakarta.activation-api-2.1.3.jar;C:\Users\ASUS\.m2\repository\net\minidev\json-smart\2.5.2\json-smart-2.5.2.jar;C:\Users\ASUS\.m2\repository\net\minidev\accessors-smart\2.5.2\accessors-smart-2.5.2.jar;C:\Users\ASUS\.m2\repository\org\ow2\asm\asm\9.7.1\asm-9.7.1.jar;C:\Users\ASUS\.m2\repository\org\assertj\assertj-core\3.27.3\assertj-core-3.27.3.jar;C:\Users\ASUS\.m2\repository\org\awaitility\awaitility\4.2.2\awaitility-4.2.2.jar;C:\Users\ASUS\.m2\repository\org\hamcrest\hamcrest\3.0\hamcrest-3.0.jar;C:\Users\ASUS\.m2\repository\org\junit\jupiter\junit-jupiter\5.12.2\junit-jupiter-5.12.2.jar;C:\Users\ASUS\.m2\repository\org\junit\jupiter\junit-jupiter-api\5.12.2\junit-jupiter-api-5.12.2.jar;C:\Users\ASUS\.m2\repository\org\opentest4j\opentest4j\1.3.0\opentest4j-1.3.0.jar;C:\Users\ASUS\.m2\repository\org\junit\platform\junit-platform-commons\1.12.2\junit-platform-commons-1.12.2.jar;C:\Users\ASUS\.m2\repository\org\apiguardian\apiguardian-api\1.1.2\apiguardian-api-1.1.2.jar;C:\Users\ASUS\.m2\repository\org\junit\jupiter\junit-jupiter-params\5.12.2\junit-jupiter-params-5.12.2.jar;C:\Users\ASUS\.m2\repository\org\junit\jupiter\junit-jupiter-engine\5.12.2\junit-jupiter-engine-5.12.2.jar;C:\Users\ASUS\.m2\repository\org\junit\platform\junit-platform-engine\1.12.2\junit-platform-engine-1.12.2.jar;C:\Users\ASUS\.m2\repository\org\mockito\mockito-core\5.17.0\mockito-core-5.17.0.jar;C:\Users\ASUS\.m2\repository\net\bytebuddy\byte-buddy-agent\1.17.6\byte-buddy-agent-1.17.6.jar;C:\Users\ASUS\.m2\repository\org\objenesis\objenesis\3.3\objenesis-3.3.jar;C:\Users\ASUS\.m2\repository\org\mockito\mockito-junit-jupiter\5.17.0\mockito-junit-jupiter-5.17.0.jar;C:\Users\ASUS\.m2\repository\org\skyscreamer\jsonassert\1.5.3\jsonassert-1.5.3.jar;C:\Users\ASUS\.m2\repository\com\vaadin\external\google\android-json\0.0.20131108.vaadin1\android-json-0.0.20131108.vaadin1.jar;C:\Users\ASUS\.m2\repository\org\springframework\spring-core\6.2.8\spring-core-6.2.8.jar;C:\Users\ASUS\.m2\repository\org\springframework\spring-jcl\6.2.8\spring-jcl-6.2.8.jar;C:\Users\ASUS\.m2\repository\org\springframework\spring-test\6.2.8\spring-test-6.2.8.jar;C:\Users\ASUS\.m2\repository\org\xmlunit\xmlunit-core\2.10.2\xmlunit-core-2.10.2.jar;C:\Users\ASUS\.m2\repository\jakarta\validation\jakarta.validation-api\3.0.2\jakarta.validation-api-3.0.2.jar;, java.vm.vendor=Oracle Corporation, sun.arch.data.model=64, user.variant=, java.vendor.url=https://java.oracle.com/, user.timezone=Asia/Colombo, jakarta.persistence.sharedCache.mode=UNSPECIFIED, org.jboss.logging.provider=slf4j, os.name=Windows 11, java.vm.specification.version=24, APPLICATION_NAME=pillpath-backend, jakarta.persistence.nonJtaDataSource=HikariDataSource (HikariPool-1), sun.java.launcher=SUN_STANDARD, user.country=US, sun.boot.library.path=C:\Program Files\Java\jdk-24\bin, sun.java.command=C:\Users\ASUS\AppData\Local\Temp\surefire8643187315167525138\surefirebooter-20250717145503303_3.jar C:\Users\ASUS\AppData\Local\Temp\surefire8643187315167525138 2025-07-17T14-54-47_066-jvmRun1 surefire-20250717145503303_1tmp surefire_0-20250717145503303_2tmp, javax.persistence.nonJtaDataSource=HikariDataSource (HikariPool-1), hibernate.transaction.jta.platform=org.hibernate.engine.transaction.jta.platform.internal.NoJtaPlatform@114b203, jdk.debug=release, surefire.test.class.path=C:\Users\ASUS\OneDrive\Desktop\Ass\Grp_Projects\pillpath-backend\target\test-classes;C:\Users\ASUS\OneDrive\Desktop\Ass\Grp_Projects\pillpath-backend\target\classes;C:\Users\ASUS\.m2\repository\org\springframework\boot\spring-boot-starter-data-jpa\3.5.3\spring-boot-starter-data-jpa-3.5.3.jar;C:\Users\ASUS\.m2\repository\org\springframework\boot\spring-boot-starter\3.5.3\spring-boot-starter-3.5.3.jar;C:\Users\ASUS\.m2\repository\org\springframework\boot\spring-boot\3.5.3\spring-boot-3.5.3.jar;C:\Users\ASUS\.m2\repository\org\springframework\boot\spring-boot-autoconfigure\3.5.3\spring-boot-autoconfigure-3.5.3.jar;C:\Users\ASUS\.m2\repository\org\springframework\boot\spring-boot-starter-logging\3.5.3\spring-boot-starter-logging-3.5.3.jar;C:\Users\ASUS\.m2\repository\ch\qos\logback\logback-classic\1.5.18\logback-classic-1.5.18.jar;C:\Users\ASUS\.m2\repository\ch\qos\logback\logback-core\1.5.18\logback-core-1.5.18.jar;C:\Users\ASUS\.m2\repository\org\apache\logging\log4j\log4j-to-slf4j\2.24.3\log4j-to-slf4j-2.24.3.jar;C:\Users\ASUS\.m2\repository\org\apache\logging\log4j\log4j-api\2.24.3\log4j-api-2.24.3.jar;C:\Users\ASUS\.m2\repository\org\slf4j\jul-to-slf4j\2.0.17\jul-to-slf4j-2.0.17.jar;C:\Users\ASUS\.m2\repository\jakarta\annotation\jakarta.annotation-api\2.1.1\jakarta.annotation-api-2.1.1.jar;C:\Users\ASUS\.m2\repository\org\yaml\snakeyaml\2.4\snakeyaml-2.4.jar;C:\Users\ASUS\.m2\repository\org\springframework\boot\spring-boot-starter-jdbc\3.5.3\spring-boot-starter-jdbc-3.5.3.jar;C:\Users\ASUS\.m2\repository\com\zaxxer\HikariCP\6.3.0\HikariCP-6.3.0.jar;C:\Users\ASUS\.m2\repository\org\springframework\spring-jdbc\6.2.8\spring-jdbc-6.2.8.jar;C:\Users\ASUS\.m2\repository\org\hibernate\orm\hibernate-core\6.6.18.Final\hibernate-core-6.6.18.Final.jar;C:\Users\ASUS\.m2\repository\jakarta\persistence\jakarta.persistence-api\3.1.0\jakarta.persistence-api-3.1.0.jar;C:\Users\ASUS\.m2\repository\jakarta\transaction\jakarta.transaction-api\2.0.1\jakarta.transaction-api-2.0.1.jar;C:\Users\ASUS\.m2\repository\org\jboss\logging\jboss-logging\3.6.1.Final\jboss-logging-3.6.1.Final.jar;C:\Users\ASUS\.m2\repository\org\hibernate\common\hibernate-commons-annotations\7.0.3.Final\hibernate-commons-annotations-7.0.3.Final.jar;C:\Users\ASUS\.m2\repository\io\smallrye\jandex\3.2.0\jandex-3.2.0.jar;C:\Users\ASUS\.m2\repository\com\fasterxml\classmate\1.7.0\classmate-1.7.0.jar;C:\Users\ASUS\.m2\repository\net\bytebuddy\byte-buddy\1.17.6\byte-buddy-1.17.6.jar;C:\Users\ASUS\.m2\repository\org\glassfish\jaxb\jaxb-runtime\4.0.5\jaxb-runtime-4.0.5.jar;C:\Users\ASUS\.m2\repository\org\glassfish\jaxb\jaxb-core\4.0.5\jaxb-core-4.0.5.jar;C:\Users\ASUS\.m2\repository\org\eclipse\angus\angus-activation\2.0.2\angus-activation-2.0.2.jar;C:\Users\ASUS\.m2\repository\org\glassfish\jaxb\txw2\4.0.5\txw2-4.0.5.jar;C:\Users\ASUS\.m2\repository\com\sun\istack\istack-commons-runtime\4.1.2\istack-commons-runtime-4.1.2.jar;C:\Users\ASUS\.m2\repository\jakarta\inject\jakarta.inject-api\2.0.1\jakarta.inject-api-2.0.1.jar;C:\Users\ASUS\.m2\repository\org\antlr\antlr4-runtime\4.13.0\antlr4-runtime-4.13.0.jar;C:\Users\ASUS\.m2\repository\org\springframework\data\spring-data-jpa\3.5.1\spring-data-jpa-3.5.1.jar;C:\Users\ASUS\.m2\repository\org\springframework\data\spring-data-commons\3.5.1\spring-data-commons-3.5.1.jar;C:\Users\ASUS\.m2\repository\org\springframework\spring-orm\6.2.8\spring-orm-6.2.8.jar;C:\Users\ASUS\.m2\repository\org\springframework\spring-context\6.2.8\spring-context-6.2.8.jar;C:\Users\ASUS\.m2\repository\org\springframework\spring-aop\6.2.8\spring-aop-6.2.8.jar;C:\Users\ASUS\.m2\repository\org\springframework\spring-tx\6.2.8\spring-tx-6.2.8.jar;C:\Users\ASUS\.m2\repository\org\springframework\spring-beans\6.2.8\spring-beans-6.2.8.jar;C:\Users\ASUS\.m2\repository\org\slf4j\slf4j-api\2.0.17\slf4j-api-2.0.17.jar;C:\Users\ASUS\.m2\repository\org\springframework\spring-aspects\6.2.8\spring-aspects-6.2.8.jar;C:\Users\ASUS\.m2\repository\org\aspectj\aspectjweaver\1.9.24\aspectjweaver-1.9.24.jar;C:\Users\ASUS\.m2\repository\org\springframework\boot\spring-boot-starter-web\3.5.3\spring-boot-starter-web-3.5.3.jar;C:\Users\ASUS\.m2\repository\org\springframework\boot\spring-boot-starter-json\3.5.3\spring-boot-starter-json-3.5.3.jar;C:\Users\ASUS\.m2\repository\com\fasterxml\jackson\core\jackson-databind\2.19.1\jackson-databind-2.19.1.jar;C:\Users\ASUS\.m2\repository\com\fasterxml\jackson\core\jackson-annotations\2.19.1\jackson-annotations-2.19.1.jar;C:\Users\ASUS\.m2\repository\com\fasterxml\jackson\core\jackson-core\2.19.1\jackson-core-2.19.1.jar;C:\Users\ASUS\.m2\repository\com\fasterxml\jackson\datatype\jackson-datatype-jdk8\2.19.1\jackson-datatype-jdk8-2.19.1.jar;C:\Users\ASUS\.m2\repository\com\fasterxml\jackson\datatype\jackson-datatype-jsr310\2.19.1\jackson-datatype-jsr310-2.19.1.jar;C:\Users\ASUS\.m2\repository\com\fasterxml\jackson\module\jackson-module-parameter-names\2.19.1\jackson-module-parameter-names-2.19.1.jar;C:\Users\ASUS\.m2\repository\org\springframework\boot\spring-boot-starter-tomcat\3.5.3\spring-boot-starter-tomcat-3.5.3.jar;C:\Users\ASUS\.m2\repository\org\apache\tomcat\embed\tomcat-embed-core\10.1.42\tomcat-embed-core-10.1.42.jar;C:\Users\ASUS\.m2\repository\org\apache\tomcat\embed\tomcat-embed-el\10.1.42\tomcat-embed-el-10.1.42.jar;C:\Users\ASUS\.m2\repository\org\apache\tomcat\embed\tomcat-embed-websocket\10.1.42\tomcat-embed-websocket-10.1.42.jar;C:\Users\ASUS\.m2\repository\org\springframework\spring-web\6.2.8\spring-web-6.2.8.jar;C:\Users\ASUS\.m2\repository\io\micrometer\micrometer-observation\1.15.1\micrometer-observation-1.15.1.jar;C:\Users\ASUS\.m2\repository\io\micrometer\micrometer-commons\1.15.1\micrometer-commons-1.15.1.jar;C:\Users\ASUS\.m2\repository\org\springframework\spring-webmvc\6.2.8\spring-webmvc-6.2.8.jar;C:\Users\ASUS\.m2\repository\org\springframework\spring-expression\6.2.8\spring-expression-6.2.8.jar;C:\Users\ASUS\.m2\repository\org\postgresql\postgresql\42.7.7\postgresql-42.7.7.jar;C:\Users\ASUS\.m2\repository\org\checkerframework\checker-qual\3.49.3\checker-qual-3.49.3.jar;C:\Users\ASUS\.m2\repository\org\projectlombok\lombok\1.18.38\lombok-1.18.38.jar;C:\Users\ASUS\.m2\repository\org\modelmapper\modelmapper\3.1.1\modelmapper-3.1.1.jar;C:\Users\ASUS\.m2\repository\org\springframework\boot\spring-boot-starter-test\3.5.3\spring-boot-starter-test-3.5.3.jar;C:\Users\ASUS\.m2\repository\org\springframework\boot\spring-boot-test\3.5.3\spring-boot-test-3.5.3.jar;C:\Users\ASUS\.m2\repository\org\springframework\boot\spring-boot-test-autoconfigure\3.5.3\spring-boot-test-autoconfigure-3.5.3.jar;C:\Users\ASUS\.m2\repository\com\jayway\jsonpath\json-path\2.9.0\json-path-2.9.0.jar;C:\Users\ASUS\.m2\repository\jakarta\xml\bind\jakarta.xml.bind-api\4.0.2\jakarta.xml.bind-api-4.0.2.jar;C:\Users\ASUS\.m2\repository\jakarta\activation\jakarta.activation-api\2.1.3\jakarta.activation-api-2.1.3.jar;C:\Users\ASUS\.m2\repository\net\minidev\json-smart\2.5.2\json-smart-2.5.2.jar;C:\Users\ASUS\.m2\repository\net\minidev\accessors-smart\2.5.2\accessors-smart-2.5.2.jar;C:\Users\ASUS\.m2\repository\org\ow2\asm\asm\9.7.1\asm-9.7.1.jar;C:\Users\ASUS\.m2\repository\org\assertj\assertj-core\3.27.3\assertj-core-3.27.3.jar;C:\Users\ASUS\.m2\repository\org\awaitility\awaitility\4.2.2\awaitility-4.2.2.jar;C:\Users\ASUS\.m2\repository\org\hamcrest\hamcrest\3.0\hamcrest-3.0.jar;C:\Users\ASUS\.m2\repository\org\junit\jupiter\junit-jupiter\5.12.2\junit-jupiter-5.12.2.jar;C:\Users\ASUS\.m2\repository\org\junit\jupiter\junit-jupiter-api\5.12.2\junit-jupiter-api-5.12.2.jar;C:\Users\ASUS\.m2\repository\org\opentest4j\opentest4j\1.3.0\opentest4j-1.3.0.jar;C:\Users\ASUS\.m2\repository\org\junit\platform\junit-platform-commons\1.12.2\junit-platform-commons-1.12.2.jar;C:\Users\ASUS\.m2\repository\org\apiguardian\apiguardian-api\1.1.2\apiguardian-api-1.1.2.jar;C:\Users\ASUS\.m2\repository\org\junit\jupiter\junit-jupiter-params\5.12.2\junit-jupiter-params-5.12.2.jar;C:\Users\ASUS\.m2\repository\org\junit\jupiter\junit-jupiter-engine\5.12.2\junit-jupiter-engine-5.12.2.jar;C:\Users\ASUS\.m2\repository\org\junit\platform\junit-platform-engine\1.12.2\junit-platform-engine-1.12.2.jar;C:\Users\ASUS\.m2\repository\org\mockito\mockito-core\5.17.0\mockito-core-5.17.0.jar;C:\Users\ASUS\.m2\repository\net\bytebuddy\byte-buddy-agent\1.17.6\byte-buddy-agent-1.17.6.jar;C:\Users\ASUS\.m2\repository\org\objenesis\objenesis\3.3\objenesis-3.3.jar;C:\Users\ASUS\.m2\repository\org\mockito\mockito-junit-jupiter\5.17.0\mockito-junit-jupiter-5.17.0.jar;C:\Users\ASUS\.m2\repository\org\skyscreamer\jsonassert\1.5.3\jsonassert-1.5.3.jar;C:\Users\ASUS\.m2\repository\com\vaadin\external\google\android-json\0.0.20131108.vaadin1\android-json-0.0.20131108.vaadin1.jar;C:\Users\ASUS\.m2\repository\org\springframework\spring-core\6.2.8\spring-core-6.2.8.jar;C:\Users\ASUS\.m2\repository\org\springframework\spring-jcl\6.2.8\spring-jcl-6.2.8.jar;C:\Users\ASUS\.m2\repository\org\springframework\spring-test\6.2.8\spring-test-6.2.8.jar;C:\Users\ASUS\.m2\repository\org\xmlunit\xmlunit-core\2.10.2\xmlunit-core-2.10.2.jar;C:\Users\ASUS\.m2\repository\jakarta\validation\jakarta.validation-api\3.0.2\jakarta.validation-api-3.0.2.jar;, sun.cpu.endian=little, hibernate.cdi.extensions=true, user.home=C:\Users\ASUS, user.language=en, java.specification.vendor=Oracle Corporation, java.version.date=2025-04-15, java.home=C:\Program Files\Java\jdk-24, file.separator=\, basedir=C:\Users\ASUS\OneDrive\Desktop\Ass\Grp_Projects\pillpath-backend, java.vm.compressedOopsMode=Zero based, line.separator=
, hibernate.persistenceUnitName=default, java.vm.specification.vendor=Oracle Corporation, java.specification.name=Java Platform API Specification, FILE_LOG_CHARSET=UTF-8, hibernate.transaction.coordinator_class=class org.hibernate.resource.transaction.backend.jdbc.internal.JdbcResourceLocalTransactionCoordinatorBuilderImpl, java.awt.headless=true, surefire.real.class.path=C:\Users\ASUS\AppData\Local\Temp\surefire8643187315167525138\surefirebooter-20250717145503303_3.jar, jakarta.persistence.validation.mode=AUTO, hibernate.hbm2ddl.auto=update, user.script=, sun.management.compiler=HotSpot 64-Bit Tiered Compilers, java.runtime.version=24.0.1+9-30, user.name=ASUS, stdout.encoding=Cp1252, path.separator=;, os.version=10.0, java.runtime.name=Java(TM) SE Runtime Environment, file.encoding=UTF-8, java.vm.name=Java HotSpot(TM) 64-Bit Server VM, hibernate.show_sql=true, localRepository=C:\Users\ASUS\.m2\repository, java.vendor.url.bug=https://bugreport.java.com/bugreport/, java.io.tmpdir=C:\Users\ASUS\AppData\Local\Temp\, idea.version=2025.1.3, java.version=24.0.1, hibernate.physical_naming_strategy=org.hibernate.boot.model.naming.CamelCaseToUnderscoresNamingStrategy, user.dir=C:\Users\ASUS\OneDrive\Desktop\Ass\Grp_Projects\pillpath-backend, os.arch=amd64, java.vm.specification.name=Java Virtual Machine Specification, PID=32712, sun.os.patch.level=, CONSOLE_LOG_CHARSET=windows-1252, hibernate.boot.CfgXmlAccessService.key=org.hibernate.boot.registry.StandardServiceRegistryBuilder$1@8d810f2, native.encoding=Cp1252, java.library.path=C:\Program Files\Java\jdk-24\bin;C:\WINDOWS\Sun\Java\bin;C:\WINDOWS\system32;C:\WINDOWS;C:\Program Files\Common Files\Oracle\Java\javapath;C:\Program Files\Java\jdk-18.0.2.1\bin;C:\Program Files\Common Files\Oracle\Java\javapath;C:\Program Files\Java\jdk-18.0.2.1\bin;C:\Program Files\Common Files\Oracle\Java\javapath;C:\Program Files\Java\jdk-18.0.2.1\bin;C:\WINDOWS\System32;C:\Program Files\Python313\Scripts;C:\Users\ASUS\AppData\Local\Programs\Microsoft VS Code\bin;C:\Users\ASUS\AppData\Local\GitHubDesktop\bin;D:\Downloads\cursor\resources\app\bin;C:\vcpkg;;C:\Program Files\Python313;C:\Program Files\Python313\Scripts;C:\Program Files\NVIDIA Corporation\NVIDIA App\NvDLISR;C:\Program Files\nodejs\;C:\ProgramData\chocolatey\bin;C:\Program Files\dotnet\;C:\Program Files\Python313\Scripts;C:\Users\ASUS\AppData\Local\Programs\Microsoft VS Code\bin;C:\Users\ASUS\AppData\Local\GitHubDesktop\bin;D:\Downloads\cursor\resources\app\bin;C:\vcpkg;;C:\Program Files\Python313;C:\Program Files\Python313\Scripts;C:\Program Files\NVIDIA Corporation\NVIDIA App\NvDLISR;C:\Program Files\nodejs\;C:\ProgramData\chocolatey\bin;C:\Program Files\dotnet\;C:\Program Files\Python313\Scripts;C:\Users\ASUS\AppData\Local\Programs\Microsoft VS Code\bin;C:\Users\ASUS\AppData\Local\GitHubDesktop\bin;D:\Downloads\cursor\resources\app\bin;C:\vcpkg;;C:\Program Files\Python313;C:\Program Files\Python313\Scripts;C:\Program Files\NVIDIA Corporation\NVIDIA App\NvDLISR;C:\Program Files\nodejs\;C:\ProgramData\chocolatey\bin;C:\Program Files\dotnet\;C:\Program Files\Python313\Scripts;C:\Users\ASUS\AppData\Local\Programs\Microsoft VS Code\bin;C:\Users\ASUS\AppData\Local\GitHubDesktop\bin;D:\Downloads\cursor\resources\app\bin;C:\vcpkg;C:\Users\ASUS\AppData\Roaming\npm;., stderr.encoding=Cp1252, java.vendor=Oracle Corporation, java.vm.info=mixed mode, sharing, java.vm.version=24.0.1+9-30, sun.io.unicode.encoding=UnicodeLittle, hibernate.archive.scanner=org.hibernate.boot.archive.scan.internal.DisabledScanner, hibernate.connection.datasource=HikariDataSource (HikariPool-1), java.class.version=68.0, LOGGED_APPLICATION_NAME=[pillpath-backend] }
2025-07-17T14:55:09.615+05:30 DEBUG 32712 --- [pillpath-backend] [           main] o.hibernate.internal.SessionFactoryImpl  : Session factory constructed with filter configurations : {}
2025-07-17T14:55:09.621+05:30 DEBUG 32712 --- [pillpath-backend] [           main] o.h.b.beanvalidation.TypeSafeActivator   : Unable to acquire Bean Validation ValidatorFactory, skipping activation
2025-07-17T14:55:09.690+05:30 DEBUG 32712 --- [pillpath-backend] [           main] o.h.q.sqm.function.SqmFunctionRegistry   : Registered SqmFunctionTemplate [NamedSqmFunctionTemplate(max)] under max; prior registration was null
2025-07-17T14:55:09.690+05:30 DEBUG 32712 --- [pillpath-backend] [           main] o.h.q.sqm.function.SqmFunctionRegistry   : Registered SqmFunctionTemplate [NamedSqmFunctionTemplate(min)] under min; prior registration was null
2025-07-17T14:55:09.692+05:30 DEBUG 32712 --- [pillpath-backend] [           main] o.h.q.sqm.function.SqmFunctionRegistry   : Registered SqmFunctionTemplate [NamedSqmFunctionTemplate(sum)] under sum; prior registration was null
2025-07-17T14:55:09.694+05:30 DEBUG 32712 --- [pillpath-backend] [           main] o.h.q.sqm.function.SqmFunctionRegistry   : Registered SqmFunctionTemplate [NamedSqmFunctionTemplate(avg)] under avg; prior registration was null
2025-07-17T14:55:09.696+05:30 DEBUG 32712 --- [pillpath-backend] [           main] o.h.q.sqm.function.SqmFunctionRegistry   : Registered SqmFunctionTemplate [org.hibernate.dialect.function.CountFunction@18e8eb59] under count; prior registration was null
2025-07-17T14:55:09.698+05:30 DEBUG 32712 --- [pillpath-backend] [           main] o.h.q.sqm.function.SqmFunctionRegistry   : Registered SqmFunctionTemplate [org.hibernate.dialect.function.EveryAnyEmulation@2b974137] under every; prior registration was null
2025-07-17T14:55:09.698+05:30 DEBUG 32712 --- [pillpath-backend] [           main] o.h.q.sqm.function.SqmFunctionRegistry   : Registered SqmFunctionTemplate [org.hibernate.dialect.function.EveryAnyEmulation@7402c49f] under any; prior registration was null
2025-07-17T14:55:09.699+05:30 DEBUG 32712 --- [pillpath-backend] [           main] o.h.q.sqm.function.SqmFunctionRegistry   : Registered SqmFunctionTemplate [NamedSqmFunctionTemplate(floor)] under floor; prior registration was null
2025-07-17T14:55:09.699+05:30 DEBUG 32712 --- [pillpath-backend] [           main] o.h.q.sqm.function.SqmFunctionRegistry   : Registered SqmFunctionTemplate [NamedSqmFunctionTemplate(ceiling)] under ceiling; prior registration was null
2025-07-17T14:55:09.699+05:30 DEBUG 32712 --- [pillpath-backend] [           main] o.h.q.sqm.function.SqmFunctionRegistry   : Registered SqmFunctionTemplate [NamedSqmFunctionTemplate(mod)] under mod; prior registration was null
2025-07-17T14:55:09.699+05:30 DEBUG 32712 --- [pillpath-backend] [           main] o.h.q.sqm.function.SqmFunctionRegistry   : Registered SqmFunctionTemplate [NamedSqmFunctionTemplate(abs)] under abs; prior registration was null
2025-07-17T14:55:09.699+05:30 DEBUG 32712 --- [pillpath-backend] [           main] o.h.q.sqm.function.SqmFunctionRegistry   : Registered SqmFunctionTemplate [NamedSqmFunctionTemplate(sign)] under sign; prior registration was null
2025-07-17T14:55:09.699+05:30 DEBUG 32712 --- [pillpath-backend] [           main] o.h.q.sqm.function.SqmFunctionRegistry   : Registered SqmFunctionTemplate [NamedSqmFunctionTemplate(sqrt)] under sqrt; prior registration was null
2025-07-17T14:55:09.699+05:30 DEBUG 32712 --- [pillpath-backend] [           main] o.h.q.sqm.function.SqmFunctionRegistry   : Registered SqmFunctionTemplate [NamedSqmFunctionTemplate(ln)] under ln; prior registration was null
2025-07-17T14:55:09.699+05:30 DEBUG 32712 --- [pillpath-backend] [           main] o.h.q.sqm.function.SqmFunctionRegistry   : Registered SqmFunctionTemplate [NamedSqmFunctionTemplate(exp)] under exp; prior registration was null
2025-07-17T14:55:09.699+05:30 DEBUG 32712 --- [pillpath-backend] [           main] o.h.q.sqm.function.SqmFunctionRegistry   : Registered SqmFunctionTemplate [NamedSqmFunctionTemplate(power)] under power; prior registration was null
2025-07-17T14:55:09.699+05:30 DEBUG 32712 --- [pillpath-backend] [           main] o.h.q.sqm.function.SqmFunctionRegistry   : Registered SqmFunctionTemplate [NamedSqmFunctionTemplate(round)] under round; prior registration was null
2025-07-17T14:55:09.699+05:30 DEBUG 32712 --- [pillpath-backend] [           main] o.h.q.sqm.function.SqmFunctionRegistry   : Registered SqmFunctionTemplate [NamedSqmFunctionTemplate(sin)] under sin; prior registration was null
2025-07-17T14:55:09.700+05:30 DEBUG 32712 --- [pillpath-backend] [           main] o.h.q.sqm.function.SqmFunctionRegistry   : Registered SqmFunctionTemplate [NamedSqmFunctionTemplate(cos)] under cos; prior registration was null
2025-07-17T14:55:09.700+05:30 DEBUG 32712 --- [pillpath-backend] [           main] o.h.q.sqm.function.SqmFunctionRegistry   : Registered SqmFunctionTemplate [NamedSqmFunctionTemplate(tan)] under tan; prior registration was null
2025-07-17T14:55:09.700+05:30 DEBUG 32712 --- [pillpath-backend] [           main] o.h.q.sqm.function.SqmFunctionRegistry   : Registered SqmFunctionTemplate [NamedSqmFunctionTemplate(asin)] under asin; prior registration was null
2025-07-17T14:55:09.700+05:30 DEBUG 32712 --- [pillpath-backend] [           main] o.h.q.sqm.function.SqmFunctionRegistry   : Registered SqmFunctionTemplate [NamedSqmFunctionTemplate(acos)] under acos; prior registration was null
2025-07-17T14:55:09.700+05:30 DEBUG 32712 --- [pillpath-backend] [           main] o.h.q.sqm.function.SqmFunctionRegistry   : Registered SqmFunctionTemplate [NamedSqmFunctionTemplate(atan)] under atan; prior registration was null
2025-07-17T14:55:09.700+05:30 DEBUG 32712 --- [pillpath-backend] [           main] o.h.q.sqm.function.SqmFunctionRegistry   : Registered SqmFunctionTemplate [NamedSqmFunctionTemplate(atan2)] under atan2; prior registration was null
2025-07-17T14:55:09.702+05:30 DEBUG 32712 --- [pillpath-backend] [           main] o.h.q.sqm.function.SqmFunctionRegistry   : Registered SqmFunctionTemplate [org.hibernate.query.sqm.function.PatternBasedSqmFunctionDescriptor@7434ee13] under sinh; prior registration was null
2025-07-17T14:55:09.703+05:30 DEBUG 32712 --- [pillpath-backend] [           main] o.h.q.sqm.function.SqmFunctionRegistry   : Registered SqmFunctionTemplate [org.hibernate.query.sqm.function.PatternBasedSqmFunctionDescriptor@44a14de0] under cosh; prior registration was null
2025-07-17T14:55:09.703+05:30 DEBUG 32712 --- [pillpath-backend] [           main] o.h.q.sqm.function.SqmFunctionRegistry   : Registered SqmFunctionTemplate [org.hibernate.query.sqm.function.PatternBasedSqmFunctionDescriptor@50fd739d] under tanh; prior registration was null
2025-07-17T14:55:09.703+05:30 DEBUG 32712 --- [pillpath-backend] [           main] o.h.q.sqm.function.SqmFunctionRegistry   : Registered SqmFunctionTemplate [org.hibernate.query.sqm.function.PatternBasedSqmFunctionDescriptor@5e1d1524] under pi; prior registration was null
2025-07-17T14:55:09.703+05:30 DEBUG 32712 --- [pillpath-backend] [           main] o.h.q.sqm.function.SqmFunctionRegistry   : Registered SqmFunctionTemplate [org.hibernate.query.sqm.function.PatternBasedSqmFunctionDescriptor@d0a2c82] under log; prior registration was null
2025-07-17T14:55:09.703+05:30 DEBUG 32712 --- [pillpath-backend] [           main] o.h.q.sqm.function.SqmFunctionRegistry   : Registered SqmFunctionTemplate [NamedSqmFunctionTemplate(coalesce)] under coalesce; prior registration was null
2025-07-17T14:55:09.704+05:30 DEBUG 32712 --- [pillpath-backend] [           main] o.h.q.sqm.function.SqmFunctionRegistry   : Registered SqmFunctionTemplate [NamedSqmFunctionTemplate(nullif)] under nullif; prior registration was null
2025-07-17T14:55:09.704+05:30 DEBUG 32712 --- [pillpath-backend] [           main] o.h.q.sqm.function.SqmFunctionRegistry   : Registered SqmFunctionTemplate [NamedSqmFunctionTemplate(left)] under left; prior registration was null
2025-07-17T14:55:09.704+05:30 DEBUG 32712 --- [pillpath-backend] [           main] o.h.q.sqm.function.SqmFunctionRegistry   : Registered SqmFunctionTemplate [NamedSqmFunctionTemplate(right)] under right; prior registration was null
2025-07-17T14:55:09.704+05:30 DEBUG 32712 --- [pillpath-backend] [           main] o.h.q.sqm.function.SqmFunctionRegistry   : Registered SqmFunctionTemplate [NamedSqmFunctionTemplate(replace)] under replace; prior registration was null
2025-07-17T14:55:09.704+05:30 DEBUG 32712 --- [pillpath-backend] [           main] o.h.q.sqm.function.SqmFunctionRegistry   : Registered SqmFunctionTemplate [NamedSqmFunctionTemplate(concat)] under concat; prior registration was null
2025-07-17T14:55:09.704+05:30 DEBUG 32712 --- [pillpath-backend] [           main] o.h.q.sqm.function.SqmFunctionRegistry   : Registered SqmFunctionTemplate [NamedSqmFunctionTemplate(lower)] under lower; prior registration was null
2025-07-17T14:55:09.704+05:30 DEBUG 32712 --- [pillpath-backend] [           main] o.h.q.sqm.function.SqmFunctionRegistry   : Registered SqmFunctionTemplate [NamedSqmFunctionTemplate(upper)] under upper; prior registration was null
2025-07-17T14:55:09.704+05:30 DEBUG 32712 --- [pillpath-backend] [           main] o.h.q.sqm.function.SqmFunctionRegistry   : Registered SqmFunctionTemplate [NamedSqmFunctionTemplate(substring)] under substring; prior registration was null
2025-07-17T14:55:09.704+05:30 DEBUG 32712 --- [pillpath-backend] [           main] o.h.q.sqm.function.SqmFunctionRegistry   : Registered SqmFunctionTemplate [NamedSqmFunctionTemplate(locate)] under locate; prior registration was null
2025-07-17T14:55:09.705+05:30 DEBUG 32712 --- [pillpath-backend] [           main] o.h.q.sqm.function.SqmFunctionRegistry   : Registered SqmFunctionTemplate [NamedSqmFunctionTemplate(character_length)] under character_length; prior registration was null
2025-07-17T14:55:09.705+05:30 DEBUG 32712 --- [pillpath-backend] [           main] o.h.q.sqm.function.SqmFunctionRegistry   : Registering alternate key : length -> character_length
2025-07-17T14:55:09.706+05:30 DEBUG 32712 --- [pillpath-backend] [           main] o.h.q.sqm.function.SqmFunctionRegistry   : Registered SqmFunctionTemplate [org.hibernate.dialect.function.LocatePositionEmulation@23a78c77] under position; prior registration was null
2025-07-17T14:55:09.709+05:30 DEBUG 32712 --- [pillpath-backend] [           main] o.h.q.sqm.function.SqmFunctionRegistry   : Registered SqmFunctionTemplate [org.hibernate.dialect.function.InsertSubstringOverlayEmulation@68454ed5] under overlay; prior registration was null
2025-07-17T14:55:09.711+05:30 DEBUG 32712 --- [pillpath-backend] [           main] o.h.q.sqm.function.SqmFunctionRegistry   : Registered SqmFunctionTemplate [org.hibernate.dialect.function.TrimFunction@59b98ad1] under trim; prior registration was null
2025-07-17T14:55:09.713+05:30 DEBUG 32712 --- [pillpath-backend] [           main] o.h.q.sqm.function.SqmFunctionRegistry   : Registered SqmFunctionTemplate [org.hibernate.dialect.function.CastFunction@68479e8b] under cast; prior registration was null
2025-07-17T14:55:09.713+05:30 DEBUG 32712 --- [pillpath-backend] [           main] o.h.q.sqm.function.SqmFunctionRegistry   : Registered SqmFunctionTemplate [org.hibernate.query.sqm.function.PatternBasedSqmFunctionDescriptor@4e951fb1] under collate; prior registration was null
2025-07-17T14:55:09.714+05:30 DEBUG 32712 --- [pillpath-backend] [           main] o.h.q.sqm.function.SqmFunctionRegistry   : Registered SqmFunctionTemplate [org.hibernate.dialect.function.ExtractFunction@295d54d6] under extract; prior registration was null
2025-07-17T14:55:09.715+05:30 DEBUG 32712 --- [pillpath-backend] [           main] o.h.q.sqm.function.SqmFunctionRegistry   : Registered SqmFunctionTemplate [NamedSqmFunctionTemplate(least)] under least; prior registration was null
2025-07-17T14:55:09.715+05:30 DEBUG 32712 --- [pillpath-backend] [           main] o.h.q.sqm.function.SqmFunctionRegistry   : Registered SqmFunctionTemplate [NamedSqmFunctionTemplate(greatest)] under greatest; prior registration was null
2025-07-17T14:55:09.715+05:30 DEBUG 32712 --- [pillpath-backend] [           main] o.h.q.sqm.function.SqmFunctionRegistry   : Registered SqmFunctionTemplate [org.hibernate.dialect.function.CoalesceIfnullEmulation@158e6fc2] under ifnull; prior registration was null
2025-07-17T14:55:09.716+05:30 DEBUG 32712 --- [pillpath-backend] [           main] o.h.q.sqm.function.SqmFunctionRegistry   : Registered SqmFunctionTemplate [NamedSqmFunctionTemplate(lpad)] under lpad; prior registration was null
2025-07-17T14:55:09.716+05:30 DEBUG 32712 --- [pillpath-backend] [           main] o.h.q.sqm.function.SqmFunctionRegistry   : Registered SqmFunctionTemplate [NamedSqmFunctionTemplate(rpad)] under rpad; prior registration was null
2025-07-17T14:55:09.716+05:30 DEBUG 32712 --- [pillpath-backend] [           main] o.h.q.sqm.function.SqmFunctionRegistry   : Registered SqmFunctionTemplate [org.hibernate.dialect.function.LpadRpadPadEmulation@6dbb3d7d] under pad; prior registration was null
2025-07-17T14:55:09.717+05:30 DEBUG 32712 --- [pillpath-backend] [           main] o.h.q.sqm.function.SqmFunctionRegistry   : Registered SqmFunctionTemplate [org.hibernate.dialect.function.CastStrEmulation@3ea9a091] under str; prior registration was null
2025-07-17T14:55:09.721+05:30 DEBUG 32712 --- [pillpath-backend] [           main] o.h.q.sqm.function.SqmFunctionRegistry   : Registered SqmFunctionTemplate [org.hibernate.dialect.function.FormatFunction@21c99abf] under format; prior registration was null
2025-07-17T14:55:09.723+05:30 DEBUG 32712 --- [pillpath-backend] [           main] o.h.q.sqm.function.SqmFunctionRegistry   : Registered SqmFunctionTemplate [org.hibernate.dialect.function.TimestampaddFunction@236b4a44] under timestampadd; prior registration was null
2025-07-17T14:55:09.724+05:30 DEBUG 32712 --- [pillpath-backend] [           main] o.h.q.sqm.function.SqmFunctionRegistry   : Registered SqmFunctionTemplate [org.hibernate.dialect.function.TimestampdiffFunction@25dcf1b6] under timestampdiff; prior registration was null
2025-07-17T14:55:09.724+05:30 DEBUG 32712 --- [pillpath-backend] [           main] o.h.q.sqm.function.SqmFunctionRegistry   : Registering alternate key : dateadd -> timestampadd
2025-07-17T14:55:09.724+05:30 DEBUG 32712 --- [pillpath-backend] [           main] o.h.q.sqm.function.SqmFunctionRegistry   : Registering alternate key : datediff -> timestampdiff
2025-07-17T14:55:09.725+05:30 DEBUG 32712 --- [pillpath-backend] [           main] o.h.q.sqm.function.SqmFunctionRegistry   : Registered SqmFunctionTemplate [org.hibernate.dialect.function.CurrentFunction@352c3d70] under current_date; prior registration was null
2025-07-17T14:55:09.725+05:30 DEBUG 32712 --- [pillpath-backend] [           main] o.h.q.sqm.function.SqmFunctionRegistry   : Registered SqmFunctionTemplate [org.hibernate.dialect.function.CurrentFunction@4c13ca07] under current_time; prior registration was null
2025-07-17T14:55:09.725+05:30 DEBUG 32712 --- [pillpath-backend] [           main] o.h.q.sqm.function.SqmFunctionRegistry   : Registered SqmFunctionTemplate [org.hibernate.dialect.function.CurrentFunction@7d17906] under current_timestamp; prior registration was null
2025-07-17T14:55:09.725+05:30 DEBUG 32712 --- [pillpath-backend] [           main] o.h.q.sqm.function.SqmFunctionRegistry   : Registering alternate key : current date -> current_date
2025-07-17T14:55:09.726+05:30 DEBUG 32712 --- [pillpath-backend] [           main] o.h.q.sqm.function.SqmFunctionRegistry   : Registering alternate key : current time -> current_time
2025-07-17T14:55:09.726+05:30 DEBUG 32712 --- [pillpath-backend] [           main] o.h.q.sqm.function.SqmFunctionRegistry   : Registering alternate key : current timestamp -> current_timestamp
2025-07-17T14:55:09.726+05:30 DEBUG 32712 --- [pillpath-backend] [           main] o.h.q.sqm.function.SqmFunctionRegistry   : Registered SqmFunctionTemplate [org.hibernate.dialect.function.CurrentFunction@97beeaf] under local_date; prior registration was null
2025-07-17T14:55:09.726+05:30 DEBUG 32712 --- [pillpath-backend] [           main] o.h.q.sqm.function.SqmFunctionRegistry   : Registered SqmFunctionTemplate [org.hibernate.dialect.function.CurrentFunction@5d68954d] under local_time; prior registration was null
2025-07-17T14:55:09.726+05:30 DEBUG 32712 --- [pillpath-backend] [           main] o.h.q.sqm.function.SqmFunctionRegistry   : Registered SqmFunctionTemplate [org.hibernate.dialect.function.CurrentFunction@f793f15] under local_datetime; prior registration was null
2025-07-17T14:55:09.726+05:30 DEBUG 32712 --- [pillpath-backend] [           main] o.h.q.sqm.function.SqmFunctionRegistry   : Registered SqmFunctionTemplate [org.hibernate.dialect.function.CurrentFunction@3ec7eb5] under offset_datetime; prior registration was null
2025-07-17T14:55:09.726+05:30 DEBUG 32712 --- [pillpath-backend] [           main] o.h.q.sqm.function.SqmFunctionRegistry   : Registering alternate key : local date -> local_date
2025-07-17T14:55:09.726+05:30 DEBUG 32712 --- [pillpath-backend] [           main] o.h.q.sqm.function.SqmFunctionRegistry   : Registering alternate key : local time -> local_time
2025-07-17T14:55:09.726+05:30 DEBUG 32712 --- [pillpath-backend] [           main] o.h.q.sqm.function.SqmFunctionRegistry   : Registering alternate key : local datetime -> local_datetime
2025-07-17T14:55:09.726+05:30 DEBUG 32712 --- [pillpath-backend] [           main] o.h.q.sqm.function.SqmFunctionRegistry   : Registering alternate key : offset datetime -> offset_datetime
2025-07-17T14:55:09.726+05:30 DEBUG 32712 --- [pillpath-backend] [           main] o.h.q.sqm.function.SqmFunctionRegistry   : Registered SqmFunctionTemplate [org.hibernate.dialect.function.CurrentFunction@5534e6f1] under instant; prior registration was null
2025-07-17T14:55:09.726+05:30 DEBUG 32712 --- [pillpath-backend] [           main] o.h.q.sqm.function.SqmFunctionRegistry   : Registering alternate key : current_instant -> instant
2025-07-17T14:55:09.727+05:30 DEBUG 32712 --- [pillpath-backend] [           main] o.h.q.sqm.function.SqmFunctionRegistry   : Registered SqmFunctionTemplate [org.hibernate.dialect.function.SqlFunction@18a0721b] under sql; prior registration was null
2025-07-17T14:55:09.727+05:30 DEBUG 32712 --- [pillpath-backend] [           main] o.h.q.sqm.function.SqmFunctionRegistry   : Registered SqmFunctionTemplate [NamedSqmFunctionTemplate(cot)] under cot; prior registration was null
2025-07-17T14:55:09.728+05:30 DEBUG 32712 --- [pillpath-backend] [           main] o.h.q.sqm.function.SqmFunctionRegistry   : Registered SqmFunctionTemplate [NamedSqmFunctionTemplate(radians)] under radians; prior registration was null
2025-07-17T14:55:09.728+05:30 DEBUG 32712 --- [pillpath-backend] [           main] o.h.q.sqm.function.SqmFunctionRegistry   : Registered SqmFunctionTemplate [NamedSqmFunctionTemplate(degrees)] under degrees; prior registration was null
2025-07-17T14:55:09.728+05:30 DEBUG 32712 --- [pillpath-backend] [           main] o.h.q.sqm.function.SqmFunctionRegistry   : Registered SqmFunctionTemplate [NamedSqmFunctionTemplate(log)] under log; prior registration was org.hibernate.query.sqm.function.PatternBasedSqmFunctionDescriptor@d0a2c82
2025-07-17T14:55:09.728+05:30 DEBUG 32712 --- [pillpath-backend] [           main] o.h.q.sqm.function.SqmFunctionRegistry   : Registered SqmFunctionTemplate [org.hibernate.query.sqm.function.PatternBasedSqmFunctionDescriptor@2ae2fa13] under mod; prior registration was NamedSqmFunctionTemplate(mod)
2025-07-17T14:55:09.728+05:30 DEBUG 32712 --- [pillpath-backend] [           main] o.h.q.sqm.function.SqmFunctionRegistry   : Registered SqmFunctionTemplate [NamedSqmFunctionTemplate(log10)] under log10; prior registration was null
2025-07-17T14:55:09.728+05:30 DEBUG 32712 --- [pillpath-backend] [           main] o.h.q.sqm.function.SqmFunctionRegistry   : Registered SqmFunctionTemplate [NamedSqmFunctionTemplate(tanh)] under tanh; prior registration was org.hibernate.query.sqm.function.PatternBasedSqmFunctionDescriptor@50fd739d
2025-07-17T14:55:09.728+05:30 DEBUG 32712 --- [pillpath-backend] [           main] o.h.q.sqm.function.SqmFunctionRegistry   : Registered SqmFunctionTemplate [NamedSqmFunctionTemplate(sinh)] under sinh; prior registration was org.hibernate.query.sqm.function.PatternBasedSqmFunctionDescriptor@7434ee13
2025-07-17T14:55:09.728+05:30 DEBUG 32712 --- [pillpath-backend] [           main] o.h.q.sqm.function.SqmFunctionRegistry   : Registered SqmFunctionTemplate [NamedSqmFunctionTemplate(cosh)] under cosh; prior registration was org.hibernate.query.sqm.function.PatternBasedSqmFunctionDescriptor@44a14de0
2025-07-17T14:55:09.728+05:30 DEBUG 32712 --- [pillpath-backend] [           main] o.h.q.sqm.function.SqmFunctionRegistry   : Registered SqmFunctionTemplate [NamedSqmFunctionTemplate(acosh)] under acosh; prior registration was null
2025-07-17T14:55:09.728+05:30 DEBUG 32712 --- [pillpath-backend] [           main] o.h.q.sqm.function.SqmFunctionRegistry   : Registered SqmFunctionTemplate [NamedSqmFunctionTemplate(asinh)] under asinh; prior registration was null
2025-07-17T14:55:09.728+05:30 DEBUG 32712 --- [pillpath-backend] [           main] o.h.q.sqm.function.SqmFunctionRegistry   : Registered SqmFunctionTemplate [NamedSqmFunctionTemplate(atanh)] under atanh; prior registration was null
2025-07-17T14:55:09.728+05:30 DEBUG 32712 --- [pillpath-backend] [           main] o.h.q.sqm.function.SqmFunctionRegistry   : Registered SqmFunctionTemplate [NamedSqmFunctionTemplate(cbrt)] under cbrt; prior registration was null
2025-07-17T14:55:09.728+05:30 DEBUG 32712 --- [pillpath-backend] [           main] o.h.q.sqm.function.SqmFunctionRegistry   : Registered SqmFunctionTemplate [NamedSqmFunctionTemplate(pi)] under pi; prior registration was org.hibernate.query.sqm.function.PatternBasedSqmFunctionDescriptor@5e1d1524
2025-07-17T14:55:09.728+05:30 DEBUG 32712 --- [pillpath-backend] [           main] o.h.q.sqm.function.SqmFunctionRegistry   : Registered SqmFunctionTemplate [NamedSqmFunctionTemplate(ltrim)] under ltrim; prior registration was null
2025-07-17T14:55:09.728+05:30 DEBUG 32712 --- [pillpath-backend] [           main] o.h.q.sqm.function.SqmFunctionRegistry   : Registered SqmFunctionTemplate [NamedSqmFunctionTemplate(rtrim)] under rtrim; prior registration was null
2025-07-17T14:55:09.728+05:30 DEBUG 32712 --- [pillpath-backend] [           main] o.h.q.sqm.function.SqmFunctionRegistry   : Registered SqmFunctionTemplate [NamedSqmFunctionTemplate(repeat)] under repeat; prior registration was null
2025-07-17T14:55:09.728+05:30 DEBUG 32712 --- [pillpath-backend] [           main] o.h.q.sqm.function.SqmFunctionRegistry   : Registered SqmFunctionTemplate [NamedSqmFunctionTemplate(md5)] under md5; prior registration was null
2025-07-17T14:55:09.728+05:30 DEBUG 32712 --- [pillpath-backend] [           main] o.h.q.sqm.function.SqmFunctionRegistry   : Registered SqmFunctionTemplate [NamedSqmFunctionTemplate(initcap)] under initcap; prior registration was null
2025-07-17T14:55:09.728+05:30 DEBUG 32712 --- [pillpath-backend] [           main] o.h.q.sqm.function.SqmFunctionRegistry   : Registered SqmFunctionTemplate [NamedSqmFunctionTemplate(substr)] under substr; prior registration was null
2025-07-17T14:55:09.729+05:30 DEBUG 32712 --- [pillpath-backend] [           main] o.h.q.sqm.function.SqmFunctionRegistry   : Registered SqmFunctionTemplate [NamedSqmFunctionTemplate(substr)] under substring; prior registration was NamedSqmFunctionTemplate(substring)
2025-07-17T14:55:09.729+05:30 DEBUG 32712 --- [pillpath-backend] [           main] o.h.q.sqm.function.SqmFunctionRegistry   : Registered SqmFunctionTemplate [NamedSqmFunctionTemplate(translate)] under translate; prior registration was null
2025-07-17T14:55:09.729+05:30 DEBUG 32712 --- [pillpath-backend] [           main] o.h.q.sqm.function.SqmFunctionRegistry   : Registered SqmFunctionTemplate [NamedSqmFunctionTemplate(to_number)] under to_number; prior registration was null
2025-07-17T14:55:09.729+05:30 DEBUG 32712 --- [pillpath-backend] [           main] o.h.q.sqm.function.SqmFunctionRegistry   : Registered SqmFunctionTemplate [NamedSqmFunctionTemplate(to_char)] under to_char; prior registration was null
2025-07-17T14:55:09.729+05:30 DEBUG 32712 --- [pillpath-backend] [           main] o.h.q.sqm.function.SqmFunctionRegistry   : Registered SqmFunctionTemplate [NamedSqmFunctionTemplate(to_date)] under to_date; prior registration was null
2025-07-17T14:55:09.729+05:30 DEBUG 32712 --- [pillpath-backend] [           main] o.h.q.sqm.function.SqmFunctionRegistry   : Registered SqmFunctionTemplate [NamedSqmFunctionTemplate(to_timestamp)] under to_timestamp; prior registration was null
2025-07-17T14:55:09.730+05:30 DEBUG 32712 --- [pillpath-backend] [           main] o.h.q.sqm.function.SqmFunctionRegistry   : Registered SqmFunctionTemplate [org.hibernate.dialect.function.ConcatPipeFunction@22604c7e] under concat; prior registration was NamedSqmFunctionTemplate(concat)
2025-07-17T14:55:09.730+05:30 DEBUG 32712 --- [pillpath-backend] [           main] o.h.q.sqm.function.SqmFunctionRegistry   : Registered SqmFunctionTemplate [NamedSqmFunctionTemplate(localtime)] under localtime; prior registration was null
2025-07-17T14:55:09.730+05:30 DEBUG 32712 --- [pillpath-backend] [           main] o.h.q.sqm.function.SqmFunctionRegistry   : Registered SqmFunctionTemplate [NamedSqmFunctionTemplate(localtimestamp)] under localtimestamp; prior registration was null
2025-07-17T14:55:09.730+05:30 DEBUG 32712 --- [pillpath-backend] [           main] o.h.q.sqm.function.SqmFunctionRegistry   : Registered SqmFunctionTemplate [NamedSqmFunctionTemplate(localtime)] under local_time; prior registration was org.hibernate.dialect.function.CurrentFunction@5d68954d
2025-07-17T14:55:09.730+05:30 DEBUG 32712 --- [pillpath-backend] [           main] o.h.q.sqm.function.SqmFunctionRegistry   : Registered SqmFunctionTemplate [NamedSqmFunctionTemplate(localtimestamp)] under local_datetime; prior registration was org.hibernate.dialect.function.CurrentFunction@f793f15
2025-07-17T14:55:09.731+05:30 DEBUG 32712 --- [pillpath-backend] [           main] o.h.q.sqm.function.SqmFunctionRegistry   : Registered SqmFunctionTemplate [org.hibernate.dialect.function.LengthFunction@2a11ae0b] under character_length; prior registration was NamedSqmFunctionTemplate(character_length)
2025-07-17T14:55:09.732+05:30 DEBUG 32712 --- [pillpath-backend] [           main] o.h.q.sqm.function.SqmFunctionRegistry   : Registering alternate key : length -> character_length
2025-07-17T14:55:09.732+05:30 DEBUG 32712 --- [pillpath-backend] [           main] o.h.q.sqm.function.SqmFunctionRegistry   : Registered SqmFunctionTemplate [org.hibernate.dialect.function.LengthFunction@1e4d8770] under bit_length; prior registration was null
2025-07-17T14:55:09.732+05:30 DEBUG 32712 --- [pillpath-backend] [           main] o.h.q.sqm.function.SqmFunctionRegistry   : Registered SqmFunctionTemplate [org.hibernate.dialect.function.LengthFunction@5b5b9521] under octet_length; prior registration was null
2025-07-17T14:55:09.733+05:30 DEBUG 32712 --- [pillpath-backend] [           main] o.h.q.sqm.function.SqmFunctionRegistry   : Registered SqmFunctionTemplate [NamedSqmFunctionTemplate(ascii)] under ascii; prior registration was null
2025-07-17T14:55:09.733+05:30 DEBUG 32712 --- [pillpath-backend] [           main] o.h.q.sqm.function.SqmFunctionRegistry   : Registered SqmFunctionTemplate [NamedSqmFunctionTemplate(chr)] under chr; prior registration was null
2025-07-17T14:55:09.733+05:30 DEBUG 32712 --- [pillpath-backend] [           main] o.h.q.sqm.function.SqmFunctionRegistry   : Registering alternate key : char -> chr
2025-07-17T14:55:09.733+05:30 DEBUG 32712 --- [pillpath-backend] [           main] o.h.q.sqm.function.SqmFunctionRegistry   : Registered SqmFunctionTemplate [org.hibernate.query.sqm.function.PatternBasedSqmFunctionDescriptor@41f7c02d] under position; prior registration was org.hibernate.dialect.function.LocatePositionEmulation@23a78c77
2025-07-17T14:55:09.733+05:30 DEBUG 32712 --- [pillpath-backend] [           main] o.h.q.sqm.function.SqmFunctionRegistry   : Registered SqmFunctionTemplate [org.hibernate.query.sqm.function.PatternBasedSqmFunctionDescriptor@66314fee] under bitand; prior registration was null
2025-07-17T14:55:09.733+05:30 DEBUG 32712 --- [pillpath-backend] [           main] o.h.q.sqm.function.SqmFunctionRegistry   : Registered SqmFunctionTemplate [org.hibernate.query.sqm.function.PatternBasedSqmFunctionDescriptor@14b5325f] under bitor; prior registration was null
2025-07-17T14:55:09.733+05:30 DEBUG 32712 --- [pillpath-backend] [           main] o.h.q.sqm.function.SqmFunctionRegistry   : Registered SqmFunctionTemplate [org.hibernate.query.sqm.function.PatternBasedSqmFunctionDescriptor@13404f75] under bitxor; prior registration was null
2025-07-17T14:55:09.733+05:30 DEBUG 32712 --- [pillpath-backend] [           main] o.h.q.sqm.function.SqmFunctionRegistry   : Registered SqmFunctionTemplate [org.hibernate.query.sqm.function.PatternBasedSqmFunctionDescriptor@6cc90398] under bitnot; prior registration was null
2025-07-17T14:55:09.733+05:30 DEBUG 32712 --- [pillpath-backend] [           main] o.h.q.sqm.function.SqmFunctionRegistry   : Registered SqmFunctionTemplate [NamedSqmFunctionTemplate(bit_and)] under bit_and; prior registration was null
2025-07-17T14:55:09.733+05:30 DEBUG 32712 --- [pillpath-backend] [           main] o.h.q.sqm.function.SqmFunctionRegistry   : Registered SqmFunctionTemplate [NamedSqmFunctionTemplate(bit_or)] under bit_or; prior registration was null
2025-07-17T14:55:09.733+05:30 DEBUG 32712 --- [pillpath-backend] [           main] o.h.q.sqm.function.SqmFunctionRegistry   : Registered SqmFunctionTemplate [NamedSqmFunctionTemplate(bool_and)] under bool_and; prior registration was null
2025-07-17T14:55:09.733+05:30 DEBUG 32712 --- [pillpath-backend] [           main] o.h.q.sqm.function.SqmFunctionRegistry   : Registering alternate key : every -> bool_and
2025-07-17T14:55:09.734+05:30 DEBUG 32712 --- [pillpath-backend] [           main] o.h.q.sqm.function.SqmFunctionRegistry   : Registered SqmFunctionTemplate [NamedSqmFunctionTemplate(bool_or)] under bool_or; prior registration was null
2025-07-17T14:55:09.734+05:30 DEBUG 32712 --- [pillpath-backend] [           main] o.h.q.sqm.function.SqmFunctionRegistry   : Registering alternate key : any -> bool_or
2025-07-17T14:55:09.734+05:30 DEBUG 32712 --- [pillpath-backend] [           main] o.h.q.sqm.function.SqmFunctionRegistry   : Registered SqmFunctionTemplate [org.hibernate.query.sqm.function.PatternBasedSqmFunctionDescriptor@6b6fd0] under median; prior registration was null
2025-07-17T14:55:09.734+05:30 DEBUG 32712 --- [pillpath-backend] [           main] o.h.q.sqm.function.SqmFunctionRegistry   : Registered SqmFunctionTemplate [NamedSqmFunctionTemplate(stddev)] under stddev; prior registration was null
2025-07-17T14:55:09.734+05:30 DEBUG 32712 --- [pillpath-backend] [           main] o.h.q.sqm.function.SqmFunctionRegistry   : Registered SqmFunctionTemplate [NamedSqmFunctionTemplate(stddev_pop)] under stddev_pop; prior registration was null
2025-07-17T14:55:09.734+05:30 DEBUG 32712 --- [pillpath-backend] [           main] o.h.q.sqm.function.SqmFunctionRegistry   : Registered SqmFunctionTemplate [NamedSqmFunctionTemplate(stddev_samp)] under stddev_samp; prior registration was null
2025-07-17T14:55:09.734+05:30 DEBUG 32712 --- [pillpath-backend] [           main] o.h.q.sqm.function.SqmFunctionRegistry   : Registered SqmFunctionTemplate [NamedSqmFunctionTemplate(variance)] under variance; prior registration was null
2025-07-17T14:55:09.734+05:30 DEBUG 32712 --- [pillpath-backend] [           main] o.h.q.sqm.function.SqmFunctionRegistry   : Registered SqmFunctionTemplate [NamedSqmFunctionTemplate(var_pop)] under var_pop; prior registration was null
2025-07-17T14:55:09.734+05:30 DEBUG 32712 --- [pillpath-backend] [           main] o.h.q.sqm.function.SqmFunctionRegistry   : Registered SqmFunctionTemplate [NamedSqmFunctionTemplate(var_samp)] under var_samp; prior registration was null
2025-07-17T14:55:09.735+05:30 DEBUG 32712 --- [pillpath-backend] [           main] o.h.q.sqm.function.SqmFunctionRegistry   : Registered SqmFunctionTemplate [NamedSqmFunctionTemplate(covar_pop)] under covar_pop; prior registration was null
2025-07-17T14:55:09.735+05:30 DEBUG 32712 --- [pillpath-backend] [           main] o.h.q.sqm.function.SqmFunctionRegistry   : Registered SqmFunctionTemplate [NamedSqmFunctionTemplate(covar_samp)] under covar_samp; prior registration was null
2025-07-17T14:55:09.735+05:30 DEBUG 32712 --- [pillpath-backend] [           main] o.h.q.sqm.function.SqmFunctionRegistry   : Registered SqmFunctionTemplate [NamedSqmFunctionTemplate(corr)] under corr; prior registration was null
2025-07-17T14:55:09.737+05:30 DEBUG 32712 --- [pillpath-backend] [           main] o.h.q.sqm.function.SqmFunctionRegistry   : Registered SqmFunctionTemplate [NamedSqmFunctionTemplate(regr_avgx)] under regr_avgx; prior registration was null
2025-07-17T14:55:09.737+05:30 DEBUG 32712 --- [pillpath-backend] [           main] o.h.q.sqm.function.SqmFunctionRegistry   : Registered SqmFunctionTemplate [NamedSqmFunctionTemplate(regr_avgy)] under regr_avgy; prior registration was null
2025-07-17T14:55:09.737+05:30 DEBUG 32712 --- [pillpath-backend] [           main] o.h.q.sqm.function.SqmFunctionRegistry   : Registered SqmFunctionTemplate [NamedSqmFunctionTemplate(regr_count)] under regr_count; prior registration was null
2025-07-17T14:55:09.737+05:30 DEBUG 32712 --- [pillpath-backend] [           main] o.h.q.sqm.function.SqmFunctionRegistry   : Registered SqmFunctionTemplate [NamedSqmFunctionTemplate(regr_intercept)] under regr_intercept; prior registration was null
2025-07-17T14:55:09.737+05:30 DEBUG 32712 --- [pillpath-backend] [           main] o.h.q.sqm.function.SqmFunctionRegistry   : Registered SqmFunctionTemplate [NamedSqmFunctionTemplate(regr_r2)] under regr_r2; prior registration was null
2025-07-17T14:55:09.737+05:30 DEBUG 32712 --- [pillpath-backend] [           main] o.h.q.sqm.function.SqmFunctionRegistry   : Registered SqmFunctionTemplate [NamedSqmFunctionTemplate(regr_slope)] under regr_slope; prior registration was null
2025-07-17T14:55:09.737+05:30 DEBUG 32712 --- [pillpath-backend] [           main] o.h.q.sqm.function.SqmFunctionRegistry   : Registered SqmFunctionTemplate [NamedSqmFunctionTemplate(regr_sxx)] under regr_sxx; prior registration was null
2025-07-17T14:55:09.737+05:30 DEBUG 32712 --- [pillpath-backend] [           main] o.h.q.sqm.function.SqmFunctionRegistry   : Registered SqmFunctionTemplate [NamedSqmFunctionTemplate(regr_sxy)] under regr_sxy; prior registration was null
2025-07-17T14:55:09.737+05:30 DEBUG 32712 --- [pillpath-backend] [           main] o.h.q.sqm.function.SqmFunctionRegistry   : Registered SqmFunctionTemplate [NamedSqmFunctionTemplate(regr_syy)] under regr_syy; prior registration was null
2025-07-17T14:55:09.737+05:30 DEBUG 32712 --- [pillpath-backend] [           main] o.h.q.sqm.function.SqmFunctionRegistry   : Registered SqmFunctionTemplate [org.hibernate.query.sqm.function.PatternBasedSqmFunctionDescriptor@2cdb5974] under insert; prior registration was null
2025-07-17T14:55:09.739+05:30 DEBUG 32712 --- [pillpath-backend] [           main] o.h.q.sqm.function.SqmFunctionRegistry   : Registered SqmFunctionTemplate [org.hibernate.query.sqm.function.MultipatternSqmFunctionDescriptor@1450ffa3] under overlay; prior registration was org.hibernate.dialect.function.InsertSubstringOverlayEmulation@68454ed5
2025-07-17T14:55:09.740+05:30 DEBUG 32712 --- [pillpath-backend] [           main] o.h.q.sqm.function.SqmFunctionRegistry   : Registered SqmFunctionTemplate [NamedSqmFunctionTemplate(soundex)] under soundex; prior registration was null
2025-07-17T14:55:09.740+05:30 DEBUG 32712 --- [pillpath-backend] [           main] o.h.q.sqm.function.SqmFunctionRegistry   : Registered SqmFunctionTemplate [org.hibernate.query.sqm.function.MultipatternSqmFunctionDescriptor@4e756867] under locate; prior registration was NamedSqmFunctionTemplate(locate)
2025-07-17T14:55:09.740+05:30 DEBUG 32712 --- [pillpath-backend] [           main] o.h.q.sqm.function.SqmFunctionRegistry   : Registered SqmFunctionTemplate [NamedSqmFunctionTemplate(row_number)] under row_number; prior registration was null
2025-07-17T14:55:09.741+05:30 DEBUG 32712 --- [pillpath-backend] [           main] o.h.q.sqm.function.SqmFunctionRegistry   : Registered SqmFunctionTemplate [NamedSqmFunctionTemplate(lag)] under lag; prior registration was null
2025-07-17T14:55:09.742+05:30 DEBUG 32712 --- [pillpath-backend] [           main] o.h.q.sqm.function.SqmFunctionRegistry   : Registered SqmFunctionTemplate [NamedSqmFunctionTemplate(lead)] under lead; prior registration was null
2025-07-17T14:55:09.742+05:30 DEBUG 32712 --- [pillpath-backend] [           main] o.h.q.sqm.function.SqmFunctionRegistry   : Registered SqmFunctionTemplate [NamedSqmFunctionTemplate(first_value)] under first_value; prior registration was null
2025-07-17T14:55:09.742+05:30 DEBUG 32712 --- [pillpath-backend] [           main] o.h.q.sqm.function.SqmFunctionRegistry   : Registered SqmFunctionTemplate [NamedSqmFunctionTemplate(last_value)] under last_value; prior registration was null
2025-07-17T14:55:09.742+05:30 DEBUG 32712 --- [pillpath-backend] [           main] o.h.q.sqm.function.SqmFunctionRegistry   : Registered SqmFunctionTemplate [NamedSqmFunctionTemplate(nth_value)] under nth_value; prior registration was null
2025-07-17T14:55:09.745+05:30 DEBUG 32712 --- [pillpath-backend] [           main] o.h.q.sqm.function.SqmFunctionRegistry   : Registered SqmFunctionTemplate [org.hibernate.dialect.function.ListaggStringAggEmulation@1b98355f] under listagg; prior registration was null
2025-07-17T14:55:09.749+05:30 DEBUG 32712 --- [pillpath-backend] [           main] o.h.q.sqm.function.SqmFunctionRegistry   : Registered SqmFunctionTemplate [org.hibernate.dialect.function.array.PostgreSQLArrayConstructorFunction@54556723] under array; prior registration was null
2025-07-17T14:55:09.749+05:30 DEBUG 32712 --- [pillpath-backend] [           main] o.h.q.sqm.function.SqmFunctionRegistry   : Registered SqmFunctionTemplate [org.hibernate.dialect.function.array.PostgreSQLArrayConstructorFunction@6124dda2] under array_list; prior registration was null
2025-07-17T14:55:09.750+05:30 DEBUG 32712 --- [pillpath-backend] [           main] o.h.q.sqm.function.SqmFunctionRegistry   : Registered SqmFunctionTemplate [org.hibernate.dialect.function.array.ArrayAggFunction@3d59933] under array_agg; prior registration was null
2025-07-17T14:55:09.756+05:30 DEBUG 32712 --- [pillpath-backend] [           main] o.h.q.sqm.function.SqmFunctionRegistry   : Registered SqmFunctionTemplate [org.hibernate.dialect.function.array.PostgreSQLArrayPositionFunction@7976e536] under array_position; prior registration was null
2025-07-17T14:55:09.764+05:30 DEBUG 32712 --- [pillpath-backend] [           main] o.h.q.sqm.function.SqmFunctionRegistry   : Registered SqmFunctionTemplate [org.hibernate.dialect.function.array.PostgreSQLArrayPositionsFunction@5dd23809] under array_positions; prior registration was null
2025-07-17T14:55:09.766+05:30 DEBUG 32712 --- [pillpath-backend] [           main] o.h.q.sqm.function.SqmFunctionRegistry   : Registered SqmFunctionTemplate [org.hibernate.dialect.function.array.PostgreSQLArrayPositionsFunction@36511772] under array_positions_list; prior registration was null
2025-07-17T14:55:09.767+05:30 DEBUG 32712 --- [pillpath-backend] [           main] o.h.q.sqm.function.SqmFunctionRegistry   : Registered SqmFunctionTemplate [org.hibernate.query.sqm.function.PatternBasedSqmFunctionDescriptor@51869ad6] under array_length; prior registration was null
2025-07-17T14:55:09.768+05:30 DEBUG 32712 --- [pillpath-backend] [           main] o.h.q.sqm.function.SqmFunctionRegistry   : Registered SqmFunctionTemplate [org.hibernate.dialect.function.DynamicDispatchFunction@2c15034f] under length; prior registration was null
2025-07-17T14:55:09.769+05:30 DEBUG 32712 --- [pillpath-backend] [           main] o.h.q.sqm.function.SqmFunctionRegistry   : Registered SqmFunctionTemplate [org.hibernate.dialect.function.array.PostgreSQLArrayConcatFunction@2047adea] under array_concat; prior registration was null
2025-07-17T14:55:09.770+05:30 DEBUG 32712 --- [pillpath-backend] [           main] o.h.q.sqm.function.SqmFunctionRegistry   : Registered SqmFunctionTemplate [org.hibernate.dialect.function.array.PostgreSQLArrayConcatElementFunction@62794582] under array_prepend; prior registration was null
2025-07-17T14:55:09.771+05:30 DEBUG 32712 --- [pillpath-backend] [           main] o.h.q.sqm.function.SqmFunctionRegistry   : Registered SqmFunctionTemplate [org.hibernate.dialect.function.array.PostgreSQLArrayConcatElementFunction@c82ad22] under array_append; prior registration was null
2025-07-17T14:55:09.774+05:30 DEBUG 32712 --- [pillpath-backend] [           main] o.h.q.sqm.function.SqmFunctionRegistry   : Registered SqmFunctionTemplate [org.hibernate.dialect.function.array.ArrayContainsOperatorFunction@3c8fe8ad] under array_contains; prior registration was null
2025-07-17T14:55:09.774+05:30 DEBUG 32712 --- [pillpath-backend] [           main] o.h.q.sqm.function.SqmFunctionRegistry   : Registered SqmFunctionTemplate [org.hibernate.dialect.function.array.ArrayContainsOperatorFunction@43d6262c] under array_contains_nullable; prior registration was null
2025-07-17T14:55:09.776+05:30 DEBUG 32712 --- [pillpath-backend] [           main] o.h.q.sqm.function.SqmFunctionRegistry   : Registered SqmFunctionTemplate [org.hibernate.dialect.function.array.ArrayIncludesOperatorFunction@6acb45c1] under array_includes; prior registration was null
2025-07-17T14:55:09.776+05:30 DEBUG 32712 --- [pillpath-backend] [           main] o.h.q.sqm.function.SqmFunctionRegistry   : Registered SqmFunctionTemplate [org.hibernate.dialect.function.array.ArrayIncludesOperatorFunction@294c44b7] under array_includes_nullable; prior registration was null
2025-07-17T14:55:09.777+05:30 DEBUG 32712 --- [pillpath-backend] [           main] o.h.q.sqm.function.SqmFunctionRegistry   : Registered SqmFunctionTemplate [org.hibernate.dialect.function.array.ArrayIntersectsOperatorFunction@688d619c] under array_intersects; prior registration was null
2025-07-17T14:55:09.777+05:30 DEBUG 32712 --- [pillpath-backend] [           main] o.h.q.sqm.function.SqmFunctionRegistry   : Registered SqmFunctionTemplate [org.hibernate.dialect.function.array.ArrayIntersectsOperatorFunction@647ff23e] under array_intersects_nullable; prior registration was null
2025-07-17T14:55:09.777+05:30 DEBUG 32712 --- [pillpath-backend] [           main] o.h.q.sqm.function.SqmFunctionRegistry   : Registering alternate key : array_overlaps -> array_intersects
2025-07-17T14:55:09.777+05:30 DEBUG 32712 --- [pillpath-backend] [           main] o.h.q.sqm.function.SqmFunctionRegistry   : Registering alternate key : array_overlaps_nullable -> array_intersects_nullable
2025-07-17T14:55:09.778+05:30 DEBUG 32712 --- [pillpath-backend] [           main] o.h.q.sqm.function.SqmFunctionRegistry   : Registered SqmFunctionTemplate [org.hibernate.query.sqm.function.PatternBasedSqmFunctionDescriptor@2dde0a34] under array_get; prior registration was null
2025-07-17T14:55:09.779+05:30 DEBUG 32712 --- [pillpath-backend] [           main] o.h.q.sqm.function.SqmFunctionRegistry   : Registered SqmFunctionTemplate [org.hibernate.dialect.function.array.ArraySetUnnestFunction@556aed22] under array_set; prior registration was null
2025-07-17T14:55:09.779+05:30 DEBUG 32712 --- [pillpath-backend] [           main] o.h.q.sqm.function.SqmFunctionRegistry   : Registered SqmFunctionTemplate [NamedSqmFunctionTemplate(array_remove)] under array_remove; prior registration was null
2025-07-17T14:55:09.779+05:30 DEBUG 32712 --- [pillpath-backend] [           main] o.h.q.sqm.function.SqmFunctionRegistry   : Registered SqmFunctionTemplate [org.hibernate.dialect.function.array.ArrayRemoveIndexUnnestFunction@19e801b5] under array_remove_index; prior registration was null
2025-07-17T14:55:09.779+05:30 DEBUG 32712 --- [pillpath-backend] [           main] o.h.q.sqm.function.SqmFunctionRegistry   : Registered SqmFunctionTemplate [org.hibernate.query.sqm.function.PatternBasedSqmFunctionDescriptor@24de63b] under array_slice; prior registration was null
2025-07-17T14:55:09.779+05:30 DEBUG 32712 --- [pillpath-backend] [           main] o.h.q.sqm.function.SqmFunctionRegistry   : Registered SqmFunctionTemplate [NamedSqmFunctionTemplate(array_replace)] under array_replace; prior registration was null
2025-07-17T14:55:09.779+05:30 DEBUG 32712 --- [pillpath-backend] [           main] o.h.q.sqm.function.SqmFunctionRegistry   : Registered SqmFunctionTemplate [org.hibernate.query.sqm.function.PatternBasedSqmFunctionDescriptor@42d0e41] under array_trim; prior registration was null
2025-07-17T14:55:09.781+05:30 DEBUG 32712 --- [pillpath-backend] [           main] o.h.q.sqm.function.SqmFunctionRegistry   : Registered SqmFunctionTemplate [org.hibernate.dialect.function.array.PostgreSQLArrayFillFunction@422ba9b7] under array_fill; prior registration was null
2025-07-17T14:55:09.781+05:30 DEBUG 32712 --- [pillpath-backend] [           main] o.h.q.sqm.function.SqmFunctionRegistry   : Registered SqmFunctionTemplate [org.hibernate.dialect.function.array.PostgreSQLArrayFillFunction@26cdd4af] under array_fill_list; prior registration was null
2025-07-17T14:55:09.782+05:30 DEBUG 32712 --- [pillpath-backend] [           main] o.h.q.sqm.function.SqmFunctionRegistry   : Registered SqmFunctionTemplate [org.hibernate.dialect.function.array.ArrayToStringFunction@1c53bd49] under array_to_string; prior registration was null
2025-07-17T14:55:09.782+05:30 DEBUG 32712 --- [pillpath-backend] [           main] o.h.q.sqm.function.SqmFunctionRegistry   : Registered SqmFunctionTemplate [NamedSqmFunctionTemplate(make_date)] under make_date; prior registration was null
2025-07-17T14:55:09.782+05:30 DEBUG 32712 --- [pillpath-backend] [           main] o.h.q.sqm.function.SqmFunctionRegistry   : Registered SqmFunctionTemplate [NamedSqmFunctionTemplate(make_time)] under make_time; prior registration was null
2025-07-17T14:55:09.782+05:30 DEBUG 32712 --- [pillpath-backend] [           main] o.h.q.sqm.function.SqmFunctionRegistry   : Registered SqmFunctionTemplate [NamedSqmFunctionTemplate(make_timestamp)] under make_timestamp; prior registration was null
2025-07-17T14:55:09.782+05:30 DEBUG 32712 --- [pillpath-backend] [           main] o.h.q.sqm.function.SqmFunctionRegistry   : Registered SqmFunctionTemplate [NamedSqmFunctionTemplate(make_timestamptz)] under make_timestamptz; prior registration was null
2025-07-17T14:55:09.784+05:30 DEBUG 32712 --- [pillpath-backend] [           main] o.h.q.sqm.function.SqmFunctionRegistry   : Registered SqmFunctionTemplate [org.hibernate.dialect.function.InverseDistributionFunction@17f41739] under mode; prior registration was null
2025-07-17T14:55:09.784+05:30 DEBUG 32712 --- [pillpath-backend] [           main] o.h.q.sqm.function.SqmFunctionRegistry   : Registered SqmFunctionTemplate [org.hibernate.dialect.function.InverseDistributionFunction@2b3b1124] under percentile_cont; prior registration was null
2025-07-17T14:55:09.784+05:30 DEBUG 32712 --- [pillpath-backend] [           main] o.h.q.sqm.function.SqmFunctionRegistry   : Registered SqmFunctionTemplate [org.hibernate.dialect.function.InverseDistributionFunction@54286339] under percentile_disc; prior registration was null
2025-07-17T14:55:09.785+05:30 DEBUG 32712 --- [pillpath-backend] [           main] o.h.q.sqm.function.SqmFunctionRegistry   : Registered SqmFunctionTemplate [org.hibernate.dialect.function.HypotheticalSetFunction@3e2c8ef] under rank; prior registration was null
2025-07-17T14:55:09.785+05:30 DEBUG 32712 --- [pillpath-backend] [           main] o.h.q.sqm.function.SqmFunctionRegistry   : Registered SqmFunctionTemplate [org.hibernate.dialect.function.HypotheticalSetFunction@290807e5] under dense_rank; prior registration was null
2025-07-17T14:55:09.785+05:30 DEBUG 32712 --- [pillpath-backend] [           main] o.h.q.sqm.function.SqmFunctionRegistry   : Registered SqmFunctionTemplate [org.hibernate.dialect.function.HypotheticalSetFunction@60bc308b] under percent_rank; prior registration was null
2025-07-17T14:55:09.785+05:30 DEBUG 32712 --- [pillpath-backend] [           main] o.h.q.sqm.function.SqmFunctionRegistry   : Registered SqmFunctionTemplate [org.hibernate.dialect.function.HypotheticalSetFunction@56499781] under cume_dist; prior registration was null
2025-07-17T14:55:09.786+05:30 DEBUG 32712 --- [pillpath-backend] [           main] o.h.q.sqm.function.SqmFunctionRegistry   : Registered SqmFunctionTemplate [org.hibernate.dialect.function.PostgreSQLMinMaxFunction@31f1b268] under min; prior registration was NamedSqmFunctionTemplate(min)
2025-07-17T14:55:09.786+05:30 DEBUG 32712 --- [pillpath-backend] [           main] o.h.q.sqm.function.SqmFunctionRegistry   : Registered SqmFunctionTemplate [org.hibernate.dialect.function.PostgreSQLMinMaxFunction@3ec7ad61] under max; prior registration was NamedSqmFunctionTemplate(max)
2025-07-17T14:55:09.786+05:30 DEBUG 32712 --- [pillpath-backend] [           main] o.h.q.sqm.function.SqmFunctionRegistry   : Registered SqmFunctionTemplate [org.hibernate.query.sqm.function.PatternBasedSqmFunctionDescriptor@2833c093] under bitxor; prior registration was org.hibernate.query.sqm.function.PatternBasedSqmFunctionDescriptor@13404f75
2025-07-17T14:55:09.787+05:30 DEBUG 32712 --- [pillpath-backend] [           main] o.h.q.sqm.function.SqmFunctionRegistry   : Registered SqmFunctionTemplate [org.hibernate.dialect.function.PostgreSQLTruncRoundFunction@7c682e26] under round; prior registration was NamedSqmFunctionTemplate(round)
2025-07-17T14:55:09.790+05:30 DEBUG 32712 --- [pillpath-backend] [           main] o.h.q.sqm.function.SqmFunctionRegistry   : Registered SqmFunctionTemplate [org.hibernate.dialect.function.PostgreSQLTruncFunction@323efafe] under trunc; prior registration was null
2025-07-17T14:55:09.790+05:30 DEBUG 32712 --- [pillpath-backend] [           main] o.h.q.sqm.function.SqmFunctionRegistry   : Registering alternate key : truncate -> trunc
2025-07-17T14:55:09.790+05:30 DEBUG 32712 --- [pillpath-backend] [           main] o.h.q.sqm.function.SqmFunctionRegistry   : Registered SqmFunctionTemplate [org.hibernate.query.sqm.function.PatternBasedSqmFunctionDescriptor@32dbca45] under date_trunc; prior registration was null
2025-07-17T14:55:09.792+05:30 DEBUG 32712 --- [pillpath-backend] [           main] org.hibernate.HQL_FUNCTIONS              : abs(NUMERIC arg)
2025-07-17T14:55:09.792+05:30 DEBUG 32712 --- [pillpath-backend] [           main] org.hibernate.HQL_FUNCTIONS              : Double acos(NUMERIC arg)
2025-07-17T14:55:09.792+05:30 DEBUG 32712 --- [pillpath-backend] [           main] org.hibernate.HQL_FUNCTIONS              : Double acosh(NUMERIC arg)
2025-07-17T14:55:09.792+05:30 DEBUG 32712 --- [pillpath-backend] [           main] org.hibernate.HQL_FUNCTIONS              : Boolean any(BOOLEAN predicate)
2025-07-17T14:55:09.792+05:30 DEBUG 32712 --- [pillpath-backend] [           main] org.hibernate.HQL_FUNCTIONS              : array( ... )
2025-07-17T14:55:09.792+05:30 DEBUG 32712 --- [pillpath-backend] [           main] org.hibernate.HQL_FUNCTIONS              : array_agg(arg)
2025-07-17T14:55:09.792+05:30 DEBUG 32712 --- [pillpath-backend] [           main] org.hibernate.HQL_FUNCTIONS              : array_append( ... )
2025-07-17T14:55:09.793+05:30 DEBUG 32712 --- [pillpath-backend] [           main] org.hibernate.HQL_FUNCTIONS              : array_concat( ... )
2025-07-17T14:55:09.793+05:30 DEBUG 32712 --- [pillpath-backend] [           main] org.hibernate.HQL_FUNCTIONS              : Boolean array_contains(ARRAY haystackArray, OBJECT needleElementOrArray)
2025-07-17T14:55:09.793+05:30 DEBUG 32712 --- [pillpath-backend] [           main] org.hibernate.HQL_FUNCTIONS              : Boolean array_contains_nullable(ARRAY haystackArray, OBJECT needleElementOrArray)
2025-07-17T14:55:09.793+05:30 DEBUG 32712 --- [pillpath-backend] [           main] org.hibernate.HQL_FUNCTIONS              : array_fill(OBJECT element, INTEGER elementCount)
2025-07-17T14:55:09.793+05:30 DEBUG 32712 --- [pillpath-backend] [           main] org.hibernate.HQL_FUNCTIONS              : array_fill_list(OBJECT element, INTEGER elementCount)
2025-07-17T14:55:09.793+05:30 DEBUG 32712 --- [pillpath-backend] [           main] org.hibernate.HQL_FUNCTIONS              : array_get(ARRAY array, INTEGER index)
2025-07-17T14:55:09.793+05:30 DEBUG 32712 --- [pillpath-backend] [           main] org.hibernate.HQL_FUNCTIONS              : Boolean array_includes(ARRAY haystackArray, OBJECT needleArray)
2025-07-17T14:55:09.793+05:30 DEBUG 32712 --- [pillpath-backend] [           main] org.hibernate.HQL_FUNCTIONS              : Boolean array_includes_nullable(ARRAY haystackArray, OBJECT needleArray)
2025-07-17T14:55:09.793+05:30 DEBUG 32712 --- [pillpath-backend] [           main] org.hibernate.HQL_FUNCTIONS              : Boolean array_intersects(ARRAY array0, OBJECT array1)
2025-07-17T14:55:09.793+05:30 DEBUG 32712 --- [pillpath-backend] [           main] org.hibernate.HQL_FUNCTIONS              : Boolean array_intersects_nullable(ARRAY array0, OBJECT array1)
2025-07-17T14:55:09.793+05:30 DEBUG 32712 --- [pillpath-backend] [           main] org.hibernate.HQL_FUNCTIONS              : Integer array_length(ARRAY array)
2025-07-17T14:55:09.793+05:30 DEBUG 32712 --- [pillpath-backend] [           main] org.hibernate.HQL_FUNCTIONS              : array_list( ... )
2025-07-17T14:55:09.793+05:30 DEBUG 32712 --- [pillpath-backend] [           main] org.hibernate.HQL_FUNCTIONS              : Boolean array_overlaps(ARRAY array0, OBJECT array1)
2025-07-17T14:55:09.793+05:30 DEBUG 32712 --- [pillpath-backend] [           main] org.hibernate.HQL_FUNCTIONS              : Boolean array_overlaps_nullable(ARRAY array0, OBJECT array1)
2025-07-17T14:55:09.793+05:30 DEBUG 32712 --- [pillpath-backend] [           main] org.hibernate.HQL_FUNCTIONS              : Integer array_position(ARRAY array, OBJECT element[, INTEGER startPosition])
2025-07-17T14:55:09.793+05:30 DEBUG 32712 --- [pillpath-backend] [           main] org.hibernate.HQL_FUNCTIONS              : int[] array_positions(ARRAY array, OBJECT element)
2025-07-17T14:55:09.793+05:30 DEBUG 32712 --- [pillpath-backend] [           main] org.hibernate.HQL_FUNCTIONS              : List array_positions_list(ARRAY array, OBJECT element)
2025-07-17T14:55:09.793+05:30 DEBUG 32712 --- [pillpath-backend] [           main] org.hibernate.HQL_FUNCTIONS              : array_prepend( ... )
2025-07-17T14:55:09.793+05:30 DEBUG 32712 --- [pillpath-backend] [           main] org.hibernate.HQL_FUNCTIONS              : array_remove( ... )
2025-07-17T14:55:09.793+05:30 DEBUG 32712 --- [pillpath-backend] [           main] org.hibernate.HQL_FUNCTIONS              : array_remove_index( ... )
2025-07-17T14:55:09.793+05:30 DEBUG 32712 --- [pillpath-backend] [           main] org.hibernate.HQL_FUNCTIONS              : array_replace(ARRAY array, OBJECT old, OBJECT new)
2025-07-17T14:55:09.793+05:30 DEBUG 32712 --- [pillpath-backend] [           main] org.hibernate.HQL_FUNCTIONS              : array_set( ... )
2025-07-17T14:55:09.793+05:30 DEBUG 32712 --- [pillpath-backend] [           main] org.hibernate.HQL_FUNCTIONS              : array_slice(ARRAY array, INTEGER start, INTEGER end)
2025-07-17T14:55:09.793+05:30 DEBUG 32712 --- [pillpath-backend] [           main] org.hibernate.HQL_FUNCTIONS              : String array_to_string( ... )
2025-07-17T14:55:09.793+05:30 DEBUG 32712 --- [pillpath-backend] [           main] org.hibernate.HQL_FUNCTIONS              : array_trim(ARRAY array, INTEGER elementsToRemove)
2025-07-17T14:55:09.793+05:30 DEBUG 32712 --- [pillpath-backend] [           main] org.hibernate.HQL_FUNCTIONS              : Integer ascii(STRING arg)
2025-07-17T14:55:09.793+05:30 DEBUG 32712 --- [pillpath-backend] [           main] org.hibernate.HQL_FUNCTIONS              : Double asin(NUMERIC arg)
2025-07-17T14:55:09.793+05:30 DEBUG 32712 --- [pillpath-backend] [           main] org.hibernate.HQL_FUNCTIONS              : Double asinh(NUMERIC arg)
2025-07-17T14:55:09.793+05:30 DEBUG 32712 --- [pillpath-backend] [           main] org.hibernate.HQL_FUNCTIONS              : Double atan(NUMERIC arg)
2025-07-17T14:55:09.793+05:30 DEBUG 32712 --- [pillpath-backend] [           main] org.hibernate.HQL_FUNCTIONS              : Double atan2(NUMERIC arg0, NUMERIC arg1)
2025-07-17T14:55:09.793+05:30 DEBUG 32712 --- [pillpath-backend] [           main] org.hibernate.HQL_FUNCTIONS              : Double atanh(NUMERIC arg)
2025-07-17T14:55:09.793+05:30 DEBUG 32712 --- [pillpath-backend] [           main] org.hibernate.HQL_FUNCTIONS              : avg(arg)
2025-07-17T14:55:09.793+05:30 DEBUG 32712 --- [pillpath-backend] [           main] org.hibernate.HQL_FUNCTIONS              : bit_and(arg)
2025-07-17T14:55:09.793+05:30 DEBUG 32712 --- [pillpath-backend] [           main] org.hibernate.HQL_FUNCTIONS              : Integer bit_length(STRING_OR_CLOB arg)
2025-07-17T14:55:09.793+05:30 DEBUG 32712 --- [pillpath-backend] [           main] org.hibernate.HQL_FUNCTIONS              : bit_or(arg)
2025-07-17T14:55:09.793+05:30 DEBUG 32712 --- [pillpath-backend] [           main] org.hibernate.HQL_FUNCTIONS              : bitand(arg0, arg1)
2025-07-17T14:55:09.793+05:30 DEBUG 32712 --- [pillpath-backend] [           main] org.hibernate.HQL_FUNCTIONS              : bitnot(arg)
2025-07-17T14:55:09.794+05:30 DEBUG 32712 --- [pillpath-backend] [           main] org.hibernate.HQL_FUNCTIONS              : bitor(arg0, arg1)
2025-07-17T14:55:09.794+05:30 DEBUG 32712 --- [pillpath-backend] [           main] org.hibernate.HQL_FUNCTIONS              : bitxor(arg0, arg1)
2025-07-17T14:55:09.794+05:30 DEBUG 32712 --- [pillpath-backend] [           main] org.hibernate.HQL_FUNCTIONS              : Boolean bool_and(BOOLEAN predicate)
2025-07-17T14:55:09.794+05:30 DEBUG 32712 --- [pillpath-backend] [           main] org.hibernate.HQL_FUNCTIONS              : Boolean bool_or(BOOLEAN predicate)
2025-07-17T14:55:09.794+05:30 DEBUG 32712 --- [pillpath-backend] [           main] org.hibernate.HQL_FUNCTIONS              : cast(arg as Type)
2025-07-17T14:55:09.794+05:30 DEBUG 32712 --- [pillpath-backend] [           main] org.hibernate.HQL_FUNCTIONS              : Double cbrt(NUMERIC arg)
2025-07-17T14:55:09.794+05:30 DEBUG 32712 --- [pillpath-backend] [           main] org.hibernate.HQL_FUNCTIONS              : ceiling(NUMERIC arg)
2025-07-17T14:55:09.794+05:30 DEBUG 32712 --- [pillpath-backend] [           main] org.hibernate.HQL_FUNCTIONS              : Character char(INTEGER arg)
2025-07-17T14:55:09.794+05:30 DEBUG 32712 --- [pillpath-backend] [           main] org.hibernate.HQL_FUNCTIONS              : Integer character_length(STRING_OR_CLOB arg)
2025-07-17T14:55:09.794+05:30 DEBUG 32712 --- [pillpath-backend] [           main] org.hibernate.HQL_FUNCTIONS              : Character chr(INTEGER arg)
2025-07-17T14:55:09.794+05:30 DEBUG 32712 --- [pillpath-backend] [           main] org.hibernate.HQL_FUNCTIONS              : coalesce(arg0[, arg1[, ...]])
2025-07-17T14:55:09.794+05:30 DEBUG 32712 --- [pillpath-backend] [           main] org.hibernate.HQL_FUNCTIONS              : String collate(STRING string as COLLATION collation)
2025-07-17T14:55:09.794+05:30 DEBUG 32712 --- [pillpath-backend] [           main] org.hibernate.HQL_FUNCTIONS              : (STRING string0[, STRING string1[, ...]])
2025-07-17T14:55:09.794+05:30 DEBUG 32712 --- [pillpath-backend] [           main] org.hibernate.HQL_FUNCTIONS              : Double corr(NUMERIC arg0, NUMERIC arg1)
2025-07-17T14:55:09.794+05:30 DEBUG 32712 --- [pillpath-backend] [           main] org.hibernate.HQL_FUNCTIONS              : Double cos(NUMERIC arg)
2025-07-17T14:55:09.794+05:30 DEBUG 32712 --- [pillpath-backend] [           main] org.hibernate.HQL_FUNCTIONS              : Double cosh(NUMERIC arg)
2025-07-17T14:55:09.794+05:30 DEBUG 32712 --- [pillpath-backend] [           main] org.hibernate.HQL_FUNCTIONS              : Double cot(NUMERIC arg)
2025-07-17T14:55:09.794+05:30 DEBUG 32712 --- [pillpath-backend] [           main] org.hibernate.HQL_FUNCTIONS              : Long count([distinct ]{arg|*})
2025-07-17T14:55:09.794+05:30 DEBUG 32712 --- [pillpath-backend] [           main] org.hibernate.HQL_FUNCTIONS              : Double covar_pop(NUMERIC arg0, NUMERIC arg1)
2025-07-17T14:55:09.794+05:30 DEBUG 32712 --- [pillpath-backend] [           main] org.hibernate.HQL_FUNCTIONS              : Double covar_samp(NUMERIC arg0, NUMERIC arg1)
2025-07-17T14:55:09.794+05:30 DEBUG 32712 --- [pillpath-backend] [           main] org.hibernate.HQL_FUNCTIONS              : Double cume_dist([arg0[, ...]])
2025-07-17T14:55:09.794+05:30 DEBUG 32712 --- [pillpath-backend] [           main] org.hibernate.HQL_FUNCTIONS              : Date current date
2025-07-17T14:55:09.794+05:30 DEBUG 32712 --- [pillpath-backend] [           main] org.hibernate.HQL_FUNCTIONS              : Time current time
2025-07-17T14:55:09.794+05:30 DEBUG 32712 --- [pillpath-backend] [           main] org.hibernate.HQL_FUNCTIONS              : Timestamp current timestamp
2025-07-17T14:55:09.794+05:30 DEBUG 32712 --- [pillpath-backend] [           main] org.hibernate.HQL_FUNCTIONS              : Date current_date
2025-07-17T14:55:09.794+05:30 DEBUG 32712 --- [pillpath-backend] [           main] org.hibernate.HQL_FUNCTIONS              : Instant current_instant
2025-07-17T14:55:09.794+05:30 DEBUG 32712 --- [pillpath-backend] [           main] org.hibernate.HQL_FUNCTIONS              : Time current_time
2025-07-17T14:55:09.794+05:30 DEBUG 32712 --- [pillpath-backend] [           main] org.hibernate.HQL_FUNCTIONS              : Timestamp current_timestamp
2025-07-17T14:55:09.794+05:30 DEBUG 32712 --- [pillpath-backend] [           main] org.hibernate.HQL_FUNCTIONS              : date_trunc(STRING field, TEMPORAL datetime)
2025-07-17T14:55:09.794+05:30 DEBUG 32712 --- [pillpath-backend] [           main] org.hibernate.HQL_FUNCTIONS              : dateadd(TEMPORAL_UNIT field, INTEGER magnitude, TEMPORAL datetime)
2025-07-17T14:55:09.794+05:30 DEBUG 32712 --- [pillpath-backend] [           main] org.hibernate.HQL_FUNCTIONS              : Long|Double datediff(TEMPORAL_UNIT field, TEMPORAL start, TEMPORAL end)
2025-07-17T14:55:09.794+05:30 DEBUG 32712 --- [pillpath-backend] [           main] org.hibernate.HQL_FUNCTIONS              : Double degrees(NUMERIC arg)
2025-07-17T14:55:09.795+05:30 DEBUG 32712 --- [pillpath-backend] [           main] org.hibernate.HQL_FUNCTIONS              : Long dense_rank([arg0[, ...]])
2025-07-17T14:55:09.795+05:30 DEBUG 32712 --- [pillpath-backend] [           main] org.hibernate.HQL_FUNCTIONS              : Boolean every(BOOLEAN predicate)
2025-07-17T14:55:09.795+05:30 DEBUG 32712 --- [pillpath-backend] [           main] org.hibernate.HQL_FUNCTIONS              : Double exp(NUMERIC arg)
2025-07-17T14:55:09.795+05:30 DEBUG 32712 --- [pillpath-backend] [           main] org.hibernate.HQL_FUNCTIONS              : extract(TEMPORAL_UNIT field from TEMPORAL arg)
2025-07-17T14:55:09.795+05:30 DEBUG 32712 --- [pillpath-backend] [           main] org.hibernate.HQL_FUNCTIONS              : first_valueANY value
2025-07-17T14:55:09.795+05:30 DEBUG 32712 --- [pillpath-backend] [           main] org.hibernate.HQL_FUNCTIONS              : floor(NUMERIC arg)
2025-07-17T14:55:09.795+05:30 DEBUG 32712 --- [pillpath-backend] [           main] org.hibernate.HQL_FUNCTIONS              : String format(TEMPORAL datetime as STRING pattern)
2025-07-17T14:55:09.795+05:30 DEBUG 32712 --- [pillpath-backend] [           main] org.hibernate.HQL_FUNCTIONS              : greatest(COMPARABLE arg0, COMPARABLE arg1[, arg2[, ...]])
2025-07-17T14:55:09.795+05:30 DEBUG 32712 --- [pillpath-backend] [           main] org.hibernate.HQL_FUNCTIONS              : ifnull(arg0, arg1)
2025-07-17T14:55:09.795+05:30 DEBUG 32712 --- [pillpath-backend] [           main] org.hibernate.HQL_FUNCTIONS              : String initcap(arg)
2025-07-17T14:55:09.795+05:30 DEBUG 32712 --- [pillpath-backend] [           main] org.hibernate.HQL_FUNCTIONS              : String insert(STRING string, INTEGER start, INTEGER length, STRING replacement)
2025-07-17T14:55:09.795+05:30 DEBUG 32712 --- [pillpath-backend] [           main] org.hibernate.HQL_FUNCTIONS              : Instant instant
2025-07-17T14:55:09.795+05:30 DEBUG 32712 --- [pillpath-backend] [           main] org.hibernate.HQL_FUNCTIONS              : lagANY value[, INTEGER offset[, ANY default]]
2025-07-17T14:55:09.795+05:30 DEBUG 32712 --- [pillpath-backend] [           main] org.hibernate.HQL_FUNCTIONS              : last_valueANY value
2025-07-17T14:55:09.795+05:30 DEBUG 32712 --- [pillpath-backend] [           main] org.hibernate.HQL_FUNCTIONS              : leadANY value[, INTEGER offset[, ANY default]]
2025-07-17T14:55:09.795+05:30 DEBUG 32712 --- [pillpath-backend] [           main] org.hibernate.HQL_FUNCTIONS              : least(COMPARABLE arg0, COMPARABLE arg1[, arg2[, ...]])
2025-07-17T14:55:09.795+05:30 DEBUG 32712 --- [pillpath-backend] [           main] org.hibernate.HQL_FUNCTIONS              : String left(STRING string, INTEGER length)
2025-07-17T14:55:09.795+05:30 DEBUG 32712 --- [pillpath-backend] [           main] org.hibernate.HQL_FUNCTIONS              : length
2025-07-17T14:55:09.795+05:30 DEBUG 32712 --- [pillpath-backend] [           main] org.hibernate.HQL_FUNCTIONS              : String listagg(STRING arg0, STRING arg1)
2025-07-17T14:55:09.795+05:30 DEBUG 32712 --- [pillpath-backend] [           main] org.hibernate.HQL_FUNCTIONS              : Double ln(NUMERIC arg)
2025-07-17T14:55:09.795+05:30 DEBUG 32712 --- [pillpath-backend] [           main] org.hibernate.HQL_FUNCTIONS              : LocalDate local date
2025-07-17T14:55:09.795+05:30 DEBUG 32712 --- [pillpath-backend] [           main] org.hibernate.HQL_FUNCTIONS              : LocalDateTime local datetime
2025-07-17T14:55:09.795+05:30 DEBUG 32712 --- [pillpath-backend] [           main] org.hibernate.HQL_FUNCTIONS              : LocalTime local time
2025-07-17T14:55:09.795+05:30 DEBUG 32712 --- [pillpath-backend] [           main] org.hibernate.HQL_FUNCTIONS              : LocalDate local_date
2025-07-17T14:55:09.795+05:30 DEBUG 32712 --- [pillpath-backend] [           main] org.hibernate.HQL_FUNCTIONS              : LocalDateTime local_datetime
2025-07-17T14:55:09.795+05:30 DEBUG 32712 --- [pillpath-backend] [           main] org.hibernate.HQL_FUNCTIONS              : LocalTime local_time
2025-07-17T14:55:09.795+05:30 DEBUG 32712 --- [pillpath-backend] [           main] org.hibernate.HQL_FUNCTIONS              : Time localtime
2025-07-17T14:55:09.795+05:30 DEBUG 32712 --- [pillpath-backend] [           main] org.hibernate.HQL_FUNCTIONS              : Timestamp localtimestamp
2025-07-17T14:55:09.795+05:30 DEBUG 32712 --- [pillpath-backend] [           main] org.hibernate.HQL_FUNCTIONS              : Integer locate(STRING pattern, STRING string[, INTEGER start])
2025-07-17T14:55:09.795+05:30 DEBUG 32712 --- [pillpath-backend] [           main] org.hibernate.HQL_FUNCTIONS              : Double log(NUMERIC arg0[, NUMERIC arg1])
2025-07-17T14:55:09.795+05:30 DEBUG 32712 --- [pillpath-backend] [           main] org.hibernate.HQL_FUNCTIONS              : Double log10(NUMERIC arg)
2025-07-17T14:55:09.795+05:30 DEBUG 32712 --- [pillpath-backend] [           main] org.hibernate.HQL_FUNCTIONS              : String lower(STRING string)
2025-07-17T14:55:09.795+05:30 DEBUG 32712 --- [pillpath-backend] [           main] org.hibernate.HQL_FUNCTIONS              : String lpad(STRING string, INTEGER length[, STRING padding])
2025-07-17T14:55:09.795+05:30 DEBUG 32712 --- [pillpath-backend] [           main] org.hibernate.HQL_FUNCTIONS              : String ltrim(STRING string[, STRING characters])
2025-07-17T14:55:09.795+05:30 DEBUG 32712 --- [pillpath-backend] [           main] org.hibernate.HQL_FUNCTIONS              : Date make_date(INTEGER arg0, INTEGER arg1, INTEGER arg2)
2025-07-17T14:55:09.795+05:30 DEBUG 32712 --- [pillpath-backend] [           main] org.hibernate.HQL_FUNCTIONS              : Time make_time(INTEGER arg0, INTEGER arg1, INTEGER arg2)
2025-07-17T14:55:09.797+05:30 DEBUG 32712 --- [pillpath-backend] [           main] org.hibernate.HQL_FUNCTIONS              : Timestamp make_timestamp(INTEGER arg0, INTEGER arg1, INTEGER arg2, INTEGER arg3, INTEGER arg4, INTEGER arg5)
2025-07-17T14:55:09.797+05:30 DEBUG 32712 --- [pillpath-backend] [           main] org.hibernate.HQL_FUNCTIONS              : Timestamp make_timestamptz(INTEGER arg0, INTEGER arg1, INTEGER arg2, INTEGER arg3, INTEGER arg4, INTEGER arg5[, INTEGER arg6])
2025-07-17T14:55:09.797+05:30 DEBUG 32712 --- [pillpath-backend] [           main] org.hibernate.HQL_FUNCTIONS              : max(COMPARABLE arg)
2025-07-17T14:55:09.797+05:30 DEBUG 32712 --- [pillpath-backend] [           main] org.hibernate.HQL_FUNCTIONS              : String md5(arg)
2025-07-17T14:55:09.797+05:30 DEBUG 32712 --- [pillpath-backend] [           main] org.hibernate.HQL_FUNCTIONS              : Double median(NUMERIC arg)
2025-07-17T14:55:09.797+05:30 DEBUG 32712 --- [pillpath-backend] [           main] org.hibernate.HQL_FUNCTIONS              : min(COMPARABLE arg)
2025-07-17T14:55:09.797+05:30 DEBUG 32712 --- [pillpath-backend] [           main] org.hibernate.HQL_FUNCTIONS              : Integer mod(INTEGER arg0, INTEGER arg1)
2025-07-17T14:55:09.797+05:30 DEBUG 32712 --- [pillpath-backend] [           main] org.hibernate.HQL_FUNCTIONS              : mode()
2025-07-17T14:55:09.797+05:30 DEBUG 32712 --- [pillpath-backend] [           main] org.hibernate.HQL_FUNCTIONS              : nth_valueANY value, INTEGER nth
2025-07-17T14:55:09.797+05:30 DEBUG 32712 --- [pillpath-backend] [           main] org.hibernate.HQL_FUNCTIONS              : nullif(arg0, arg1)
2025-07-17T14:55:09.797+05:30 DEBUG 32712 --- [pillpath-backend] [           main] org.hibernate.HQL_FUNCTIONS              : Integer octet_length(STRING_OR_CLOB arg)
2025-07-17T14:55:09.797+05:30 DEBUG 32712 --- [pillpath-backend] [           main] org.hibernate.HQL_FUNCTIONS              : OffsetDateTime offset datetime
2025-07-17T14:55:09.797+05:30 DEBUG 32712 --- [pillpath-backend] [           main] org.hibernate.HQL_FUNCTIONS              : OffsetDateTime offset_datetime
2025-07-17T14:55:09.797+05:30 DEBUG 32712 --- [pillpath-backend] [           main] org.hibernate.HQL_FUNCTIONS              : String overlay(string placing replacement from start[ for length])
2025-07-17T14:55:09.797+05:30 DEBUG 32712 --- [pillpath-backend] [           main] org.hibernate.HQL_FUNCTIONS              : String pad(STRING string with INTEGER length {leading|trailing}[ STRING character])
2025-07-17T14:55:09.797+05:30 DEBUG 32712 --- [pillpath-backend] [           main] org.hibernate.HQL_FUNCTIONS              : Double percent_rank([arg0[, ...]])
2025-07-17T14:55:09.798+05:30 DEBUG 32712 --- [pillpath-backend] [           main] org.hibernate.HQL_FUNCTIONS              : percentile_cont(NUMERIC arg)
2025-07-17T14:55:09.798+05:30 DEBUG 32712 --- [pillpath-backend] [           main] org.hibernate.HQL_FUNCTIONS              : percentile_disc(NUMERIC arg)
2025-07-17T14:55:09.798+05:30 DEBUG 32712 --- [pillpath-backend] [           main] org.hibernate.HQL_FUNCTIONS              : Double pi
2025-07-17T14:55:09.798+05:30 DEBUG 32712 --- [pillpath-backend] [           main] org.hibernate.HQL_FUNCTIONS              : Integer position(STRING pattern in STRING string)
2025-07-17T14:55:09.798+05:30 DEBUG 32712 --- [pillpath-backend] [           main] org.hibernate.HQL_FUNCTIONS              : Double power(NUMERIC arg0, NUMERIC arg1)
2025-07-17T14:55:09.798+05:30 DEBUG 32712 --- [pillpath-backend] [           main] org.hibernate.HQL_FUNCTIONS              : Double radians(NUMERIC arg)
2025-07-17T14:55:09.798+05:30 DEBUG 32712 --- [pillpath-backend] [           main] org.hibernate.HQL_FUNCTIONS              : Long rank([arg0[, ...]])
2025-07-17T14:55:09.798+05:30 DEBUG 32712 --- [pillpath-backend] [           main] org.hibernate.HQL_FUNCTIONS              : Double regr_avgx(NUMERIC arg0, NUMERIC arg1)
2025-07-17T14:55:09.798+05:30 DEBUG 32712 --- [pillpath-backend] [           main] org.hibernate.HQL_FUNCTIONS              : Double regr_avgy(NUMERIC arg0, NUMERIC arg1)
2025-07-17T14:55:09.798+05:30 DEBUG 32712 --- [pillpath-backend] [           main] org.hibernate.HQL_FUNCTIONS              : Double regr_count(NUMERIC arg0, NUMERIC arg1)
2025-07-17T14:55:09.798+05:30 DEBUG 32712 --- [pillpath-backend] [           main] org.hibernate.HQL_FUNCTIONS              : Double regr_intercept(NUMERIC arg0, NUMERIC arg1)
2025-07-17T14:55:09.798+05:30 DEBUG 32712 --- [pillpath-backend] [           main] org.hibernate.HQL_FUNCTIONS              : Double regr_r2(NUMERIC arg0, NUMERIC arg1)
2025-07-17T14:55:09.798+05:30 DEBUG 32712 --- [pillpath-backend] [           main] org.hibernate.HQL_FUNCTIONS              : Double regr_slope(NUMERIC arg0, NUMERIC arg1)
2025-07-17T14:55:09.798+05:30 DEBUG 32712 --- [pillpath-backend] [           main] org.hibernate.HQL_FUNCTIONS              : Double regr_sxx(NUMERIC arg0, NUMERIC arg1)
2025-07-17T14:55:09.798+05:30 DEBUG 32712 --- [pillpath-backend] [           main] org.hibernate.HQL_FUNCTIONS              : Double regr_sxy(NUMERIC arg0, NUMERIC arg1)
2025-07-17T14:55:09.798+05:30 DEBUG 32712 --- [pillpath-backend] [           main] org.hibernate.HQL_FUNCTIONS              : Double regr_syy(NUMERIC arg0, NUMERIC arg1)
2025-07-17T14:55:09.798+05:30 DEBUG 32712 --- [pillpath-backend] [           main] org.hibernate.HQL_FUNCTIONS              : String repeat(STRING string, INTEGER times)
2025-07-17T14:55:09.799+05:30 DEBUG 32712 --- [pillpath-backend] [           main] org.hibernate.HQL_FUNCTIONS              : String replace(STRING string, STRING pattern, STRING replacement)
2025-07-17T14:55:09.799+05:30 DEBUG 32712 --- [pillpath-backend] [           main] org.hibernate.HQL_FUNCTIONS              : String right(STRING string, INTEGER length)
2025-07-17T14:55:09.799+05:30 DEBUG 32712 --- [pillpath-backend] [           main] org.hibernate.HQL_FUNCTIONS              : round(NUMERIC number[, INTEGER places])
2025-07-17T14:55:09.799+05:30 DEBUG 32712 --- [pillpath-backend] [           main] org.hibernate.HQL_FUNCTIONS              : Long row_number()
2025-07-17T14:55:09.799+05:30 DEBUG 32712 --- [pillpath-backend] [           main] org.hibernate.HQL_FUNCTIONS              : String rpad(STRING string, INTEGER length[, STRING padding])
2025-07-17T14:55:09.799+05:30 DEBUG 32712 --- [pillpath-backend] [           main] org.hibernate.HQL_FUNCTIONS              : String rtrim(STRING string[, STRING characters])
2025-07-17T14:55:09.799+05:30 DEBUG 32712 --- [pillpath-backend] [           main] org.hibernate.HQL_FUNCTIONS              : Integer sign(NUMERIC arg)
2025-07-17T14:55:09.799+05:30 DEBUG 32712 --- [pillpath-backend] [           main] org.hibernate.HQL_FUNCTIONS              : Double sin(NUMERIC arg)
2025-07-17T14:55:09.799+05:30 DEBUG 32712 --- [pillpath-backend] [           main] org.hibernate.HQL_FUNCTIONS              : Double sinh(NUMERIC arg)
2025-07-17T14:55:09.799+05:30 DEBUG 32712 --- [pillpath-backend] [           main] org.hibernate.HQL_FUNCTIONS              : String soundex(arg)
2025-07-17T14:55:09.799+05:30 DEBUG 32712 --- [pillpath-backend] [           main] org.hibernate.HQL_FUNCTIONS              : Object sql
2025-07-17T14:55:09.799+05:30 DEBUG 32712 --- [pillpath-backend] [           main] org.hibernate.HQL_FUNCTIONS              : Double sqrt(NUMERIC arg)
2025-07-17T14:55:09.799+05:30 DEBUG 32712 --- [pillpath-backend] [           main] org.hibernate.HQL_FUNCTIONS              : Double stddev(NUMERIC arg)
2025-07-17T14:55:09.799+05:30 DEBUG 32712 --- [pillpath-backend] [           main] org.hibernate.HQL_FUNCTIONS              : Double stddev_pop(NUMERIC arg)
2025-07-17T14:55:09.799+05:30 DEBUG 32712 --- [pillpath-backend] [           main] org.hibernate.HQL_FUNCTIONS              : Double stddev_samp(NUMERIC arg)
2025-07-17T14:55:09.799+05:30 DEBUG 32712 --- [pillpath-backend] [           main] org.hibernate.HQL_FUNCTIONS              : String str(arg)
2025-07-17T14:55:09.799+05:30 DEBUG 32712 --- [pillpath-backend] [           main] org.hibernate.HQL_FUNCTIONS              : String substr(STRING string, INTEGER start[, INTEGER length])
2025-07-17T14:55:09.799+05:30 DEBUG 32712 --- [pillpath-backend] [           main] org.hibernate.HQL_FUNCTIONS              : String substring(STRING string{ from|,} INTEGER start[{ for|,} INTEGER length])
2025-07-17T14:55:09.799+05:30 DEBUG 32712 --- [pillpath-backend] [           main] org.hibernate.HQL_FUNCTIONS              : sum(arg)
2025-07-17T14:55:09.799+05:30 DEBUG 32712 --- [pillpath-backend] [           main] org.hibernate.HQL_FUNCTIONS              : Double tan(NUMERIC arg)
2025-07-17T14:55:09.799+05:30 DEBUG 32712 --- [pillpath-backend] [           main] org.hibernate.HQL_FUNCTIONS              : Double tanh(NUMERIC arg)
2025-07-17T14:55:09.799+05:30 DEBUG 32712 --- [pillpath-backend] [           main] org.hibernate.HQL_FUNCTIONS              : timestampadd(TEMPORAL_UNIT field, INTEGER magnitude, TEMPORAL datetime)
2025-07-17T14:55:09.799+05:30 DEBUG 32712 --- [pillpath-backend] [           main] org.hibernate.HQL_FUNCTIONS              : Long|Double timestampdiff(TEMPORAL_UNIT field, TEMPORAL start, TEMPORAL end)
2025-07-17T14:55:09.799+05:30 DEBUG 32712 --- [pillpath-backend] [           main] org.hibernate.HQL_FUNCTIONS              : String to_char(ANY arg0[, STRING arg1, STRING arg2])
2025-07-17T14:55:09.799+05:30 DEBUG 32712 --- [pillpath-backend] [           main] org.hibernate.HQL_FUNCTIONS              : Date to_date(STRING arg0[, STRING arg1, STRING arg2])
2025-07-17T14:55:09.799+05:30 DEBUG 32712 --- [pillpath-backend] [           main] org.hibernate.HQL_FUNCTIONS              : Double to_number(STRING arg0[, STRING arg1, STRING arg2])
2025-07-17T14:55:09.799+05:30 DEBUG 32712 --- [pillpath-backend] [           main] org.hibernate.HQL_FUNCTIONS              : Timestamp to_timestamp(STRING arg0[, STRING arg1, STRING arg2])
2025-07-17T14:55:09.799+05:30 DEBUG 32712 --- [pillpath-backend] [           main] org.hibernate.HQL_FUNCTIONS              : String translate(STRING arg0, STRING arg1, STRING arg2)
2025-07-17T14:55:09.799+05:30 DEBUG 32712 --- [pillpath-backend] [           main] org.hibernate.HQL_FUNCTIONS              : String trim([[{leading|trailing|both} ][STRING arg0 ]from] STRING arg1)
2025-07-17T14:55:09.799+05:30 DEBUG 32712 --- [pillpath-backend] [           main] org.hibernate.HQL_FUNCTIONS              : trunc( ... )
2025-07-17T14:55:09.799+05:30 DEBUG 32712 --- [pillpath-backend] [           main] org.hibernate.HQL_FUNCTIONS              : truncate( ... )
2025-07-17T14:55:09.799+05:30 DEBUG 32712 --- [pillpath-backend] [           main] org.hibernate.HQL_FUNCTIONS              : String upper(STRING string)
2025-07-17T14:55:09.799+05:30 DEBUG 32712 --- [pillpath-backend] [           main] org.hibernate.HQL_FUNCTIONS              : Double var_pop(NUMERIC arg)
2025-07-17T14:55:09.799+05:30 DEBUG 32712 --- [pillpath-backend] [           main] org.hibernate.HQL_FUNCTIONS              : Double var_samp(NUMERIC arg)
2025-07-17T14:55:09.799+05:30 DEBUG 32712 --- [pillpath-backend] [           main] org.hibernate.HQL_FUNCTIONS              : Double variance(NUMERIC arg)
2025-07-17T14:55:09.807+05:30 DEBUG 32712 --- [pillpath-backend] [           main] org.hibernate.orm.query.plan.cache       : Starting QueryInterpretationCache(2048)
2025-07-17T14:55:09.906+05:30 DEBUG 32712 --- [pillpath-backend] [           main] .h.s.i.SessionFactoryServiceRegistryImpl : EventListenerRegistry access via ServiceRegistry is deprecated.  Use `sessionFactory.getEventEngine().getListenerRegistry()` instead
2025-07-17T14:55:09.908+05:30 DEBUG 32712 --- [pillpath-backend] [           main] h.e.i.EntityCopyObserverFactoryInitiator : Configured EntityCopyObserver strategy: disallow
2025-07-17T14:55:10.042+05:30 DEBUG 32712 --- [pillpath-backend] [           main] o.h.boot.internal.ClassLoaderAccessImpl  : Not known whether passed class name [com.leo.pillpathbackend.entity.User] is safe
2025-07-17T14:55:10.042+05:30 DEBUG 32712 --- [pillpath-backend] [           main] o.h.boot.internal.ClassLoaderAccessImpl  : No temp ClassLoader provided; using live ClassLoader for loading potentially unsafe class : com.leo.pillpathbackend.entity.User
2025-07-17T14:55:10.332+05:30 DEBUG 32712 --- [pillpath-backend] [           main] o.h.b.i.bytebuddy.BytecodeProviderImpl   : HHH000513: Unable to create the ReflectionOptimizer for [com.leo.pillpathbackend.entity.User]: private accessor [accountLockedUntil]
2025-07-17T14:55:10.375+05:30 DEBUG 32712 --- [pillpath-backend] [           main] o.h.boot.internal.ClassLoaderAccessImpl  : Not known whether passed class name [com.leo.pillpathbackend.entity.Review] is safe
2025-07-17T14:55:10.376+05:30 DEBUG 32712 --- [pillpath-backend] [           main] o.h.boot.internal.ClassLoaderAccessImpl  : No temp ClassLoader provided; using live ClassLoader for loading potentially unsafe class : com.leo.pillpathbackend.entity.Review
2025-07-17T14:55:10.403+05:30 DEBUG 32712 --- [pillpath-backend] [           main] o.h.b.i.bytebuddy.BytecodeProviderImpl   : HHH000513: Unable to create the ReflectionOptimizer for [com.leo.pillpathbackend.entity.Review]: private accessor [date]
2025-07-17T14:55:10.444+05:30 DEBUG 32712 --- [pillpath-backend] [           main] o.hibernate.orm.model.mapping.creation   : Starting post-init callbacks
2025-07-17T14:55:10.444+05:30 DEBUG 32712 --- [pillpath-backend] [           main] o.hibernate.orm.model.mapping.creation   : Starting PostInitCallbackEntry : Entity(com.leo.pillpathbackend.entity.User) `staticFetchableList` generator
2025-07-17T14:55:10.445+05:30 DEBUG 32712 --- [pillpath-backend] [           main] o.hibernate.orm.model.mapping.creation   : Starting PostInitCallbackEntry : Entity(com.leo.pillpathbackend.entity.Review) `staticFetchableList` generator
2025-07-17T14:55:10.445+05:30 DEBUG 32712 --- [pillpath-backend] [           main] o.hibernate.orm.model.mapping.creation   : Starting PostInitCallbackEntry : Entity(com.leo.pillpathbackend.entity.Review) `sqmMultiTableInsertStrategy` interpretation
2025-07-17T14:55:10.583+05:30 DEBUG 32712 --- [pillpath-backend] [           main] org.hibernate.orm.sql.ast.create         : Created new SQL alias : u1_0
2025-07-17T14:55:10.585+05:30 DEBUG 32712 --- [pillpath-backend] [           main] org.hibernate.orm.sql.ast.create         : Registration of TableGroup [StandardTableGroup(com.leo.pillpathbackend.entity.User)] with identifierForTableGroup [com.leo.pillpathbackend.entity.User] for NavigablePath [com.leo.pillpathbackend.entity.User] 
2025-07-17T14:55:10.623+05:30 DEBUG 32712 --- [pillpath-backend] [           main] org.hibernate.orm.results.graph.AST      : DomainResult Graph:
 \-EntityResultImpl [com.leo.pillpathbackend.entity.User]
 |  +-BasicFetch [com.leo.pillpathbackend.entity.User.accountLockedUntil]
 |  +-BasicFetch [com.leo.pillpathbackend.entity.User.createdBy]
 |  +-BasicFetch [com.leo.pillpathbackend.entity.User.deletedAt]
 |  +-BasicFetch [com.leo.pillpathbackend.entity.User.deletedBy]
 |  +-BasicFetch [com.leo.pillpathbackend.entity.User.email]
 |  +-BasicFetch [com.leo.pillpathbackend.entity.User.emailVerified]
 |  +-BasicFetch [com.leo.pillpathbackend.entity.User.failedLoginAttempts]
 |  +-BasicFetch [com.leo.pillpathbackend.entity.User.lastLogin]
 |  +-BasicFetch [com.leo.pillpathbackend.entity.User.password]
 |  +-BasicFetch [com.leo.pillpathbackend.entity.User.phone]
 |  +-BasicFetch [com.leo.pillpathbackend.entity.User.phoneVerified]
 |  +-BasicFetch [com.leo.pillpathbackend.entity.User.preferences]
 |  +-BasicFetch [com.leo.pillpathbackend.entity.User.profileImageUrl]
 |  +-BasicFetch [com.leo.pillpathbackend.entity.User.role]
 |  +-BasicFetch [com.leo.pillpathbackend.entity.User.status]
 |  +-BasicFetch [com.leo.pillpathbackend.entity.User.termsAcceptedAt]
 |  +-BasicFetch [com.leo.pillpathbackend.entity.User.termsVersion]
 |  +-BasicFetch [com.leo.pillpathbackend.entity.User.updatedBy]
 |  \-BasicFetch [com.leo.pillpathbackend.entity.User.userType]

2025-07-17T14:55:10.628+05:30 DEBUG 32712 --- [pillpath-backend] [           main] org.hibernate.orm.sql.ast.tree           : SQL AST Tree:
    SelectStatement {
      FromClause {
        StandardTableGroup (u1 : com.leo.pillpathbackend.entity.User) {
          primaryTableReference : users as u1_0
        }
      }
    }

2025-07-17T14:55:10.650+05:30 DEBUG 32712 --- [pillpath-backend] [           main] o.h.p.entity.AbstractEntityPersister     : Static SQL for entity: com.leo.pillpathbackend.entity.User
2025-07-17T14:55:10.650+05:30 DEBUG 32712 --- [pillpath-backend] [           main] o.h.p.entity.AbstractEntityPersister     :  Version select: select user_id from users where user_id=?
2025-07-17T14:55:10.650+05:30 DEBUG 32712 --- [pillpath-backend] [           main] o.h.p.entity.AbstractEntityPersister     :  Insert (0): insert into users (account_locked_until,created_by,deleted_at,deleted_by,email,email_verified,failed_login_attempts,last_login,password,phone,phone_verified,preferences,profile_image_url,role,status,terms_accepted_at,terms_version,updated_by,user_type) values (?,?,?,?,?,?,?,?,?,?,?,?,?,?,?,?,?,?,'User')
2025-07-17T14:55:10.650+05:30 DEBUG 32712 --- [pillpath-backend] [           main] o.h.p.entity.AbstractEntityPersister     :  Update (0): update users set account_locked_until=?,created_by=?,deleted_at=?,deleted_by=?,email=?,email_verified=?,failed_login_attempts=?,last_login=?,password=?,phone=?,phone_verified=?,preferences=?,profile_image_url=?,role=?,status=?,terms_accepted_at=?,terms_version=?,updated_by=? where user_id=?
2025-07-17T14:55:10.651+05:30 DEBUG 32712 --- [pillpath-backend] [           main] o.h.p.entity.AbstractEntityPersister     :  Delete (0): delete from users where user_id=?
2025-07-17T14:55:10.651+05:30 DEBUG 32712 --- [pillpath-backend] [           main] org.hibernate.orm.sql.ast.create         : Created new SQL alias : r1_0
2025-07-17T14:55:10.651+05:30 DEBUG 32712 --- [pillpath-backend] [           main] org.hibernate.orm.sql.ast.create         : Registration of TableGroup [StandardTableGroup(com.leo.pillpathbackend.entity.Review)] with identifierForTableGroup [com.leo.pillpathbackend.entity.Review] for NavigablePath [com.leo.pillpathbackend.entity.Review] 
2025-07-17T14:55:10.651+05:30 DEBUG 32712 --- [pillpath-backend] [           main] org.hibernate.orm.results.graph.AST      : DomainResult Graph:
 \-EntityResultImpl [com.leo.pillpathbackend.entity.Review]
 |  +-BasicFetch [com.leo.pillpathbackend.entity.Review.date]
 |  +-BasicFetch [com.leo.pillpathbackend.entity.Review.email]
 |  +-BasicFetch [com.leo.pillpathbackend.entity.Review.rating]
 |  +-BasicFetch [com.leo.pillpathbackend.entity.Review.reviewText]
 |  \-BasicFetch [com.leo.pillpathbackend.entity.Review.status]

2025-07-17T14:55:10.651+05:30 DEBUG 32712 --- [pillpath-backend] [           main] org.hibernate.orm.sql.ast.tree           : SQL AST Tree:
    SelectStatement {
      FromClause {
        StandardTableGroup (r1 : com.leo.pillpathbackend.entity.Review) {
          primaryTableReference : review as r1_0
        }
      }
    }

2025-07-17T14:55:10.652+05:30 DEBUG 32712 --- [pillpath-backend] [           main] o.h.p.entity.AbstractEntityPersister     : Static SQL for entity: com.leo.pillpathbackend.entity.Review
2025-07-17T14:55:10.653+05:30 DEBUG 32712 --- [pillpath-backend] [           main] o.h.p.entity.AbstractEntityPersister     :  Version select: select id from review where id=?
2025-07-17T14:55:10.653+05:30 DEBUG 32712 --- [pillpath-backend] [           main] o.h.p.entity.AbstractEntityPersister     :  Insert (0): insert into review (date,email,rating,review_text,status,id) values (?,?,?,?,?,?)
2025-07-17T14:55:10.653+05:30 DEBUG 32712 --- [pillpath-backend] [           main] o.h.p.entity.AbstractEntityPersister     :  Update (0): update review set date=?,email=?,rating=?,review_text=?,status=? where id=?
2025-07-17T14:55:10.653+05:30 DEBUG 32712 --- [pillpath-backend] [           main] o.h.p.entity.AbstractEntityPersister     :  Delete (0): delete from review where id=?
2025-07-17T14:55:10.719+05:30  INFO 32712 --- [pillpath-backend] [           main] o.h.e.t.j.p.i.JtaPlatformInitiator       : HHH000489: No JTA platform available (set 'hibernate.transaction.jta.platform' to enable JTA platform integration)
2025-07-17T14:55:10.719+05:30 DEBUG 32712 --- [pillpath-backend] [           main] o.h.type.spi.TypeConfiguration$Scope     : Scoping TypeConfiguration [org.hibernate.type.spi.TypeConfiguration@1a4083f6] to SessionFactoryImplementor [org.hibernate.internal.SessionFactoryImpl@17e6d07b]
2025-07-17T14:55:10.721+05:30 DEBUG 32712 --- [pillpath-backend] [           main] o.h.query.named.NamedObjectRepository    : Checking 0 named HQL queries
2025-07-17T14:55:10.721+05:30 DEBUG 32712 --- [pillpath-backend] [           main] o.h.query.named.NamedObjectRepository    : Checking 0 named SQL queries
2025-07-17T14:55:10.795+05:30 DEBUG 32712 --- [pillpath-backend] [           main] org.hibernate.mapping.Table              : No alter strings for table : review
2025-07-17T14:55:10.800+05:30 DEBUG 32712 --- [pillpath-backend] [           main] org.hibernate.SQL                        : 
    create table users (
        user_type varchar(31) not null,
        user_id bigint generated by default as identity,
        account_locked_until timestamp(6),
        created_by varchar(255),
        deleted_at timestamp(6),
        deleted_by varchar(255),
        email varchar(100) not null,
        email_verified boolean not null,
        failed_login_attempts integer,
        last_login timestamp(6),
        password varchar(255) not null,
        phone varchar(20) not null,
        phone_verified boolean not null,
        preferences JSON,
        profile_image_url varchar(255),
        role varchar(255) not null check (role in ('CUSTOMER','PHARMACY','ADMIN','SUPER_ADMIN')),
        status varchar(255) not null check (status in ('ACTIVE','INACTIVE','SUSPENDED','PENDING_VERIFICATION','BLOCKED')),
        terms_accepted_at timestamp(6),
        terms_version varchar(255),
        updated_by varchar(255),
        primary key (user_id)
    )
Hibernate: 
    create table users (
        user_type varchar(31) not null,
        user_id bigint generated by default as identity,
        account_locked_until timestamp(6),
        created_by varchar(255),
        deleted_at timestamp(6),
        deleted_by varchar(255),
        email varchar(100) not null,
        email_verified boolean not null,
        failed_login_attempts integer,
        last_login timestamp(6),
        password varchar(255) not null,
        phone varchar(20) not null,
        phone_verified boolean not null,
        preferences JSON,
        profile_image_url varchar(255),
        role varchar(255) not null check (role in ('CUSTOMER','PHARMACY','ADMIN','SUPER_ADMIN')),
        status varchar(255) not null check (status in ('ACTIVE','INACTIVE','SUSPENDED','PENDING_VERIFICATION','BLOCKED')),
        terms_accepted_at timestamp(6),
        terms_version varchar(255),
        updated_by varchar(255),
        primary key (user_id)
    )
2025-07-17T14:55:10.840+05:30 DEBUG 32712 --- [pillpath-backend] [           main] org.hibernate.SQL                        : 
    alter table if exists users 
       drop constraint if exists UK6dotkott2kjsp8vw4d0m25fb7
Hibernate: 
    alter table if exists users 
       drop constraint if exists UK6dotkott2kjsp8vw4d0m25fb7
2025-07-17T14:55:10.845+05:30 DEBUG 32712 --- [pillpath-backend] [           main] o.h.engine.jdbc.spi.SqlExceptionHelper   : SQL Warning

org.postgresql.util.PSQLWarning: constraint "uk6dotkott2kjsp8vw4d0m25fb7" of relation "users" does not exist, skipping
	at org.postgresql.core.v3.QueryExecutorImpl.receiveNoticeResponse(QueryExecutorImpl.java:2753) ~[postgresql-42.7.7.jar:42.7.7]
	at org.postgresql.core.v3.QueryExecutorImpl.processResults(QueryExecutorImpl.java:2451) ~[postgresql-42.7.7.jar:42.7.7]
	at org.postgresql.core.v3.QueryExecutorImpl.execute(QueryExecutorImpl.java:372) ~[postgresql-42.7.7.jar:42.7.7]
	at org.postgresql.jdbc.PgStatement.executeInternal(PgStatement.java:518) ~[postgresql-42.7.7.jar:42.7.7]
	at org.postgresql.jdbc.PgStatement.execute(PgStatement.java:435) ~[postgresql-42.7.7.jar:42.7.7]
	at org.postgresql.jdbc.PgStatement.executeWithFlags(PgStatement.java:357) ~[postgresql-42.7.7.jar:42.7.7]
	at org.postgresql.jdbc.PgStatement.executeCachedSql(PgStatement.java:342) ~[postgresql-42.7.7.jar:42.7.7]
	at org.postgresql.jdbc.PgStatement.executeWithFlags(PgStatement.java:318) ~[postgresql-42.7.7.jar:42.7.7]
	at org.postgresql.jdbc.PgStatement.execute(PgStatement.java:313) ~[postgresql-42.7.7.jar:42.7.7]
	at com.zaxxer.hikari.pool.ProxyStatement.execute(ProxyStatement.java:95) ~[HikariCP-6.3.0.jar:na]
	at com.zaxxer.hikari.pool.HikariProxyStatement.execute(HikariProxyStatement.java) ~[HikariCP-6.3.0.jar:na]
	at org.hibernate.tool.schema.internal.exec.GenerationTargetToDatabase.accept(GenerationTargetToDatabase.java:80) ~[hibernate-core-6.6.18.Final.jar:6.6.18.Final]
	at org.hibernate.tool.schema.internal.AbstractSchemaMigrator.applySqlString(AbstractSchemaMigrator.java:576) ~[hibernate-core-6.6.18.Final.jar:6.6.18.Final]
	at org.hibernate.tool.schema.internal.AbstractSchemaMigrator.applySqlStrings(AbstractSchemaMigrator.java:516) ~[hibernate-core-6.6.18.Final.jar:6.6.18.Final]
	at org.hibernate.tool.schema.internal.AbstractSchemaMigrator.applyUniqueKeys(AbstractSchemaMigrator.java:402) ~[hibernate-core-6.6.18.Final.jar:6.6.18.Final]
	at org.hibernate.tool.schema.internal.GroupedSchemaMigratorImpl.performTablesMigration(GroupedSchemaMigratorImpl.java:98) ~[hibernate-core-6.6.18.Final.jar:6.6.18.Final]
	at org.hibernate.tool.schema.internal.AbstractSchemaMigrator.performMigration(AbstractSchemaMigrator.java:233) ~[hibernate-core-6.6.18.Final.jar:6.6.18.Final]
	at org.hibernate.tool.schema.internal.AbstractSchemaMigrator.doMigration(AbstractSchemaMigrator.java:112) ~[hibernate-core-6.6.18.Final.jar:6.6.18.Final]
	at org.hibernate.tool.schema.spi.SchemaManagementToolCoordinator.performDatabaseAction(SchemaManagementToolCoordinator.java:280) ~[hibernate-core-6.6.18.Final.jar:6.6.18.Final]
	at org.hibernate.tool.schema.spi.SchemaManagementToolCoordinator.lambda$process$5(SchemaManagementToolCoordinator.java:144) ~[hibernate-core-6.6.18.Final.jar:6.6.18.Final]
	at java.base/java.util.HashMap.forEach(HashMap.java:1430) ~[na:na]
	at org.hibernate.tool.schema.spi.SchemaManagementToolCoordinator.process(SchemaManagementToolCoordinator.java:141) ~[hibernate-core-6.6.18.Final.jar:6.6.18.Final]
	at org.hibernate.boot.internal.SessionFactoryObserverForSchemaExport.sessionFactoryCreated(SessionFactoryObserverForSchemaExport.java:37) ~[hibernate-core-6.6.18.Final.jar:6.6.18.Final]
	at org.hibernate.internal.SessionFactoryObserverChain.sessionFactoryCreated(SessionFactoryObserverChain.java:35) ~[hibernate-core-6.6.18.Final.jar:6.6.18.Final]
	at org.hibernate.internal.SessionFactoryImpl.<init>(SessionFactoryImpl.java:324) ~[hibernate-core-6.6.18.Final.jar:6.6.18.Final]
	at org.hibernate.boot.internal.SessionFactoryBuilderImpl.build(SessionFactoryBuilderImpl.java:463) ~[hibernate-core-6.6.18.Final.jar:6.6.18.Final]
	at org.hibernate.jpa.boot.internal.EntityManagerFactoryBuilderImpl.build(EntityManagerFactoryBuilderImpl.java:1517) ~[hibernate-core-6.6.18.Final.jar:6.6.18.Final]
	at org.springframework.orm.jpa.vendor.SpringHibernateJpaPersistenceProvider.createContainerEntityManagerFactory(SpringHibernateJpaPersistenceProvider.java:66) ~[spring-orm-6.2.8.jar:6.2.8]
	at org.springframework.orm.jpa.LocalContainerEntityManagerFactoryBean.createNativeEntityManagerFactory(LocalContainerEntityManagerFactoryBean.java:390) ~[spring-orm-6.2.8.jar:6.2.8]
	at org.springframework.orm.jpa.AbstractEntityManagerFactoryBean.buildNativeEntityManagerFactory(AbstractEntityManagerFactoryBean.java:419) ~[spring-orm-6.2.8.jar:6.2.8]
	at org.springframework.orm.jpa.AbstractEntityManagerFactoryBean.afterPropertiesSet(AbstractEntityManagerFactoryBean.java:400) ~[spring-orm-6.2.8.jar:6.2.8]
	at org.springframework.orm.jpa.LocalContainerEntityManagerFactoryBean.afterPropertiesSet(LocalContainerEntityManagerFactoryBean.java:366) ~[spring-orm-6.2.8.jar:6.2.8]
	at org.springframework.beans.factory.support.AbstractAutowireCapableBeanFactory.invokeInitMethods(AbstractAutowireCapableBeanFactory.java:1873) ~[spring-beans-6.2.8.jar:6.2.8]
	at org.springframework.beans.factory.support.AbstractAutowireCapableBeanFactory.initializeBean(AbstractAutowireCapableBeanFactory.java:1822) ~[spring-beans-6.2.8.jar:6.2.8]
	at org.springframework.beans.factory.support.AbstractAutowireCapableBeanFactory.doCreateBean(AbstractAutowireCapableBeanFactory.java:607) ~[spring-beans-6.2.8.jar:6.2.8]
	at org.springframework.beans.factory.support.AbstractAutowireCapableBeanFactory.createBean(AbstractAutowireCapableBeanFactory.java:529) ~[spring-beans-6.2.8.jar:6.2.8]
	at org.springframework.beans.factory.support.AbstractBeanFactory.lambda$doGetBean$0(AbstractBeanFactory.java:339) ~[spring-beans-6.2.8.jar:6.2.8]
	at org.springframework.beans.factory.support.DefaultSingletonBeanRegistry.getSingleton(DefaultSingletonBeanRegistry.java:373) ~[spring-beans-6.2.8.jar:6.2.8]
	at org.springframework.beans.factory.support.AbstractBeanFactory.doGetBean(AbstractBeanFactory.java:337) ~[spring-beans-6.2.8.jar:6.2.8]
	at org.springframework.beans.factory.support.AbstractBeanFactory.getBean(AbstractBeanFactory.java:207) ~[spring-beans-6.2.8.jar:6.2.8]
	at org.springframework.context.support.AbstractApplicationContext.finishBeanFactoryInitialization(AbstractApplicationContext.java:970) ~[spring-context-6.2.8.jar:6.2.8]
	at org.springframework.context.support.AbstractApplicationContext.refresh(AbstractApplicationContext.java:627) ~[spring-context-6.2.8.jar:6.2.8]
	at org.springframework.boot.SpringApplication.refresh(SpringApplication.java:752) ~[spring-boot-3.5.3.jar:3.5.3]
	at org.springframework.boot.SpringApplication.refreshContext(SpringApplication.java:439) ~[spring-boot-3.5.3.jar:3.5.3]
	at org.springframework.boot.SpringApplication.run(SpringApplication.java:318) ~[spring-boot-3.5.3.jar:3.5.3]
	at org.springframework.boot.test.context.SpringBootContextLoader.lambda$loadContext$3(SpringBootContextLoader.java:144) ~[spring-boot-test-3.5.3.jar:3.5.3]
	at org.springframework.util.function.ThrowingSupplier.get(ThrowingSupplier.java:58) ~[spring-core-6.2.8.jar:6.2.8]
	at org.springframework.util.function.ThrowingSupplier.get(ThrowingSupplier.java:46) ~[spring-core-6.2.8.jar:6.2.8]
	at org.springframework.boot.SpringApplication.withHook(SpringApplication.java:1461) ~[spring-boot-3.5.3.jar:3.5.3]
	at org.springframework.boot.test.context.SpringBootContextLoader$ContextLoaderHook.run(SpringBootContextLoader.java:563) ~[spring-boot-test-3.5.3.jar:3.5.3]
	at org.springframework.boot.test.context.SpringBootContextLoader.loadContext(SpringBootContextLoader.java:144) ~[spring-boot-test-3.5.3.jar:3.5.3]
	at org.springframework.boot.test.context.SpringBootContextLoader.loadContext(SpringBootContextLoader.java:110) ~[spring-boot-test-3.5.3.jar:3.5.3]
	at org.springframework.test.context.cache.DefaultCacheAwareContextLoaderDelegate.loadContextInternal(DefaultCacheAwareContextLoaderDelegate.java:225) ~[spring-test-6.2.8.jar:6.2.8]
	at org.springframework.test.context.cache.DefaultCacheAwareContextLoaderDelegate.loadContext(DefaultCacheAwareContextLoaderDelegate.java:152) ~[spring-test-6.2.8.jar:6.2.8]
	at org.springframework.test.context.support.DefaultTestContext.getApplicationContext(DefaultTestContext.java:130) ~[spring-test-6.2.8.jar:6.2.8]
	at org.springframework.test.context.web.ServletTestExecutionListener.setUpRequestContextIfNecessary(ServletTestExecutionListener.java:200) ~[spring-test-6.2.8.jar:6.2.8]
	at org.springframework.test.context.web.ServletTestExecutionListener.prepareTestInstance(ServletTestExecutionListener.java:139) ~[spring-test-6.2.8.jar:6.2.8]
	at org.springframework.test.context.TestContextManager.prepareTestInstance(TestContextManager.java:260) ~[spring-test-6.2.8.jar:6.2.8]
	at org.springframework.test.context.junit.jupiter.SpringExtension.postProcessTestInstance(SpringExtension.java:159) ~[spring-test-6.2.8.jar:6.2.8]
	at org.junit.jupiter.engine.descriptor.ClassBasedTestDescriptor.lambda$invokeTestInstancePostProcessors$10(ClassBasedTestDescriptor.java:383) ~[junit-jupiter-engine-5.12.2.jar:5.12.2]
	at org.junit.jupiter.engine.descriptor.ClassBasedTestDescriptor.executeAndMaskThrowable(ClassBasedTestDescriptor.java:388) ~[junit-jupiter-engine-5.12.2.jar:5.12.2]
	at org.junit.jupiter.engine.descriptor.ClassBasedTestDescriptor.lambda$invokeTestInstancePostProcessors$11(ClassBasedTestDescriptor.java:382) ~[junit-jupiter-engine-5.12.2.jar:5.12.2]
	at java.base/java.util.stream.ForEachOps$ForEachOp$OfRef.accept(ForEachOps.java:186) ~[na:na]
	at java.base/java.util.stream.ReferencePipeline$3$1.accept(ReferencePipeline.java:215) ~[na:na]
	at java.base/java.util.stream.ReferencePipeline$2$1.accept(ReferencePipeline.java:197) ~[na:na]
	at java.base/java.util.stream.ReferencePipeline$3$1.accept(ReferencePipeline.java:215) ~[na:na]
	at java.base/java.util.ArrayList$ArrayListSpliterator.forEachRemaining(ArrayList.java:1716) ~[na:na]
	at java.base/java.util.stream.AbstractPipeline.copyInto(AbstractPipeline.java:570) ~[na:na]
	at java.base/java.util.stream.AbstractPipeline.wrapAndCopyInto(AbstractPipeline.java:560) ~[na:na]
	at java.base/java.util.stream.ForEachOps$ForEachOp.evaluateSequential(ForEachOps.java:153) ~[na:na]
	at java.base/java.util.stream.ForEachOps$ForEachOp$OfRef.evaluateSequential(ForEachOps.java:176) ~[na:na]
	at java.base/java.util.stream.AbstractPipeline.evaluate(AbstractPipeline.java:265) ~[na:na]
	at java.base/java.util.stream.ReferencePipeline.forEach(ReferencePipeline.java:636) ~[na:na]
	at org.junit.jupiter.engine.descriptor.ClassBasedTestDescriptor.invokeTestInstancePostProcessors(ClassBasedTestDescriptor.java:382) ~[junit-jupiter-engine-5.12.2.jar:5.12.2]
	at org.junit.jupiter.engine.descriptor.ClassBasedTestDescriptor.lambda$instantiateAndPostProcessTestInstance$6(ClassBasedTestDescriptor.java:293) ~[junit-jupiter-engine-5.12.2.jar:5.12.2]
	at org.junit.platform.engine.support.hierarchical.ThrowableCollector.execute(ThrowableCollector.java:73) ~[junit-platform-engine-1.12.2.jar:1.12.2]
	at org.junit.jupiter.engine.descriptor.ClassBasedTestDescriptor.instantiateAndPostProcessTestInstance(ClassBasedTestDescriptor.java:292) ~[junit-jupiter-engine-5.12.2.jar:5.12.2]
	at org.junit.jupiter.engine.descriptor.ClassBasedTestDescriptor.lambda$testInstancesProvider$4(ClassBasedTestDescriptor.java:281) ~[junit-jupiter-engine-5.12.2.jar:5.12.2]
	at java.base/java.util.Optional.orElseGet(Optional.java:364) ~[na:na]
	at org.junit.jupiter.engine.descriptor.ClassBasedTestDescriptor.lambda$testInstancesProvider$5(ClassBasedTestDescriptor.java:280) ~[junit-jupiter-engine-5.12.2.jar:5.12.2]
	at org.junit.jupiter.engine.execution.TestInstancesProvider.getTestInstances(TestInstancesProvider.java:27) ~[junit-jupiter-engine-5.12.2.jar:5.12.2]
	at org.junit.jupiter.engine.descriptor.TestMethodTestDescriptor.lambda$prepare$0(TestMethodTestDescriptor.java:112) ~[junit-jupiter-engine-5.12.2.jar:5.12.2]
	at org.junit.platform.engine.support.hierarchical.ThrowableCollector.execute(ThrowableCollector.java:73) ~[junit-platform-engine-1.12.2.jar:1.12.2]
	at org.junit.jupiter.engine.descriptor.TestMethodTestDescriptor.prepare(TestMethodTestDescriptor.java:111) ~[junit-jupiter-engine-5.12.2.jar:5.12.2]
	at org.junit.jupiter.engine.descriptor.TestMethodTestDescriptor.prepare(TestMethodTestDescriptor.java:69) ~[junit-jupiter-engine-5.12.2.jar:5.12.2]
	at org.junit.platform.engine.support.hierarchical.NodeTestTask.lambda$prepare$2(NodeTestTask.java:128) ~[junit-platform-engine-1.12.2.jar:1.12.2]
	at org.junit.platform.engine.support.hierarchical.ThrowableCollector.execute(ThrowableCollector.java:73) ~[junit-platform-engine-1.12.2.jar:1.12.2]
	at org.junit.platform.engine.support.hierarchical.NodeTestTask.prepare(NodeTestTask.java:128) ~[junit-platform-engine-1.12.2.jar:1.12.2]
	at org.junit.platform.engine.support.hierarchical.NodeTestTask.execute(NodeTestTask.java:95) ~[junit-platform-engine-1.12.2.jar:1.12.2]
	at java.base/java.util.ArrayList.forEach(ArrayList.java:1604) ~[na:na]
	at org.junit.platform.engine.support.hierarchical.SameThreadHierarchicalTestExecutorService.invokeAll(SameThreadHierarchicalTestExecutorService.java:41) ~[junit-platform-engine-1.12.2.jar:1.12.2]
	at org.junit.platform.engine.support.hierarchical.NodeTestTask.lambda$executeRecursively$6(NodeTestTask.java:160) ~[junit-platform-engine-1.12.2.jar:1.12.2]
	at org.junit.platform.engine.support.hierarchical.ThrowableCollector.execute(ThrowableCollector.java:73) ~[junit-platform-engine-1.12.2.jar:1.12.2]
	at org.junit.platform.engine.support.hierarchical.NodeTestTask.lambda$executeRecursively$8(NodeTestTask.java:146) ~[junit-platform-engine-1.12.2.jar:1.12.2]
	at org.junit.platform.engine.support.hierarchical.Node.around(Node.java:137) ~[junit-platform-engine-1.12.2.jar:1.12.2]
	at org.junit.platform.engine.support.hierarchical.NodeTestTask.lambda$executeRecursively$9(NodeTestTask.java:144) ~[junit-platform-engine-1.12.2.jar:1.12.2]
	at org.junit.platform.engine.support.hierarchical.ThrowableCollector.execute(ThrowableCollector.java:73) ~[junit-platform-engine-1.12.2.jar:1.12.2]
	at org.junit.platform.engine.support.hierarchical.NodeTestTask.executeRecursively(NodeTestTask.java:143) ~[junit-platform-engine-1.12.2.jar:1.12.2]
	at org.junit.platform.engine.support.hierarchical.NodeTestTask.execute(NodeTestTask.java:100) ~[junit-platform-engine-1.12.2.jar:1.12.2]
	at java.base/java.util.ArrayList.forEach(ArrayList.java:1604) ~[na:na]
	at org.junit.platform.engine.support.hierarchical.SameThreadHierarchicalTestExecutorService.invokeAll(SameThreadHierarchicalTestExecutorService.java:41) ~[junit-platform-engine-1.12.2.jar:1.12.2]
	at org.junit.platform.engine.support.hierarchical.NodeTestTask.lambda$executeRecursively$6(NodeTestTask.java:160) ~[junit-platform-engine-1.12.2.jar:1.12.2]
	at org.junit.platform.engine.support.hierarchical.ThrowableCollector.execute(ThrowableCollector.java:73) ~[junit-platform-engine-1.12.2.jar:1.12.2]
	at org.junit.platform.engine.support.hierarchical.NodeTestTask.lambda$executeRecursively$8(NodeTestTask.java:146) ~[junit-platform-engine-1.12.2.jar:1.12.2]
	at org.junit.platform.engine.support.hierarchical.Node.around(Node.java:137) ~[junit-platform-engine-1.12.2.jar:1.12.2]
	at org.junit.platform.engine.support.hierarchical.NodeTestTask.lambda$executeRecursively$9(NodeTestTask.java:144) ~[junit-platform-engine-1.12.2.jar:1.12.2]
	at org.junit.platform.engine.support.hierarchical.ThrowableCollector.execute(ThrowableCollector.java:73) ~[junit-platform-engine-1.12.2.jar:1.12.2]
	at org.junit.platform.engine.support.hierarchical.NodeTestTask.executeRecursively(NodeTestTask.java:143) ~[junit-platform-engine-1.12.2.jar:1.12.2]
	at org.junit.platform.engine.support.hierarchical.NodeTestTask.execute(NodeTestTask.java:100) ~[junit-platform-engine-1.12.2.jar:1.12.2]
	at org.junit.platform.engine.support.hierarchical.SameThreadHierarchicalTestExecutorService.submit(SameThreadHierarchicalTestExecutorService.java:35) ~[junit-platform-engine-1.12.2.jar:1.12.2]
	at org.junit.platform.engine.support.hierarchical.HierarchicalTestExecutor.execute(HierarchicalTestExecutor.java:57) ~[junit-platform-engine-1.12.2.jar:1.12.2]
	at org.junit.platform.engine.support.hierarchical.HierarchicalTestEngine.execute(HierarchicalTestEngine.java:54) ~[junit-platform-engine-1.12.2.jar:1.12.2]
	at org.junit.platform.launcher.core.EngineExecutionOrchestrator.execute(EngineExecutionOrchestrator.java:201) ~[junit-platform-launcher-1.12.2.jar:1.12.2]
	at org.junit.platform.launcher.core.EngineExecutionOrchestrator.execute(EngineExecutionOrchestrator.java:170) ~[junit-platform-launcher-1.12.2.jar:1.12.2]
	at org.junit.platform.launcher.core.EngineExecutionOrchestrator.execute(EngineExecutionOrchestrator.java:94) ~[junit-platform-launcher-1.12.2.jar:1.12.2]
	at org.junit.platform.launcher.core.EngineExecutionOrchestrator.lambda$execute$0(EngineExecutionOrchestrator.java:59) ~[junit-platform-launcher-1.12.2.jar:1.12.2]
	at org.junit.platform.launcher.core.EngineExecutionOrchestrator.withInterceptedStreams(EngineExecutionOrchestrator.java:142) ~[junit-platform-launcher-1.12.2.jar:1.12.2]
	at org.junit.platform.launcher.core.EngineExecutionOrchestrator.execute(EngineExecutionOrchestrator.java:58) ~[junit-platform-launcher-1.12.2.jar:1.12.2]
	at org.junit.platform.launcher.core.DefaultLauncher.execute(DefaultLauncher.java:103) ~[junit-platform-launcher-1.12.2.jar:1.12.2]
	at org.junit.platform.launcher.core.DefaultLauncher.execute(DefaultLauncher.java:85) ~[junit-platform-launcher-1.12.2.jar:1.12.2]
	at org.junit.platform.launcher.core.DelegatingLauncher.execute(DelegatingLauncher.java:47) ~[junit-platform-launcher-1.12.2.jar:1.12.2]
	at org.junit.platform.launcher.core.InterceptingLauncher.lambda$execute$1(InterceptingLauncher.java:39) ~[junit-platform-launcher-1.12.2.jar:1.12.2]
	at org.junit.platform.launcher.core.ClasspathAlignmentCheckingLauncherInterceptor.intercept(ClasspathAlignmentCheckingLauncherInterceptor.java:25) ~[junit-platform-launcher-1.12.2.jar:1.12.2]
	at org.junit.platform.launcher.core.InterceptingLauncher.execute(InterceptingLauncher.java:38) ~[junit-platform-launcher-1.12.2.jar:1.12.2]
	at org.junit.platform.launcher.core.DelegatingLauncher.execute(DelegatingLauncher.java:47) ~[junit-platform-launcher-1.12.2.jar:1.12.2]
	at org.apache.maven.surefire.junitplatform.LazyLauncher.execute(LazyLauncher.java:56) ~[surefire-junit-platform-3.5.3.jar:3.5.3]
	at org.apache.maven.surefire.junitplatform.JUnitPlatformProvider.execute(JUnitPlatformProvider.java:194) ~[surefire-junit-platform-3.5.3.jar:3.5.3]
	at org.apache.maven.surefire.junitplatform.JUnitPlatformProvider.invokeAllTests(JUnitPlatformProvider.java:150) ~[surefire-junit-platform-3.5.3.jar:3.5.3]
	at org.apache.maven.surefire.junitplatform.JUnitPlatformProvider.invoke(JUnitPlatformProvider.java:124) ~[surefire-junit-platform-3.5.3.jar:3.5.3]
	at org.apache.maven.surefire.booter.ForkedBooter.runSuitesInProcess(ForkedBooter.java:385) ~[surefire-booter-3.5.3.jar:3.5.3]
	at org.apache.maven.surefire.booter.ForkedBooter.execute(ForkedBooter.java:162) ~[surefire-booter-3.5.3.jar:3.5.3]
	at org.apache.maven.surefire.booter.ForkedBooter.run(ForkedBooter.java:507) ~[surefire-booter-3.5.3.jar:3.5.3]
	at org.apache.maven.surefire.booter.ForkedBooter.main(ForkedBooter.java:495) ~[surefire-booter-3.5.3.jar:3.5.3]

2025-07-17T14:55:10.853+05:30  WARN 32712 --- [pillpath-backend] [           main] o.h.engine.jdbc.spi.SqlExceptionHelper   : SQL Warning Code: 0, SQLState: 00000
2025-07-17T14:55:10.853+05:30  WARN 32712 --- [pillpath-backend] [           main] o.h.engine.jdbc.spi.SqlExceptionHelper   : constraint "uk6dotkott2kjsp8vw4d0m25fb7" of relation "users" does not exist, skipping
2025-07-17T14:55:10.853+05:30 DEBUG 32712 --- [pillpath-backend] [           main] org.hibernate.SQL                        : 
    alter table if exists users 
       add constraint UK6dotkott2kjsp8vw4d0m25fb7 unique (email)
Hibernate: 
    alter table if exists users 
       add constraint UK6dotkott2kjsp8vw4d0m25fb7 unique (email)
2025-07-17T14:55:10.859+05:30 DEBUG 32712 --- [pillpath-backend] [           main] o.h.internal.SessionFactoryRegistry      : Initializing SessionFactoryRegistry : org.hibernate.internal.SessionFactoryRegistry@45017263
2025-07-17T14:55:10.860+05:30 DEBUG 32712 --- [pillpath-backend] [           main] o.h.internal.SessionFactoryRegistry      : Registering SessionFactory: bc94b704-3f76-4918-88c9-d872aa81bddd (<unnamed>)
2025-07-17T14:55:10.860+05:30 DEBUG 32712 --- [pillpath-backend] [           main] o.h.internal.SessionFactoryRegistry      : Not binding SessionFactory to JNDI, no JNDI name configured
2025-07-17T14:55:10.860+05:30 DEBUG 32712 --- [pillpath-backend] [           main] o.hibernate.internal.SessionFactoryImpl  : Instantiated SessionFactory
2025-07-17T14:55:10.860+05:30  INFO 32712 --- [pillpath-backend] [           main] j.LocalContainerEntityManagerFactoryBean : Initialized JPA EntityManagerFactory for persistence unit 'default'
2025-07-17T14:55:11.757+05:30  WARN 32712 --- [pillpath-backend] [           main] JpaBaseConfiguration$JpaWebConfiguration : spring.jpa.open-in-view is enabled by default. Therefore, database queries may be performed during view rendering. Explicitly configure spring.jpa.open-in-view to disable this warning
2025-07-17T14:55:11.882+05:30  INFO 32712 --- [pillpath-backend] [           main] o.s.v.b.OptionalValidatorFactoryBean     : Failed to set up a Bean Validation provider: jakarta.validation.NoProviderFoundException: Unable to create a Configuration, because no Jakarta Bean Validation provider could be found. Add a provider like Hibernate Validator (RI) to your classpath.
2025-07-17T14:55:12.646+05:30  INFO 32712 --- [pillpath-backend] [           main] c.l.p.PillpathBackendApplicationTests    : Started PillpathBackendApplicationTests in 7.486 seconds (process running for 9.142)
]]></system-out>
    <system-err><![CDATA[Mockito is currently self-attaching to enable the inline-mock-maker. This will no longer work in future releases of the JDK. Please add Mockito as an agent to your build as described in Mockito's documentation: https://javadoc.io/doc/org.mockito/mockito-core/latest/org.mockito/org/mockito/Mockito.html#0.3
WARNING: A Java agent has been loaded dynamically (C:\Users\ASUS\.m2\repository\net\bytebuddy\byte-buddy-agent\1.17.6\byte-buddy-agent-1.17.6.jar)
WARNING: If a serviceability tool is in use, please run with -XX:+EnableDynamicAgentLoading to hide this warning
WARNING: If a serviceability tool is not in use, please run with -Djdk.instrument.traceUsage for more information
WARNING: Dynamic loading of agents will be disallowed by default in a future release
]]></system-err>
  </testcase>
</testsuite>